2023-03-10 05:50:52.660 [info] Log level: Info
2023-03-10 05:50:52.660 [info] Validating found git in: "git"
2023-03-10 05:50:52.660 [info] Using git "2.34.1" from "git"
2023-03-10 05:50:52.660 [info] > git rev-parse --show-toplevel [12ms]
2023-03-10 05:50:52.660 [info] > git rev-parse --git-dir --git-common-dir [0ms]
2023-03-10 05:50:52.660 [info] Open repository: /home/ubuntu
2023-03-10 05:50:52.660 [info] > git rev-parse --show-toplevel [5ms]
2023-03-10 05:50:52.660 [info] > git config --get commit.template [6ms]
2023-03-10 05:50:52.660 [info] No remotes found in the git config file.
2023-03-10 05:50:52.660 [info] > git for-each-ref --format=%(refname)%00%(upstream:short)%00%(objectname)%00%(upstream:track)%00%(upstream:remotename)%00%(upstream:remoteref) refs/heads/master refs/remotes/master [12ms]
2023-03-10 05:50:52.660 [info] > git rev-parse --show-toplevel [24ms]
2023-03-10 05:50:52.660 [info] > git rev-parse --show-toplevel [13ms]
2023-03-10 05:50:52.660 [info] > git rev-parse --show-toplevel [4ms]
2023-03-10 05:50:52.660 [info] > git rev-parse --git-dir --git-common-dir [2ms]
2023-03-10 05:50:52.660 [info] Open repository: /home/ubuntu/.nvm
2023-03-10 05:50:52.660 [info] > git rev-parse --show-toplevel [6ms]
2023-03-10 05:50:52.660 [info] > git config --get commit.template [6ms]
2023-03-10 05:50:52.660 [info] > git rev-parse --show-toplevel [7ms]
2023-03-10 05:50:52.660 [info] > git rev-parse --show-toplevel [2ms]
2023-03-10 05:50:52.660 [info] > git for-each-ref --format %(refname) %(objectname) %(*objectname) refs/tags [11ms]
2023-03-10 05:50:52.660 [info] > git rev-parse --git-dir --git-common-dir [7ms]
2023-03-10 05:50:52.660 [info] Open repository: /home/ubuntu/footox-backend
2023-03-10 05:50:52.660 [info] > git config --get commit.template [5ms]
2023-03-10 05:50:52.660 [info] > git rev-parse --show-toplevel [11ms]
2023-03-10 05:50:52.660 [info] > git rev-parse --git-dir --git-common-dir [2ms]
2023-03-10 05:50:52.660 [info] Open repository: /home/ubuntu/footox_admin
2023-03-10 05:50:52.660 [info] > git for-each-ref --format=%(refname)%00%(upstream:short)%00%(objectname)%00%(upstream:track)%00%(upstream:remotename)%00%(upstream:remoteref) refs/heads/master refs/remotes/master [25ms]
2023-03-10 05:50:52.660 [info] > git status -z -uall [49ms]
2023-03-10 05:50:52.660 [info] > git config --get commit.template [5ms]
2023-03-10 05:50:52.660 [info] > git rev-parse --show-toplevel [19ms]
2023-03-10 05:50:52.660 [info] > git status -z -uall [18ms]
2023-03-10 05:50:52.660 [info] > git rev-parse --git-dir --git-common-dir [9ms]
2023-03-10 05:50:52.660 [info] Open repository: /home/ubuntu/footox_front
2023-03-10 05:50:52.660 [info] > git config --get commit.template [23ms]
2023-03-10 05:50:52.660 [info] > git config --get commit.template [28ms]
2023-03-10 05:50:52.660 [info] > git for-each-ref --format=%(refname)%00%(upstream:short)%00%(objectname)%00%(upstream:track)%00%(upstream:remotename)%00%(upstream:remoteref) refs/heads/development refs/remotes/development [45ms]
2023-03-10 05:50:52.660 [info] > git config --get commit.template [93ms]
2023-03-10 05:50:52.660 [info] > git for-each-ref --format %(refname) %(objectname) %(*objectname) refs/tags [97ms]
2023-03-10 05:50:52.660 [info] > git status -z -uall [22ms]
2023-03-10 05:50:52.660 [info] > git for-each-ref --format=%(refname)%00%(upstream:short)%00%(objectname)%00%(upstream:track)%00%(upstream:remotename)%00%(upstream:remoteref) refs/heads/master refs/remotes/master [16ms]
2023-03-10 05:50:52.660 [info] > git for-each-ref --format=%(refname)%00%(upstream:short)%00%(objectname)%00%(upstream:track)%00%(upstream:remotename)%00%(upstream:remoteref) refs/heads/master refs/remotes/master [16ms]
2023-03-10 05:50:52.660 [info] > git status -z -uall [155ms]
2023-03-10 05:50:52.660 [info] > git status -z -uall [16ms]
2023-03-10 05:50:52.660 [info] > git config --get commit.template [14ms]
2023-03-10 05:50:52.660 [info] > git status -z -uall [80ms]
2023-03-10 05:50:52.660 [info] > git for-each-ref --format=%(refname)%00%(upstream:short)%00%(objectname)%00%(upstream:track)%00%(upstream:remotename)%00%(upstream:remoteref) refs/heads/development refs/remotes/development [24ms]
2023-03-10 05:50:52.660 [info] > git status -z -uall [164ms]
2023-03-10 05:50:52.660 [info] > git status -z -uall [925ms] (cancelled)
2023-03-10 05:50:52.660 [info] > git check-ignore -v -z --stdin [21ms]
2023-03-10 05:50:52.660 [info] > git check-ignore -v -z --stdin [17ms]
2023-03-10 05:50:52.660 [info] > git check-ignore -v -z --stdin [12ms]
2023-03-10 05:50:52.660 [info] > git check-ignore -v -z --stdin [5ms]
2023-03-10 05:50:52.660 [info] > git check-ignore -v -z --stdin [10ms]
2023-03-10 05:51:05.937 [info] > git config --get commit.template [11ms]
2023-03-10 05:51:05.977 [info] No remotes found in the git config file.
2023-03-10 05:51:05.978 [info] > git for-each-ref --format=%(refname)%00%(upstream:short)%00%(objectname)%00%(upstream:track)%00%(upstream:remotename)%00%(upstream:remoteref) refs/heads/master refs/remotes/master [2ms]
2023-03-10 05:51:06.246 [info] > git status -z -uall [262ms] (cancelled)
2023-03-10 05:51:13.747 [info] > git check-ignore -v -z --stdin [1ms]
2023-03-10 05:51:17.052 [info] > git check-ignore -v -z --stdin [2ms]
2023-03-10 05:51:45.104 [info] > git config --get commit.template [6ms]
2023-03-10 05:51:45.107 [info] > git for-each-ref --format=%(refname)%00%(upstream:short)%00%(objectname)%00%(upstream:track)%00%(upstream:remotename)%00%(upstream:remoteref) refs/heads/master refs/remotes/master [4ms]
2023-03-10 05:51:45.125 [info] > git status -z -uall [7ms]
2023-03-10 05:52:11.886 [info] > git config --get commit.template [2ms]
2023-03-10 05:52:11.893 [info] > git for-each-ref --format=%(refname)%00%(upstream:short)%00%(objectname)%00%(upstream:track)%00%(upstream:remotename)%00%(upstream:remoteref) refs/heads/master refs/remotes/master [2ms]
2023-03-10 05:52:11.903 [info] > git status -z -uall [5ms]
2023-03-10 05:53:56.846 [info] > git config --get commit.template [1ms]
2023-03-10 05:53:56.852 [info] > git for-each-ref --format=%(refname)%00%(upstream:short)%00%(objectname)%00%(upstream:track)%00%(upstream:remotename)%00%(upstream:remoteref) refs/heads/master refs/remotes/master [1ms]
2023-03-10 05:53:56.865 [info] > git status -z -uall [7ms]
2023-03-10 05:54:01.880 [info] > git config --get commit.template [6ms]
2023-03-10 05:54:01.881 [info] > git for-each-ref --format=%(refname)%00%(upstream:short)%00%(objectname)%00%(upstream:track)%00%(upstream:remotename)%00%(upstream:remoteref) refs/heads/master refs/remotes/master [2ms]
2023-03-10 05:54:01.890 [info] > git status -z -uall [5ms]
2023-03-10 05:54:31.903 [info] > git config --get commit.template [6ms]
2023-03-10 05:54:31.904 [info] > git for-each-ref --format %(refname) %(objectname) %(*objectname) refs/tags [1ms]
2023-03-10 05:54:31.913 [info] > git status -z -uall [4ms]
2023-03-10 05:58:37.604 [info] > git show --textconv :package.json [9ms]
2023-03-10 05:58:37.606 [info] > git ls-files --stage -- /home/ubuntu/footox_front/package.json [4ms]
2023-03-10 05:58:37.612 [info] > git cat-file -s 64572ccd1f611576c2328427f30215e41778a2f9 [1ms]
2023-03-10 05:59:02.627 [info] > git config --get commit.template [1ms]
2023-03-10 05:59:02.634 [info] > git for-each-ref --format=%(refname)%00%(upstream:short)%00%(objectname)%00%(upstream:track)%00%(upstream:remotename)%00%(upstream:remoteref) refs/heads/master refs/remotes/master [2ms]
2023-03-10 05:59:02.645 [info] > git status -z -uall [5ms]
2023-03-10 06:00:50.615 [info] > git config --get commit.template [6ms]
2023-03-10 06:00:50.617 [info] > git for-each-ref --format %(refname) %(objectname) %(*objectname) refs/tags [2ms]
2023-03-10 06:00:50.626 [info] > git status -z -uall [5ms]
2023-03-10 06:00:55.638 [info] > git config --get commit.template [2ms]
2023-03-10 06:00:55.644 [info] > git for-each-ref --format %(refname) %(objectname) %(*objectname) refs/tags [1ms]
2023-03-10 06:00:55.653 [info] > git status -z -uall [4ms]
2023-03-10 06:01:00.677 [info] > git check-ignore -v -z --stdin [1ms]
2023-03-10 06:01:11.997 [info] > git config --get commit.template [2ms]
2023-03-10 06:01:12.004 [info] > git for-each-ref --format=%(refname)%00%(upstream:short)%00%(objectname)%00%(upstream:track)%00%(upstream:remotename)%00%(upstream:remoteref) refs/heads/master refs/remotes/master [1ms]
2023-03-10 06:01:12.014 [info] > git status -z -uall [4ms]
2023-03-10 06:01:12.421 [info] > git ls-files --stage -- /home/ubuntu/footox_front/package.json [1ms]
2023-03-10 06:01:12.428 [info] > git cat-file -s 64572ccd1f611576c2328427f30215e41778a2f9 [2ms]
2023-03-10 06:01:12.718 [info] > git show --textconv :package.json [2ms]
2023-03-10 06:17:56.321 [info] > git config --get commit.template [1ms]
2023-03-10 06:17:56.328 [info] > git for-each-ref --format=%(refname)%00%(upstream:short)%00%(objectname)%00%(upstream:track)%00%(upstream:remotename)%00%(upstream:remoteref) refs/heads/master refs/remotes/master [2ms]
2023-03-10 06:17:56.337 [info] > git status -z -uall [3ms]
2023-03-10 06:18:49.043 [info] > git show --textconv :.env [6ms]
2023-03-10 06:18:49.045 [info] > git ls-files --stage -- /home/ubuntu/footox_front/.env [3ms]
2023-03-10 06:18:49.052 [info] > git cat-file -s e57cead7b88e3761dc9292c42a7cc2b905072902 [1ms]
2023-03-10 06:19:24.963 [info] > git check-ignore -v -z --stdin [1ms]
2023-03-10 06:19:26.463 [info] > git show --textconv :.env [6ms]
2023-03-10 06:19:26.464 [info] > git ls-files --stage -- /home/ubuntu/footox_admin/.env [1ms]
2023-03-10 06:19:26.470 [info] > git cat-file -s e10ecce43acccb22685d2ad03a37152e410a70f6 [1ms]
2023-03-10 06:19:36.348 [info] > git check-ignore -v -z --stdin [1ms]
2023-03-10 06:19:37.191 [info] > git check-ignore -v -z --stdin [1ms]
2023-03-10 06:19:39.408 [info] > git show --textconv :.env [6ms]
2023-03-10 06:19:39.409 [info] > git ls-files --stage -- /home/ubuntu/footox-backend/.env [1ms]
2023-03-10 06:19:39.415 [info] > git cat-file -s 1e49387ab65cc6bee3d3aae62e7b1ef4909362e2 [1ms]
2023-03-10 06:21:30.622 [info] > git config --get commit.template [7ms]
2023-03-10 06:21:30.626 [info] > git for-each-ref --format=%(refname)%00%(upstream:short)%00%(objectname)%00%(upstream:track)%00%(upstream:remotename)%00%(upstream:remoteref) refs/heads/master refs/remotes/master [5ms]
2023-03-10 06:21:30.690 [info] > git status -z -uall [51ms]
2023-03-10 06:21:55.074 [info] > git config --get commit.template [7ms]
2023-03-10 06:21:55.077 [info] > git for-each-ref --format=%(refname)%00%(upstream:short)%00%(objectname)%00%(upstream:track)%00%(upstream:remotename)%00%(upstream:remoteref) refs/heads/master refs/remotes/master [4ms]
2023-03-10 06:21:55.087 [info] > git status -z -uall [5ms]
2023-03-10 06:21:59.744 [info] > git config --get commit.template [6ms]
2023-03-10 06:21:59.746 [info] > git for-each-ref --format=%(refname)%00%(upstream:short)%00%(objectname)%00%(upstream:track)%00%(upstream:remotename)%00%(upstream:remoteref) refs/heads/development refs/remotes/development [3ms]
2023-03-10 06:21:59.792 [info] > git status -z -uall [41ms]
2023-03-10 06:23:26.519 [info] > git config --get commit.template [6ms]
2023-03-10 06:23:26.519 [info] > git for-each-ref --format=%(refname)%00%(upstream:short)%00%(objectname)%00%(upstream:track)%00%(upstream:remotename)%00%(upstream:remoteref) refs/heads/development refs/remotes/development [1ms]
2023-03-10 06:23:26.564 [info] > git status -z -uall [40ms]
2023-03-10 06:24:47.577 [info] > git config --get commit.template [6ms]
2023-03-10 06:24:47.577 [info] > git for-each-ref --format=%(refname)%00%(upstream:short)%00%(objectname)%00%(upstream:track)%00%(upstream:remotename)%00%(upstream:remoteref) refs/heads/development refs/remotes/development [1ms]
2023-03-10 06:24:47.584 [info] > git status -z -uall [2ms]
2023-03-10 06:24:47.998 [info] > git ls-files --stage -- /home/ubuntu/footox_admin/.env [1ms]
2023-03-10 06:24:48.004 [info] > git cat-file -s e10ecce43acccb22685d2ad03a37152e410a70f6 [1ms]
2023-03-10 06:24:48.292 [info] > git show --textconv :.env [1ms]
2023-03-10 06:25:49.233 [info] > git show --textconv :index.js [17ms]
2023-03-10 06:25:49.234 [info] > git ls-files --stage -- /home/ubuntu/footox-backend/index.js [2ms]
2023-03-10 06:25:49.247 [info] > git cat-file -s 093fc41b210396ca7110aaa642f9906f42f9cf7c [2ms]
2023-03-10 06:25:57.517 [info] > git check-ignore -v -z --stdin [1ms]
2023-03-10 06:27:06.884 [info] > git show --textconv :.env.sample [7ms]
2023-03-10 06:27:06.885 [info] > git ls-files --stage -- /home/ubuntu/footox_admin/.env.sample [2ms]
2023-03-10 06:27:06.891 [info] > git cat-file -s 9e57984e2a4d3ae28c05354edaf8a69943bb5960 [1ms]
2023-03-10 06:27:10.513 [info] > git show --textconv :.gitignore [6ms]
2023-03-10 06:27:10.514 [info] > git ls-files --stage -- /home/ubuntu/footox_admin/.gitignore [2ms]
2023-03-10 06:27:10.520 [info] > git cat-file -s f7a1d165080bc5831abe3d9fbdd1085aefe65251 [1ms]
2023-03-10 06:27:29.656 [info] > git config --get commit.template [16ms]
2023-03-10 06:27:29.658 [info] > git for-each-ref --format=%(refname)%00%(upstream:short)%00%(objectname)%00%(upstream:track)%00%(upstream:remotename)%00%(upstream:remoteref) refs/heads/development refs/remotes/development [3ms]
2023-03-10 06:27:29.669 [info] > git status -z -uall [3ms]
2023-03-10 06:27:33.222 [info] > git check-ignore -v -z --stdin [10ms]
2023-03-10 06:27:34.048 [info] > git check-ignore -v -z --stdin [1ms]
2023-03-10 06:27:41.372 [info] > git show --textconv :build/robots.txt [6ms]
2023-03-10 06:27:41.375 [info] > git ls-files --stage -- /home/ubuntu/footox_admin/build/robots.txt [3ms]
2023-03-10 06:27:43.391 [info] > git show --textconv :build/manifest.json [13ms]
2023-03-10 06:27:43.394 [info] > git ls-files --stage -- /home/ubuntu/footox_admin/build/manifest.json [4ms]
2023-03-10 06:28:00.091 [info] > git config --get commit.template [6ms]
2023-03-10 06:28:00.091 [info] > git for-each-ref --format=%(refname)%00%(upstream:short)%00%(objectname)%00%(upstream:track)%00%(upstream:remotename)%00%(upstream:remoteref) refs/heads/development refs/remotes/development [1ms]
2023-03-10 06:28:00.098 [info] > git status -z -uall [2ms]
2023-03-10 06:32:20.476 [info] > git config --get commit.template [6ms]
2023-03-10 06:32:20.477 [info] > git for-each-ref --format=%(refname)%00%(upstream:short)%00%(objectname)%00%(upstream:track)%00%(upstream:remotename)%00%(upstream:remoteref) refs/heads/master refs/remotes/master [2ms]
2023-03-10 06:32:20.487 [info] > git status -z -uall [4ms]
2023-03-10 06:32:22.801 [info] > git check-ignore -v -z --stdin [1ms]
2023-03-10 06:32:26.996 [info] > git check-ignore -v -z --stdin [1ms]
2023-03-10 06:32:31.439 [info] > git show --textconv :build/index.html [6ms]
2023-03-10 06:32:31.442 [info] > git ls-files --stage -- /home/ubuntu/footox_admin/build/index.html [3ms]
2023-03-10 06:34:27.023 [info] > git show --textconv :.gitignore [8ms]
2023-03-10 06:34:27.025 [info] > git ls-files --stage -- /home/ubuntu/footox_admin/.gitignore [2ms]
2023-03-10 06:34:27.031 [info] > git cat-file -s f7a1d165080bc5831abe3d9fbdd1085aefe65251 [1ms]
2023-03-10 06:34:29.100 [info] > git config --get commit.template [1ms]
2023-03-10 06:34:29.107 [info] > git for-each-ref --format=%(refname)%00%(upstream:short)%00%(objectname)%00%(upstream:track)%00%(upstream:remotename)%00%(upstream:remoteref) refs/heads/development refs/remotes/development [1ms]
2023-03-10 06:34:29.114 [info] > git status -z -uall [2ms]
2023-03-10 06:35:33.865 [info] > git check-ignore -v -z --stdin [1ms]
2023-03-10 06:35:36.228 [info] > git check-ignore -v -z --stdin [1ms]
2023-03-10 06:35:38.146 [info] > git check-ignore -v -z --stdin [1ms]
2023-03-10 06:35:39.662 [info] > git show --textconv :src/Admin/products/addProduct.jsx [8ms]
2023-03-10 06:35:39.666 [info] > git ls-files --stage -- /home/ubuntu/footox_admin/src/Admin/products/addProduct.jsx [5ms]
2023-03-10 06:35:39.675 [info] > git cat-file -s 77e2e16b3b123d85a46bc8387728e66dba1ecd7c [2ms]
2023-03-10 06:35:49.048 [info] > git show --textconv :src/Admin/products/ViewSku.jsx [7ms]
2023-03-10 06:35:49.051 [info] > git ls-files --stage -- /home/ubuntu/footox_admin/src/Admin/products/ViewSku.jsx [4ms]
2023-03-10 06:35:49.058 [info] > git cat-file -s 25c73a3cfe87f2b2b9409d0c5260c67251f866d9 [3ms]
2023-03-10 06:36:03.062 [info] > git config --get commit.template [10ms]
2023-03-10 06:36:03.066 [info] > git for-each-ref --format=%(refname)%00%(upstream:short)%00%(objectname)%00%(upstream:track)%00%(upstream:remotename)%00%(upstream:remoteref) refs/heads/development refs/remotes/development [5ms]
2023-03-10 06:36:03.074 [info] > git status -z -uall [3ms]
2023-03-10 06:36:33.048 [info] > git config --get commit.template [6ms]
2023-03-10 06:36:33.048 [info] > git for-each-ref --format=%(refname)%00%(upstream:short)%00%(objectname)%00%(upstream:track)%00%(upstream:remotename)%00%(upstream:remoteref) refs/heads/development refs/remotes/development [1ms]
2023-03-10 06:36:33.055 [info] > git status -z -uall [2ms]
2023-03-10 06:36:57.363 [info] > git show --textconv :package.json [11ms]
2023-03-10 06:36:57.370 [info] > git ls-files --stage -- /home/ubuntu/footox_admin/package.json [8ms]
2023-03-10 06:36:57.382 [info] > git cat-file -s c49eca5f0db0acacef5021a0e0aa25ec5fa0ef22 [3ms]
2023-03-10 06:37:39.461 [info] > git config --get commit.template [13ms]
2023-03-10 06:37:39.463 [info] > git for-each-ref --format=%(refname)%00%(upstream:short)%00%(objectname)%00%(upstream:track)%00%(upstream:remotename)%00%(upstream:remoteref) refs/heads/master refs/remotes/master [3ms]
2023-03-10 06:37:39.474 [info] > git status -z -uall [6ms]
2023-03-10 06:38:01.903 [info] > git config --get commit.template [6ms]
2023-03-10 06:38:01.904 [info] > git for-each-ref --format=%(refname)%00%(upstream:short)%00%(objectname)%00%(upstream:track)%00%(upstream:remotename)%00%(upstream:remoteref) refs/heads/master refs/remotes/master [1ms]
2023-03-10 06:38:01.915 [info] > git status -z -uall [5ms]
2023-03-10 06:47:27.842 [info] > git show --textconv :.editorconfig [6ms]
2023-03-10 06:47:27.844 [info] > git ls-files --stage -- /home/ubuntu/footox_front/.editorconfig [2ms]
2023-03-10 06:47:27.852 [info] > git cat-file -s 2f1221b78bbce6fe52d69a8c9107c88affa7bc1b [2ms]
2023-03-10 06:47:31.192 [info] > git show --textconv :.gitignore [6ms]
2023-03-10 06:47:31.193 [info] > git ls-files --stage -- /home/ubuntu/footox_front/.gitignore [2ms]
2023-03-10 06:47:31.199 [info] > git cat-file -s 474bdcef0c4d3738fbbcfdfebf73994316ca2e88 [1ms]
2023-03-10 06:47:39.802 [info] > git show --textconv :package.json [6ms]
2023-03-10 06:47:39.803 [info] > git ls-files --stage -- /home/ubuntu/footox_front/package.json [1ms]
2023-03-10 06:47:39.811 [info] > git cat-file -s 64572ccd1f611576c2328427f30215e41778a2f9 [3ms]
2023-03-10 06:55:15.675 [info] > git check-ignore -v -z --stdin [2ms]
2023-03-10 06:55:19.031 [info] > git check-ignore -v -z --stdin [1ms]
2023-03-10 06:55:21.105 [info] > git show --textconv :src/pages/HomePage.jsx [6ms]
2023-03-10 06:55:21.106 [info] > git ls-files --stage -- /home/ubuntu/footox_front/src/pages/HomePage.jsx [2ms]
2023-03-10 06:55:21.113 [info] > git cat-file -s fc59e0167d38a723fcad4ed0f8a13de7d6696cb0 [2ms]
2023-03-10 07:00:11.952 [info] > git check-ignore -v -z --stdin [1ms]
2023-03-10 07:01:35.546 [info] > git check-ignore -v -z --stdin [2ms]
2023-03-10 07:01:37.866 [info] > git check-ignore -v -z --stdin [1ms]
2023-03-10 07:01:38.310 [info] > git show --textconv :.pm2/logs/index-out.log [8ms]
2023-03-10 07:01:38.312 [info] > git ls-files --stage -- /home/ubuntu/.pm2/logs/index-out.log [2ms]
2023-03-10 07:01:40.768 [info] > git check-ignore -v -z --stdin [1ms]
2023-03-10 07:02:42.804 [info] > git check-ignore -v -z --stdin [1ms]
2023-03-10 07:02:52.384 [info] > git check-ignore -v -z --stdin [1ms]
2023-03-10 07:03:15.108 [info] > git check-ignore -v -z --stdin [1ms]
2023-03-10 07:03:15.558 [info] > git show --textconv :.vscode-server/data/User/History/-20e98863/entries.json [6ms]
2023-03-10 07:03:15.560 [info] > git ls-files --stage -- /home/ubuntu/.vscode-server/data/User/History/-20e98863/entries.json [3ms]
2023-03-10 07:03:28.552 [info] > git check-ignore -v -z --stdin [1ms]
2023-03-10 07:03:29.194 [info] > git show --textconv :.vscode-server/data/User/History/7b4f7825/entries.json [7ms]
2023-03-10 07:03:29.195 [info] > git ls-files --stage -- /home/ubuntu/.vscode-server/data/User/History/7b4f7825/entries.json [1ms]
2023-03-10 07:03:40.503 [info] > git show --textconv :.vscode-server/data/User/History/-20e98863/entries.json [6ms]
2023-03-10 07:03:40.506 [info] > git ls-files --stage -- /home/ubuntu/.vscode-server/data/User/History/-20e98863/entries.json [3ms]
2023-03-10 07:04:57.662 [info] > git check-ignore -v -z --stdin [1ms]
2023-03-10 07:05:19.144 [info] > git check-ignore -v -z --stdin [1ms]
2023-03-10 07:05:22.811 [info] > git show --textconv :.vscode-server/.5e805b79fcb6ba4c2d23712967df89a089da575b.log [6ms]
2023-03-10 07:05:22.812 [info] > git ls-files --stage -- /home/ubuntu/.vscode-server/.5e805b79fcb6ba4c2d23712967df89a089da575b.log [2ms]
2023-03-10 07:05:27.464 [info] > git check-ignore -v -z --stdin [1ms]
2023-03-10 07:05:28.343 [info] > git check-ignore -v -z --stdin [1ms]
2023-03-10 07:05:47.212 [info] > git check-ignore -v -z --stdin [1ms]
2023-03-10 07:05:50.004 [info] > git check-ignore -v -z --stdin [1ms]
2023-03-10 07:05:52.513 [info] > git check-ignore -v -z --stdin [1ms]
2023-03-10 07:32:25.149 [info] > git check-ignore -v -z --stdin [6ms]
2023-03-10 07:32:25.150 [info] > git check-ignore -v -z --stdin [2ms]
2023-03-10 07:32:26.592 [info] > git check-ignore -v -z --stdin [213ms]
2023-03-10 07:32:27.813 [info] > git check-ignore -v -z --stdin [2ms]
2023-03-10 07:32:28.795 [info] > git check-ignore -v -z --stdin [2ms]
2023-03-10 07:32:31.009 [info] > git check-ignore -v -z --stdin [2ms]
2023-03-10 07:32:31.517 [info] > git check-ignore -v -z --stdin [1ms]
2023-03-10 07:32:31.725 [info] > git show --textconv :.travis.yml [7ms]
2023-03-10 07:32:31.726 [info] > git ls-files --stage -- /home/ubuntu/.nvm/.travis.yml [2ms]
2023-03-10 07:32:31.733 [info] > git cat-file -s 92de3447646907a5c84182667e89ee13a26833e9 [1ms]
2023-03-10 07:32:38.177 [info] > git check-ignore -v -z --stdin [1ms]
2023-03-10 07:32:43.956 [info] > git check-ignore -v -z --stdin [1ms]
2023-03-10 07:34:12.377 [info] > git for-each-ref --sort -committerdate --format %(refname) %(objectname) %(*objectname) [4ms]
