2023-03-09 09:38:31.352 [info] Extension host with pid 69870 started
2023-03-09 09:38:31.377 [info] Lock '/home/ubuntu/.vscode-server/data/User/workspaceStorage/681d555667375890690223c293ce9803/vscode.lock': Lock acquired.
2023-03-09 09:38:31.976 [info] ExtensionService#_doActivateExtension vscode.emmet, startup: false, activationEvent: 'onLanguage'
2023-03-09 09:38:31.978 [info] ExtensionService#_doActivateExtension vscode.typescript-language-features, startup: false, activationEvent: 'onLanguage:javascriptreact'
2023-03-09 09:38:31.979 [info] ExtensionService#_doActivateExtension vscode.git-base, startup: true, activationEvent: '*', root cause: vscode.git
2023-03-09 09:38:32.604 [info] ExtensionService#_doActivateExtension vscode.git, startup: true, activationEvent: '*'
2023-03-09 09:38:32.604 [info] ExtensionService#_doActivateExtension vscode.github, startup: true, activationEvent: '*'
2023-03-09 09:38:33.884 [info] Eager extensions activated
2023-03-09 09:38:33.884 [info] ExtensionService#_doActivateExtension vscode.debug-auto-launch, startup: false, activationEvent: 'onStartupFinished'
2023-03-09 09:38:33.885 [info] ExtensionService#_doActivateExtension vscode.merge-conflict, startup: false, activationEvent: 'onStartupFinished'
2023-03-09 09:38:35.914 [warning] [Decorations] CAPPING events from decorations provider vscode.git 9504
2023-03-09 09:38:41.342 [warning] [Decorations] CAPPING events from decorations provider vscode.git 9507
2023-03-09 09:38:46.643 [warning] [Decorations] CAPPING events from decorations provider vscode.git 9507
2023-03-09 09:38:51.948 [warning] [Decorations] CAPPING events from decorations provider vscode.git 9506
2023-03-09 09:38:57.237 [warning] [Decorations] CAPPING events from decorations provider vscode.git 9506
2023-03-09 09:39:02.545 [warning] [Decorations] CAPPING events from decorations provider vscode.git 9506
2023-03-09 09:39:07.834 [warning] [Decorations] CAPPING events from decorations provider vscode.git 9506
2023-03-09 09:39:13.166 [warning] [Decorations] CAPPING events from decorations provider vscode.git 9507
2023-03-09 09:39:20.349 [warning] [Decorations] CAPPING events from decorations provider vscode.git 9506
2023-03-09 09:39:25.643 [warning] [Decorations] CAPPING events from decorations provider vscode.git 9506
2023-03-09 09:39:30.936 [warning] [Decorations] CAPPING events from decorations provider vscode.git 9506
2023-03-09 09:39:36.265 [warning] [Decorations] CAPPING events from decorations provider vscode.git 9507
2023-03-09 09:40:12.600 [warning] [Decorations] CAPPING events from decorations provider vscode.git 9506
2023-03-09 09:41:26.357 [warning] [Decorations] CAPPING events from decorations provider vscode.git 9506
2023-03-09 09:41:31.649 [warning] [Decorations] CAPPING events from decorations provider vscode.git 9506
2023-03-09 09:41:34.759 [warning] [Decorations] CAPPING events from decorations provider vscode.git 9506
2023-03-09 09:41:36.076 [info] ExtensionService#_doActivateExtension vscode.npm, startup: false, activationEvent: 'onLanguage:properties'
2023-03-09 09:41:36.948 [warning] [Decorations] CAPPING events from decorations provider vscode.git 9506
2023-03-09 09:41:42.237 [warning] [Decorations] CAPPING events from decorations provider vscode.git 9506
2023-03-09 09:42:07.668 [warning] [Decorations] CAPPING events from decorations provider vscode.git 9506
2023-03-09 09:42:12.987 [warning] [Decorations] CAPPING events from decorations provider vscode.git 9506
2023-03-09 09:42:18.275 [warning] [Decorations] CAPPING events from decorations provider vscode.git 9506
2023-03-09 09:42:23.584 [warning] [Decorations] CAPPING events from decorations provider vscode.git 9506
2023-03-09 09:42:28.877 [warning] [Decorations] CAPPING events from decorations provider vscode.git 9506
2023-03-09 09:42:34.170 [warning] [Decorations] CAPPING events from decorations provider vscode.git 9506
2023-03-09 09:42:39.463 [warning] [Decorations] CAPPING events from decorations provider vscode.git 9506
2023-03-09 09:42:44.767 [warning] [Decorations] CAPPING events from decorations provider vscode.git 9506
2023-03-09 09:42:50.060 [warning] [Decorations] CAPPING events from decorations provider vscode.git 9506
2023-03-09 09:42:55.356 [warning] [Decorations] CAPPING events from decorations provider vscode.git 9506
2023-03-09 09:43:00.648 [warning] [Decorations] CAPPING events from decorations provider vscode.git 9506
2023-03-09 09:43:05.948 [warning] [Decorations] CAPPING events from decorations provider vscode.git 9506
2023-03-09 09:43:11.238 [warning] [Decorations] CAPPING events from decorations provider vscode.git 9506
2023-03-09 09:43:16.717 [warning] [Decorations] CAPPING events from decorations provider vscode.git 9507
2023-03-09 09:43:22.091 [warning] [Decorations] CAPPING events from decorations provider vscode.git 9507
2023-03-09 09:43:27.400 [warning] [Decorations] CAPPING events from decorations provider vscode.git 9507
2023-03-09 09:43:32.690 [warning] [Decorations] CAPPING events from decorations provider vscode.git 9507
2023-03-09 09:43:37.991 [warning] [Decorations] CAPPING events from decorations provider vscode.git 9507
2023-03-09 09:43:43.295 [warning] [Decorations] CAPPING events from decorations provider vscode.git 9508
2023-03-09 09:43:48.595 [warning] [Decorations] CAPPING events from decorations provider vscode.git 9508
2023-03-09 09:43:53.893 [warning] [Decorations] CAPPING events from decorations provider vscode.git 9508
2023-03-09 09:43:59.186 [warning] [Decorations] CAPPING events from decorations provider vscode.git 9508
2023-03-09 09:44:04.485 [warning] [Decorations] CAPPING events from decorations provider vscode.git 9508
2023-03-09 09:44:09.776 [warning] [Decorations] CAPPING events from decorations provider vscode.git 9508
2023-03-09 09:44:15.067 [warning] [Decorations] CAPPING events from decorations provider vscode.git 9508
2023-03-09 09:44:20.374 [warning] [Decorations] CAPPING events from decorations provider vscode.git 9508
2023-03-09 09:44:25.901 [warning] [Decorations] CAPPING events from decorations provider vscode.git 9509
2023-03-09 09:44:31.230 [warning] [Decorations] CAPPING events from decorations provider vscode.git 9509
2023-03-09 09:44:35.128 [warning] [Decorations] CAPPING events from decorations provider vscode.git 9509
2023-03-09 09:44:36.829 [warning] [Decorations] CAPPING events from decorations provider vscode.git 9509
2023-03-09 09:44:42.131 [warning] [Decorations] CAPPING events from decorations provider vscode.git 9509
2023-03-09 09:44:47.425 [warning] [Decorations] CAPPING events from decorations provider vscode.git 9509
2023-03-09 09:44:52.722 [warning] [Decorations] CAPPING events from decorations provider vscode.git 9509
2023-03-09 09:44:58.010 [warning] [Decorations] CAPPING events from decorations provider vscode.git 9509
2023-03-09 09:45:03.305 [warning] [Decorations] CAPPING events from decorations provider vscode.git 9509
2023-03-09 09:45:08.751 [warning] [Decorations] CAPPING events from decorations provider vscode.git 9510
2023-03-09 09:47:50.793 [warning] [Decorations] CAPPING events from decorations provider vscode.git 9510
2023-03-09 09:47:55.720 [warning] [Decorations] CAPPING events from decorations provider vscode.git 9510
2023-03-09 09:48:01.941 [warning] [Decorations] CAPPING events from decorations provider vscode.git 9510
2023-03-09 09:48:34.980 [warning] [Decorations] CAPPING events from decorations provider vscode.git 9521
2023-03-09 09:48:40.270 [warning] [Decorations] CAPPING events from decorations provider vscode.git 9520
2023-03-09 09:48:45.578 [warning] [Decorations] CAPPING events from decorations provider vscode.git 9520
2023-03-09 09:48:51.304 [warning] [Decorations] CAPPING events from decorations provider vscode.git 9522
2023-03-09 09:48:56.613 [warning] [Decorations] CAPPING events from decorations provider vscode.git 9532
2023-03-09 09:49:01.939 [warning] [Decorations] CAPPING events from decorations provider vscode.git 9531
2023-03-09 09:49:07.231 [warning] [Decorations] CAPPING events from decorations provider vscode.git 9531
2023-03-09 09:49:12.602 [warning] [Decorations] CAPPING events from decorations provider vscode.git 9531
2023-03-09 09:49:18.188 [warning] [Decorations] CAPPING events from decorations provider vscode.git 9544
2023-03-09 09:49:24.011 [warning] [Decorations] CAPPING events from decorations provider vscode.git 9544
2023-03-09 09:49:29.307 [warning] [Decorations] CAPPING events from decorations provider vscode.git 9544
2023-03-09 09:49:34.597 [warning] [Decorations] CAPPING events from decorations provider vscode.git 9544
2023-03-09 09:49:39.903 [warning] [Decorations] CAPPING events from decorations provider vscode.git 9544
2023-03-09 09:49:45.206 [warning] [Decorations] CAPPING events from decorations provider vscode.git 9544
2023-03-09 09:50:21.363 [warning] [Decorations] CAPPING events from decorations provider vscode.git 9544
2023-03-09 09:50:26.711 [warning] [Decorations] CAPPING events from decorations provider vscode.git 9544
2023-03-09 09:50:32.005 [warning] [Decorations] CAPPING events from decorations provider vscode.git 9544
2023-03-09 09:50:37.305 [warning] [Decorations] CAPPING events from decorations provider vscode.git 9545
2023-03-09 09:50:42.606 [warning] [Decorations] CAPPING events from decorations provider vscode.git 9545
2023-03-09 09:50:47.910 [warning] [Decorations] CAPPING events from decorations provider vscode.git 9545
2023-03-09 09:50:51.115 [warning] [Decorations] CAPPING events from decorations provider vscode.git 9545
2023-03-09 09:50:53.205 [warning] [Decorations] CAPPING events from decorations provider vscode.git 9545
2023-03-09 09:50:58.506 [warning] [Decorations] CAPPING events from decorations provider vscode.git 9545
2023-03-09 09:51:03.835 [warning] [Decorations] CAPPING events from decorations provider vscode.git 9545
2023-03-09 09:51:09.143 [warning] [Decorations] CAPPING events from decorations provider vscode.git 9545
2023-03-09 09:51:19.968 [warning] [Decorations] CAPPING events from decorations provider vscode.git 9546
2023-03-09 09:54:42.561 [warning] [Decorations] CAPPING events from decorations provider vscode.git 9546
2023-03-09 09:54:47.569 [warning] [Decorations] CAPPING events from decorations provider vscode.git 9546
2023-03-09 09:54:52.877 [warning] [Decorations] CAPPING events from decorations provider vscode.git 9546
2023-03-09 09:54:58.170 [warning] [Decorations] CAPPING events from decorations provider vscode.git 9546
2023-03-09 09:55:03.477 [warning] [Decorations] CAPPING events from decorations provider vscode.git 9546
2023-03-09 09:55:08.776 [warning] [Decorations] CAPPING events from decorations provider vscode.git 9546
2023-03-09 09:55:14.075 [warning] [Decorations] CAPPING events from decorations provider vscode.git 9546
2023-03-09 09:55:19.376 [warning] [Decorations] CAPPING events from decorations provider vscode.git 9546
2023-03-09 09:55:24.677 [warning] [Decorations] CAPPING events from decorations provider vscode.git 9546
2023-03-09 09:55:29.990 [warning] [Decorations] CAPPING events from decorations provider vscode.git 9547
2023-03-09 09:55:35.351 [warning] [Decorations] CAPPING events from decorations provider vscode.git 9547
2023-03-09 09:55:40.656 [warning] [Decorations] CAPPING events from decorations provider vscode.git 9547
2023-03-09 09:55:45.957 [warning] [Decorations] CAPPING events from decorations provider vscode.git 9547
2023-03-09 09:55:51.260 [warning] [Decorations] CAPPING events from decorations provider vscode.git 9547
2023-03-09 09:55:56.554 [warning] [Decorations] CAPPING events from decorations provider vscode.git 9547
2023-03-09 09:56:01.883 [warning] [Decorations] CAPPING events from decorations provider vscode.git 9547
2023-03-09 09:56:07.231 [warning] [Decorations] CAPPING events from decorations provider vscode.git 9547
2023-03-09 09:56:12.527 [warning] [Decorations] CAPPING events from decorations provider vscode.git 9547
2023-03-09 09:56:17.837 [warning] [Decorations] CAPPING events from decorations provider vscode.git 9547
2023-03-09 09:56:27.492 [warning] [Decorations] CAPPING events from decorations provider vscode.git 9547
2023-03-09 09:57:34.496 [warning] [Decorations] CAPPING events from decorations provider vscode.git 9547
2023-03-09 09:57:42.761 [warning] [Decorations] CAPPING events from decorations provider vscode.git 9547
2023-03-09 09:57:44.579 [warning] [Decorations] CAPPING events from decorations provider vscode.git 9547
2023-03-09 09:57:48.114 [warning] [Decorations] CAPPING events from decorations provider vscode.git 9547
2023-03-09 09:57:53.415 [warning] [Decorations] CAPPING events from decorations provider vscode.git 9547
2023-03-09 09:57:58.725 [warning] [Decorations] CAPPING events from decorations provider vscode.git 9547
2023-03-09 09:58:04.106 [warning] [Decorations] CAPPING events from decorations provider vscode.git 9547
2023-03-09 09:58:18.635 [warning] [Decorations] CAPPING events from decorations provider vscode.git 9547
2023-03-09 09:58:23.937 [warning] [Decorations] CAPPING events from decorations provider vscode.git 9547
2023-03-09 09:58:29.237 [warning] [Decorations] CAPPING events from decorations provider vscode.git 9547
2023-03-09 09:58:34.547 [warning] [Decorations] CAPPING events from decorations provider vscode.git 9547
2023-03-09 09:58:39.847 [warning] [Decorations] CAPPING events from decorations provider vscode.git 9547
2023-03-09 09:58:45.161 [warning] [Decorations] CAPPING events from decorations provider vscode.git 9547
2023-03-09 09:58:50.467 [warning] [Decorations] CAPPING events from decorations provider vscode.git 9547
2023-03-09 09:58:55.823 [warning] [Decorations] CAPPING events from decorations provider vscode.git 9547
2023-03-09 09:59:45.241 [warning] [Decorations] CAPPING events from decorations provider vscode.git 9547
2023-03-09 09:59:50.538 [warning] [Decorations] CAPPING events from decorations provider vscode.git 9547
2023-03-09 09:59:55.842 [warning] [Decorations] CAPPING events from decorations provider vscode.git 9547
2023-03-09 10:00:01.198 [warning] [Decorations] CAPPING events from decorations provider vscode.git 9547
2023-03-09 10:00:50.462 [warning] [Decorations] CAPPING events from decorations provider vscode.git 9547
2023-03-09 10:00:55.342 [warning] [Decorations] CAPPING events from decorations provider vscode.git 9547
2023-03-09 10:01:00.641 [warning] [Decorations] CAPPING events from decorations provider vscode.git 9547
2023-03-09 10:01:06.004 [warning] [Decorations] CAPPING events from decorations provider vscode.git 9547
2023-03-09 10:01:11.300 [warning] [Decorations] CAPPING events from decorations provider vscode.git 9547
2023-03-09 10:01:16.654 [warning] [Decorations] CAPPING events from decorations provider vscode.git 9547
2023-03-09 10:01:21.958 [warning] [Decorations] CAPPING events from decorations provider vscode.git 9547
2023-03-09 10:01:27.317 [warning] [Decorations] CAPPING events from decorations provider vscode.git 9547
2023-03-09 10:01:32.612 [warning] [Decorations] CAPPING events from decorations provider vscode.git 9547
2023-03-09 10:01:37.978 [warning] [Decorations] CAPPING events from decorations provider vscode.git 9547
2023-03-09 10:01:43.354 [warning] [Decorations] CAPPING events from decorations provider vscode.git 9548
2023-03-09 10:01:48.744 [warning] [Decorations] CAPPING events from decorations provider vscode.git 9549
2023-03-09 10:01:54.043 [warning] [Decorations] CAPPING events from decorations provider vscode.git 9549
2023-03-09 10:02:08.431 [warning] [Decorations] CAPPING events from decorations provider vscode.git 9549
2023-03-09 10:02:13.734 [warning] [Decorations] CAPPING events from decorations provider vscode.git 9549
2023-03-09 10:02:19.138 [warning] [Decorations] CAPPING events from decorations provider vscode.git 9549
2023-03-09 10:02:24.443 [warning] [Decorations] CAPPING events from decorations provider vscode.git 9550
2023-03-09 10:02:29.812 [warning] [Decorations] CAPPING events from decorations provider vscode.git 9550
2023-03-09 10:02:35.120 [warning] [Decorations] CAPPING events from decorations provider vscode.git 9550
2023-03-09 10:02:40.467 [warning] [Decorations] CAPPING events from decorations provider vscode.git 9551
2023-03-09 10:02:54.999 [warning] [Decorations] CAPPING events from decorations provider vscode.git 9551
2023-03-09 10:03:00.360 [warning] [Decorations] CAPPING events from decorations provider vscode.git 9551
2023-03-09 10:03:05.655 [warning] [Decorations] CAPPING events from decorations provider vscode.git 9552
2023-03-09 10:03:30.257 [warning] [Decorations] CAPPING events from decorations provider vscode.git 9552
2023-03-09 10:03:35.552 [warning] [Decorations] CAPPING events from decorations provider vscode.git 9552
2023-03-09 10:03:40.899 [warning] [Decorations] CAPPING events from decorations provider vscode.git 9552
2023-03-09 10:03:46.317 [warning] [Decorations] CAPPING events from decorations provider vscode.git 9553
2023-03-09 10:03:50.817 [warning] [Decorations] CAPPING events from decorations provider vscode.git 9553
2023-03-09 10:03:52.621 [warning] [Decorations] CAPPING events from decorations provider vscode.git 9553
2023-03-09 10:04:27.423 [warning] [Decorations] CAPPING events from decorations provider vscode.git 9553
2023-03-09 10:04:32.721 [warning] [Decorations] CAPPING events from decorations provider vscode.git 9553
2023-03-09 10:04:38.083 [warning] [Decorations] CAPPING events from decorations provider vscode.git 9553
2023-03-09 10:04:43.385 [warning] [Decorations] CAPPING events from decorations provider vscode.git 9553
2023-03-09 10:04:49.065 [warning] [Decorations] CAPPING events from decorations provider vscode.git 9553
2023-03-09 10:05:26.074 [warning] [Decorations] CAPPING events from decorations provider vscode.git 9553
2023-03-09 10:05:31.370 [warning] [Decorations] CAPPING events from decorations provider vscode.git 9553
2023-03-09 10:05:36.966 [warning] [Decorations] CAPPING events from decorations provider vscode.git 9554
2023-03-09 10:05:42.333 [warning] [Decorations] CAPPING events from decorations provider vscode.git 9554
2023-03-09 10:05:47.624 [warning] [Decorations] CAPPING events from decorations provider vscode.git 9554
2023-03-09 10:05:53.050 [warning] [Decorations] CAPPING events from decorations provider vscode.git 9555
2023-03-09 10:05:58.377 [warning] [Decorations] CAPPING events from decorations provider vscode.git 9555
2023-03-09 10:06:03.743 [warning] [Decorations] CAPPING events from decorations provider vscode.git 9555
2023-03-09 10:06:46.848 [warning] [Decorations] CAPPING events from decorations provider vscode.git 9555
2023-03-09 10:06:51.145 [warning] [Decorations] CAPPING events from decorations provider vscode.git 9555
2023-03-09 10:06:52.991 [warning] [Decorations] CAPPING events from decorations provider vscode.git 9555
2023-03-09 10:07:01.162 [warning] [Decorations] CAPPING events from decorations provider vscode.git 9556
2023-03-09 10:07:06.475 [warning] [Decorations] CAPPING events from decorations provider vscode.git 9556
2023-03-09 10:07:11.844 [warning] [Decorations] CAPPING events from decorations provider vscode.git 9556
2023-03-09 10:07:17.201 [warning] [Decorations] CAPPING events from decorations provider vscode.git 9557
2023-03-09 10:07:22.503 [warning] [Decorations] CAPPING events from decorations provider vscode.git 9557
2023-03-09 10:07:27.827 [warning] [Decorations] CAPPING events from decorations provider vscode.git 9557
2023-03-09 10:07:33.122 [warning] [Decorations] CAPPING events from decorations provider vscode.git 9557
2023-03-09 10:07:38.684 [warning] [Decorations] CAPPING events from decorations provider vscode.git 9557
2023-03-09 10:07:44.052 [warning] [Decorations] CAPPING events from decorations provider vscode.git 9558
2023-03-09 10:07:49.357 [warning] [Decorations] CAPPING events from decorations provider vscode.git 9558
2023-03-09 10:07:54.658 [warning] [Decorations] CAPPING events from decorations provider vscode.git 9558
2023-03-09 10:08:24.107 [warning] [Decorations] CAPPING events from decorations provider vscode.git 9558
2023-03-09 10:08:29.424 [warning] [Decorations] CAPPING events from decorations provider vscode.git 9558
2023-03-09 10:08:39.491 [warning] [Decorations] CAPPING events from decorations provider vscode.git 9559
2023-03-09 10:08:44.795 [warning] [Decorations] CAPPING events from decorations provider vscode.git 9559
2023-03-09 10:08:50.101 [warning] [Decorations] CAPPING events from decorations provider vscode.git 9559
2023-03-09 10:12:17.981 [warning] [Decorations] CAPPING events from decorations provider vscode.git 9559
2023-03-09 10:12:22.933 [warning] [Decorations] CAPPING events from decorations provider vscode.git 9559
2023-03-09 10:12:28.234 [warning] [Decorations] CAPPING events from decorations provider vscode.git 9559
2023-03-09 10:15:30.298 [warning] [Decorations] CAPPING events from decorations provider vscode.git 9559
2023-03-09 10:15:35.257 [warning] [Decorations] CAPPING events from decorations provider vscode.git 9559
2023-03-09 10:15:40.560 [warning] [Decorations] CAPPING events from decorations provider vscode.git 9559
2023-03-09 10:15:45.919 [warning] [Decorations] CAPPING events from decorations provider vscode.git 9559
2023-03-09 10:15:51.218 [warning] [Decorations] CAPPING events from decorations provider vscode.git 9559
2023-03-09 10:15:56.589 [warning] [Decorations] CAPPING events from decorations provider vscode.git 9559
2023-03-09 10:17:10.911 [warning] [Decorations] CAPPING events from decorations provider vscode.git 9559
2023-03-09 10:17:16.210 [warning] [Decorations] CAPPING events from decorations provider vscode.git 9559
2023-03-09 10:17:21.510 [warning] [Decorations] CAPPING events from decorations provider vscode.git 9559
2023-03-09 10:17:26.965 [warning] [Decorations] CAPPING events from decorations provider vscode.git 9559
2023-03-09 10:17:32.301 [warning] [Decorations] CAPPING events from decorations provider vscode.git 9559
2023-03-09 10:17:37.606 [warning] [Decorations] CAPPING events from decorations provider vscode.git 9559
2023-03-09 10:17:42.905 [warning] [Decorations] CAPPING events from decorations provider vscode.git 9559
2023-03-09 10:17:48.259 [warning] [Decorations] CAPPING events from decorations provider vscode.git 9559
2023-03-09 10:17:53.569 [warning] [Decorations] CAPPING events from decorations provider vscode.git 9559
2023-03-09 10:18:10.544 [warning] [Decorations] CAPPING events from decorations provider vscode.git 9559
2023-03-09 10:18:15.860 [warning] [Decorations] CAPPING events from decorations provider vscode.git 9559
2023-03-09 10:18:21.160 [warning] [Decorations] CAPPING events from decorations provider vscode.git 9560
2023-03-09 10:18:26.538 [warning] [Decorations] CAPPING events from decorations provider vscode.git 9561
2023-03-09 10:18:30.711 [warning] [Decorations] CAPPING events from decorations provider vscode.git 9561
2023-03-09 10:18:32.539 [warning] [Decorations] CAPPING events from decorations provider vscode.git 9561
2023-03-09 10:18:37.860 [warning] [Decorations] CAPPING events from decorations provider vscode.git 9561
2023-03-09 10:18:43.169 [warning] [Decorations] CAPPING events from decorations provider vscode.git 9561
2023-03-09 10:18:48.469 [warning] [Decorations] CAPPING events from decorations provider vscode.git 9561
2023-03-09 10:18:54.869 [warning] [Decorations] CAPPING events from decorations provider vscode.git 9561
2023-03-09 10:19:00.215 [warning] [Decorations] CAPPING events from decorations provider vscode.git 9561
2023-03-09 10:19:05.515 [warning] [Decorations] CAPPING events from decorations provider vscode.git 9561
2023-03-09 10:19:11.838 [warning] [Decorations] CAPPING events from decorations provider vscode.git 9561
2023-03-09 10:19:17.147 [warning] [Decorations] CAPPING events from decorations provider vscode.git 9561
2023-03-09 10:19:22.455 [warning] [Decorations] CAPPING events from decorations provider vscode.git 9562
2023-03-09 10:19:27.783 [warning] [Decorations] CAPPING events from decorations provider vscode.git 9562
2023-03-09 10:19:33.112 [warning] [Decorations] CAPPING events from decorations provider vscode.git 9562
2023-03-09 10:19:38.413 [warning] [Decorations] CAPPING events from decorations provider vscode.git 9562
2023-03-09 10:19:43.716 [warning] [Decorations] CAPPING events from decorations provider vscode.git 9562
2023-03-09 10:19:49.047 [warning] [Decorations] CAPPING events from decorations provider vscode.git 9563
2023-03-09 10:19:54.439 [warning] [Decorations] CAPPING events from decorations provider vscode.git 9563
2023-03-09 10:19:59.736 [warning] [Decorations] CAPPING events from decorations provider vscode.git 9563
2023-03-09 10:20:05.071 [warning] [Decorations] CAPPING events from decorations provider vscode.git 9564
2023-03-09 10:20:10.388 [warning] [Decorations] CAPPING events from decorations provider vscode.git 9564
2023-03-09 10:20:15.686 [warning] [Decorations] CAPPING events from decorations provider vscode.git 9564
2023-03-09 10:20:21.004 [warning] [Decorations] CAPPING events from decorations provider vscode.git 9564
2023-03-09 10:20:26.303 [warning] [Decorations] CAPPING events from decorations provider vscode.git 9564
2023-03-09 10:20:31.608 [warning] [Decorations] CAPPING events from decorations provider vscode.git 9564
2023-03-09 10:20:36.997 [warning] [Decorations] CAPPING events from decorations provider vscode.git 9565
2023-03-09 10:20:42.393 [warning] [Decorations] CAPPING events from decorations provider vscode.git 9565
2023-03-09 10:20:47.739 [warning] [Decorations] CAPPING events from decorations provider vscode.git 9565
2023-03-09 10:20:53.079 [warning] [Decorations] CAPPING events from decorations provider vscode.git 9565
2023-03-09 10:20:58.526 [warning] [Decorations] CAPPING events from decorations provider vscode.git 9566
2023-03-09 10:21:03.854 [warning] [Decorations] CAPPING events from decorations provider vscode.git 9566
2023-03-09 10:21:09.274 [warning] [Decorations] CAPPING events from decorations provider vscode.git 9566
2023-03-09 10:21:47.802 [warning] [Decorations] CAPPING events from decorations provider vscode.git 9566
2023-03-09 10:21:52.744 [warning] [Decorations] CAPPING events from decorations provider vscode.git 9566
2023-03-09 10:21:58.047 [warning] [Decorations] CAPPING events from decorations provider vscode.git 9566
2023-03-09 10:22:03.374 [warning] [Decorations] CAPPING events from decorations provider vscode.git 9566
2023-03-09 10:22:08.778 [warning] [Decorations] CAPPING events from decorations provider vscode.git 9567
2023-03-09 10:23:58.467 [warning] [Decorations] CAPPING events from decorations provider vscode.git 9567
2023-03-09 10:24:03.761 [warning] [Decorations] CAPPING events from decorations provider vscode.git 9567
2023-03-09 10:24:09.054 [warning] [Decorations] CAPPING events from decorations provider vscode.git 9567
2023-03-09 10:24:14.355 [warning] [Decorations] CAPPING events from decorations provider vscode.git 9568
2023-03-09 10:24:40.041 [warning] [Decorations] CAPPING events from decorations provider vscode.git 9568
2023-03-09 10:24:45.344 [warning] [Decorations] CAPPING events from decorations provider vscode.git 9568
2023-03-09 10:24:51.456 [warning] [Decorations] CAPPING events from decorations provider vscode.git 9568
2023-03-09 10:24:56.369 [warning] [Decorations] CAPPING events from decorations provider vscode.git 9568
2023-03-09 10:25:01.682 [warning] [Decorations] CAPPING events from decorations provider vscode.git 9568
2023-03-09 10:25:43.801 [warning] [Decorations] CAPPING events from decorations provider vscode.git 9568
2023-03-09 10:25:49.102 [warning] [Decorations] CAPPING events from decorations provider vscode.git 9568
2023-03-09 10:25:54.414 [warning] [Decorations] CAPPING events from decorations provider vscode.git 9569
2023-03-09 10:25:59.724 [warning] [Decorations] CAPPING events from decorations provider vscode.git 9569
2023-03-09 10:26:05.044 [warning] [Decorations] CAPPING events from decorations provider vscode.git 9570
2023-03-09 10:26:10.400 [warning] [Decorations] CAPPING events from decorations provider vscode.git 9570
2023-03-09 10:26:15.705 [warning] [Decorations] CAPPING events from decorations provider vscode.git 9570
2023-03-09 10:26:21.145 [warning] [Decorations] CAPPING events from decorations provider vscode.git 9570
2023-03-09 10:26:26.453 [warning] [Decorations] CAPPING events from decorations provider vscode.git 9571
2023-03-09 10:26:31.797 [warning] [Decorations] CAPPING events from decorations provider vscode.git 9571
2023-03-09 10:26:37.173 [warning] [Decorations] CAPPING events from decorations provider vscode.git 9571
2023-03-09 10:26:42.637 [warning] [Decorations] CAPPING events from decorations provider vscode.git 9571
2023-03-09 10:26:47.967 [warning] [Decorations] CAPPING events from decorations provider vscode.git 9572
2023-03-09 10:26:53.438 [warning] [Decorations] CAPPING events from decorations provider vscode.git 9572
2023-03-09 10:26:58.737 [warning] [Decorations] CAPPING events from decorations provider vscode.git 9572
2023-03-09 10:27:04.050 [warning] [Decorations] CAPPING events from decorations provider vscode.git 9572
2023-03-09 10:27:09.601 [warning] [Decorations] CAPPING events from decorations provider vscode.git 9572
2023-03-09 10:27:33.402 [warning] [Decorations] CAPPING events from decorations provider vscode.git 9572
2023-03-09 10:27:38.710 [warning] [Decorations] CAPPING events from decorations provider vscode.git 9572
2023-03-09 10:27:44.078 [warning] [Decorations] CAPPING events from decorations provider vscode.git 9572
2023-03-09 10:27:50.839 [warning] [Decorations] CAPPING events from decorations provider vscode.git 9572
2023-03-09 10:27:52.761 [warning] [Decorations] CAPPING events from decorations provider vscode.git 9573
2023-03-09 10:27:56.185 [warning] [Decorations] CAPPING events from decorations provider vscode.git 9573
2023-03-09 10:28:01.500 [warning] [Decorations] CAPPING events from decorations provider vscode.git 9573
2023-03-09 10:28:06.825 [warning] [Decorations] CAPPING events from decorations provider vscode.git 9573
2023-03-09 10:28:12.137 [warning] [Decorations] CAPPING events from decorations provider vscode.git 9573
2023-03-09 10:28:17.444 [warning] [Decorations] CAPPING events from decorations provider vscode.git 9573
2023-03-09 10:28:22.883 [warning] [Decorations] CAPPING events from decorations provider vscode.git 9573
2023-03-09 10:28:28.261 [warning] [Decorations] CAPPING events from decorations provider vscode.git 9573
2023-03-09 10:28:33.565 [warning] [Decorations] CAPPING events from decorations provider vscode.git 9573
2023-03-09 10:29:34.442 [warning] [Decorations] CAPPING events from decorations provider vscode.git 9573
2023-03-09 10:29:39.754 [warning] [Decorations] CAPPING events from decorations provider vscode.git 9573
2023-03-09 10:32:11.903 [warning] [Decorations] CAPPING events from decorations provider vscode.git 9574
2023-03-09 10:32:16.588 [warning] [Decorations] CAPPING events from decorations provider vscode.git 9574
2023-03-09 10:32:21.889 [warning] [Decorations] CAPPING events from decorations provider vscode.git 9574
2023-03-09 10:32:31.066 [warning] [Decorations] CAPPING events from decorations provider vscode.git 9574
2023-03-09 10:32:36.364 [warning] [Decorations] CAPPING events from decorations provider vscode.git 9574
2023-03-09 10:33:22.344 [warning] [Decorations] CAPPING events from decorations provider vscode.git 9575
2023-03-09 10:33:27.645 [warning] [Decorations] CAPPING events from decorations provider vscode.git 9575
2023-03-09 10:33:33.025 [warning] [Decorations] CAPPING events from decorations provider vscode.git 9575
2023-03-09 10:33:44.638 [warning] [Decorations] CAPPING events from decorations provider vscode.git 9575
2023-03-09 10:33:49.939 [warning] [Decorations] CAPPING events from decorations provider vscode.git 9575
2023-03-09 10:33:55.312 [warning] [Decorations] CAPPING events from decorations provider vscode.git 9576
2023-03-09 10:34:18.029 [warning] [Decorations] CAPPING events from decorations provider vscode.git 9576
2023-03-09 10:34:23.339 [warning] [Decorations] CAPPING events from decorations provider vscode.git 9576
2023-03-09 10:34:28.647 [warning] [Decorations] CAPPING events from decorations provider vscode.git 9577
2023-03-09 10:34:33.967 [warning] [Decorations] CAPPING events from decorations provider vscode.git 9577
2023-03-09 10:34:39.275 [warning] [Decorations] CAPPING events from decorations provider vscode.git 9577
2023-03-09 10:37:58.572 [warning] [Decorations] CAPPING events from decorations provider vscode.git 9577
2023-03-09 10:38:03.564 [warning] [Decorations] CAPPING events from decorations provider vscode.git 9577
2023-03-09 10:39:13.046 [warning] [Decorations] CAPPING events from decorations provider vscode.git 9577
2023-03-09 10:39:18.344 [warning] [Decorations] CAPPING events from decorations provider vscode.git 9577
2023-03-09 10:39:23.702 [warning] [Decorations] CAPPING events from decorations provider vscode.git 9577
2023-03-09 10:39:29.008 [warning] [Decorations] CAPPING events from decorations provider vscode.git 9577
2023-03-09 10:39:34.310 [warning] [Decorations] CAPPING events from decorations provider vscode.git 9577
2023-03-09 10:39:39.629 [warning] [Decorations] CAPPING events from decorations provider vscode.git 9578
2023-03-09 10:39:53.321 [warning] [Decorations] CAPPING events from decorations provider vscode.git 9578
2023-03-09 10:40:29.686 [warning] [Decorations] CAPPING events from decorations provider vscode.git 9578
2023-03-09 10:40:34.983 [warning] [Decorations] CAPPING events from decorations provider vscode.git 9578
2023-03-09 10:40:40.433 [warning] [Decorations] CAPPING events from decorations provider vscode.git 9578
2023-03-09 10:40:45.737 [warning] [Decorations] CAPPING events from decorations provider vscode.git 9578
2023-03-09 10:40:51.115 [warning] [Decorations] CAPPING events from decorations provider vscode.git 9578
2023-03-09 10:40:56.417 [warning] [Decorations] CAPPING events from decorations provider vscode.git 9578
2023-03-09 10:40:58.968 [warning] [Decorations] CAPPING events from decorations provider vscode.git 9579
2023-03-09 10:41:01.760 [warning] [Decorations] CAPPING events from decorations provider vscode.git 9579
2023-03-09 10:41:07.053 [warning] [Decorations] CAPPING events from decorations provider vscode.git 9579
2023-03-09 10:41:12.366 [warning] [Decorations] CAPPING events from decorations provider vscode.git 9579
2023-03-09 10:41:17.682 [warning] [Decorations] CAPPING events from decorations provider vscode.git 9579
2023-03-09 10:41:23.037 [warning] [Decorations] CAPPING events from decorations provider vscode.git 9579
2023-03-09 10:41:28.342 [warning] [Decorations] CAPPING events from decorations provider vscode.git 9580
2023-03-09 10:47:49.633 [warning] [Decorations] CAPPING events from decorations provider vscode.git 9580
2023-03-09 10:47:54.554 [warning] [Decorations] CAPPING events from decorations provider vscode.git 9579
2023-03-09 10:49:52.839 [warning] [Decorations] CAPPING events from decorations provider vscode.git 9580
2023-03-09 10:49:58.179 [warning] [Decorations] CAPPING events from decorations provider vscode.git 9580
2023-03-09 10:50:03.552 [warning] [Decorations] CAPPING events from decorations provider vscode.git 9580
2023-03-09 10:53:15.225 [warning] [Decorations] CAPPING events from decorations provider vscode.git 9580
2023-03-09 10:53:20.123 [warning] [Decorations] CAPPING events from decorations provider vscode.git 9580
2023-03-09 10:53:25.440 [warning] [Decorations] CAPPING events from decorations provider vscode.git 9580
2023-03-09 10:53:30.745 [warning] [Decorations] CAPPING events from decorations provider vscode.git 9580
2023-03-09 10:53:36.101 [warning] [Decorations] CAPPING events from decorations provider vscode.git 9580
2023-03-09 10:53:41.411 [warning] [Decorations] CAPPING events from decorations provider vscode.git 9580
2023-03-09 10:53:46.722 [warning] [Decorations] CAPPING events from decorations provider vscode.git 9581
2023-03-09 10:54:18.181 [warning] [Decorations] CAPPING events from decorations provider vscode.git 9581
2023-03-09 10:54:23.490 [warning] [Decorations] CAPPING events from decorations provider vscode.git 9581
2023-03-09 10:54:28.861 [warning] [Decorations] CAPPING events from decorations provider vscode.git 9581
2023-03-09 10:54:34.372 [warning] [Decorations] CAPPING events from decorations provider vscode.git 9582
2023-03-09 10:54:39.674 [warning] [Decorations] CAPPING events from decorations provider vscode.git 9582
2023-03-09 10:54:45.014 [warning] [Decorations] CAPPING events from decorations provider vscode.git 9582
2023-03-09 11:03:23.296 [info] Extension host terminating: renderer disconnected for too long (2)
2023-03-09 11:03:23.297 [info] Lock '/home/ubuntu/.vscode-server/data/User/workspaceStorage/681d555667375890690223c293ce9803/vscode.lock': Marking the lockfile as scheduled to be released in 6000 ms.
2023-03-09 11:03:23.342 [error] Canceled: Canceled
	at new a (/home/ubuntu/.vscode-server/bin/92da9481c0904c6adfe372c12da3b7748d74bdcb/out/vs/workbench/api/node/extensionHostProcess.js:96:88793)
	at c.O (/home/ubuntu/.vscode-server/bin/92da9481c0904c6adfe372c12da3b7748d74bdcb/out/vs/workbench/api/node/extensionHostProcess.js:106:11260)
	at Proxy.V.<computed>.Q.charCodeAt.V.<computed> (/home/ubuntu/.vscode-server/bin/92da9481c0904c6adfe372c12da3b7748d74bdcb/out/vs/workbench/api/node/extensionHostProcess.js:106:8550)
	at l.g (/home/ubuntu/.vscode-server/bin/92da9481c0904c6adfe372c12da3b7748d74bdcb/out/vs/workbench/api/node/extensionHostProcess.js:96:108198)
	at l.executeCommand (/home/ubuntu/.vscode-server/bin/92da9481c0904c6adfe372c12da3b7748d74bdcb/out/vs/workbench/api/node/extensionHostProcess.js:96:107574)
	at O.registerCommand.description (/home/ubuntu/.vscode-server/bin/92da9481c0904c6adfe372c12da3b7748d74bdcb/out/vs/workbench/api/node/extensionHostProcess.js:96:106867)
	at l.h (/home/ubuntu/.vscode-server/bin/92da9481c0904c6adfe372c12da3b7748d74bdcb/out/vs/workbench/api/node/extensionHostProcess.js:96:108784)
	at l.g (/home/ubuntu/.vscode-server/bin/92da9481c0904c6adfe372c12da3b7748d74bdcb/out/vs/workbench/api/node/extensionHostProcess.js:96:107674)
	at l.executeCommand (/home/ubuntu/.vscode-server/bin/92da9481c0904c6adfe372c12da3b7748d74bdcb/out/vs/workbench/api/node/extensionHostProcess.js:96:107574)
	at Object.executeCommand (/home/ubuntu/.vscode-server/bin/92da9481c0904c6adfe372c12da3b7748d74bdcb/out/vs/workbench/api/node/extensionHostProcess.js:117:30781)
	at D (/home/ubuntu/.vscode-server/bin/92da9481c0904c6adfe372c12da3b7748d74bdcb/extensions/git/dist/main.js:2:1467127)
	at f.invoke (/home/ubuntu/.vscode-server/bin/92da9481c0904c6adfe372c12da3b7748d74bdcb/out/vs/workbench/api/node/extensionHostProcess.js:63:145)
	at g.deliver (/home/ubuntu/.vscode-server/bin/92da9481c0904c6adfe372c12da3b7748d74bdcb/out/vs/workbench/api/node/extensionHostProcess.js:63:2066)
	at h.fire (/home/ubuntu/.vscode-server/bin/92da9481c0904c6adfe372c12da3b7748d74bdcb/out/vs/workbench/api/node/extensionHostProcess.js:63:1704)
	at Object.m [as dispose] (/home/ubuntu/.vscode-server/bin/92da9481c0904c6adfe372c12da3b7748d74bdcb/extensions/git/dist/main.js:2:1481856)
	at /home/ubuntu/.vscode-server/bin/92da9481c0904c6adfe372c12da3b7748d74bdcb/extensions/git/dist/main.js:2:1485923
	at Array.forEach (<anonymous>)
	at g.dispose (/home/ubuntu/.vscode-server/bin/92da9481c0904c6adfe372c12da3b7748d74bdcb/extensions/git/dist/main.js:2:1485909)
	at D.<anonymous> (/home/ubuntu/.vscode-server/bin/92da9481c0904c6adfe372c12da3b7748d74bdcb/out/vs/workbench/api/node/extensionHostProcess.js:94:12431)
	at D.dispose (/home/ubuntu/.vscode-server/bin/92da9481c0904c6adfe372c12da3b7748d74bdcb/out/vs/workbench/api/node/extensionHostProcess.js:94:12566)
	at D.<anonymous> (/home/ubuntu/.vscode-server/bin/92da9481c0904c6adfe372c12da3b7748d74bdcb/extensions/git/dist/main.js:2:1469257)
	at D.dispose (/home/ubuntu/.vscode-server/bin/92da9481c0904c6adfe372c12da3b7748d74bdcb/out/vs/workbench/api/node/extensionHostProcess.js:94:12566)
	at k (/home/ubuntu/.vscode-server/bin/92da9481c0904c6adfe372c12da3b7748d74bdcb/out/vs/workbench/api/node/extensionHostProcess.js:10:12074)
	at f.X (/home/ubuntu/.vscode-server/bin/92da9481c0904c6adfe372c12da3b7748d74bdcb/out/vs/workbench/api/node/extensionHostProcess.js:108:11284)
	at /home/ubuntu/.vscode-server/bin/92da9481c0904c6adfe372c12da3b7748d74bdcb/out/vs/workbench/api/node/extensionHostProcess.js:108:9088
	at Array.map (<anonymous>)
	at f.Q (/home/ubuntu/.vscode-server/bin/92da9481c0904c6adfe372c12da3b7748d74bdcb/out/vs/workbench/api/node/extensionHostProcess.js:108:9075)
	at f.terminate (/home/ubuntu/.vscode-server/bin/92da9481c0904c6adfe372c12da3b7748d74bdcb/out/vs/workbench/api/node/extensionHostProcess.js:108:9347)
	at u.terminate (/home/ubuntu/.vscode-server/bin/92da9481c0904c6adfe372c12da3b7748d74bdcb/out/vs/workbench/api/node/extensionHostProcess.js:112:1397)
	at p (/home/ubuntu/.vscode-server/bin/92da9481c0904c6adfe372c12da3b7748d74bdcb/out/vs/workbench/api/node/extensionHostProcess.js:122:18592)
	at Q.a (/home/ubuntu/.vscode-server/bin/92da9481c0904c6adfe372c12da3b7748d74bdcb/out/vs/workbench/api/node/extensionHostProcess.js:122:15147)
	at Q.h (/home/ubuntu/.vscode-server/bin/92da9481c0904c6adfe372c12da3b7748d74bdcb/out/vs/workbench/api/node/extensionHostProcess.js:66:46717)
	at listOnTimeout (node:internal/timers:559:17)
	at processTimers (node:internal/timers:502:7) setContext undefined
2023-03-09 11:03:23.343 [error] Canceled: Canceled
	at new a (/home/ubuntu/.vscode-server/bin/92da9481c0904c6adfe372c12da3b7748d74bdcb/out/vs/workbench/api/node/extensionHostProcess.js:96:88793)
	at c.O (/home/ubuntu/.vscode-server/bin/92da9481c0904c6adfe372c12da3b7748d74bdcb/out/vs/workbench/api/node/extensionHostProcess.js:106:11260)
	at Proxy.V.<computed>.Q.charCodeAt.V.<computed> (/home/ubuntu/.vscode-server/bin/92da9481c0904c6adfe372c12da3b7748d74bdcb/out/vs/workbench/api/node/extensionHostProcess.js:106:8550)
	at l.g (/home/ubuntu/.vscode-server/bin/92da9481c0904c6adfe372c12da3b7748d74bdcb/out/vs/workbench/api/node/extensionHostProcess.js:96:108198)
	at l.executeCommand (/home/ubuntu/.vscode-server/bin/92da9481c0904c6adfe372c12da3b7748d74bdcb/out/vs/workbench/api/node/extensionHostProcess.js:96:107574)
	at O.registerCommand.description (/home/ubuntu/.vscode-server/bin/92da9481c0904c6adfe372c12da3b7748d74bdcb/out/vs/workbench/api/node/extensionHostProcess.js:96:106867)
	at l.h (/home/ubuntu/.vscode-server/bin/92da9481c0904c6adfe372c12da3b7748d74bdcb/out/vs/workbench/api/node/extensionHostProcess.js:96:108784)
	at l.g (/home/ubuntu/.vscode-server/bin/92da9481c0904c6adfe372c12da3b7748d74bdcb/out/vs/workbench/api/node/extensionHostProcess.js:96:107674)
	at l.executeCommand (/home/ubuntu/.vscode-server/bin/92da9481c0904c6adfe372c12da3b7748d74bdcb/out/vs/workbench/api/node/extensionHostProcess.js:96:107574)
	at Object.executeCommand (/home/ubuntu/.vscode-server/bin/92da9481c0904c6adfe372c12da3b7748d74bdcb/out/vs/workbench/api/node/extensionHostProcess.js:117:30781)
	at D (/home/ubuntu/.vscode-server/bin/92da9481c0904c6adfe372c12da3b7748d74bdcb/extensions/git/dist/main.js:2:1467127)
	at f.invoke (/home/ubuntu/.vscode-server/bin/92da9481c0904c6adfe372c12da3b7748d74bdcb/out/vs/workbench/api/node/extensionHostProcess.js:63:145)
	at g.deliver (/home/ubuntu/.vscode-server/bin/92da9481c0904c6adfe372c12da3b7748d74bdcb/out/vs/workbench/api/node/extensionHostProcess.js:63:2066)
	at h.fire (/home/ubuntu/.vscode-server/bin/92da9481c0904c6adfe372c12da3b7748d74bdcb/out/vs/workbench/api/node/extensionHostProcess.js:63:1704)
	at Object.m [as dispose] (/home/ubuntu/.vscode-server/bin/92da9481c0904c6adfe372c12da3b7748d74bdcb/extensions/git/dist/main.js:2:1481856)
	at /home/ubuntu/.vscode-server/bin/92da9481c0904c6adfe372c12da3b7748d74bdcb/extensions/git/dist/main.js:2:1485923
	at Array.forEach (<anonymous>)
	at g.dispose (/home/ubuntu/.vscode-server/bin/92da9481c0904c6adfe372c12da3b7748d74bdcb/extensions/git/dist/main.js:2:1485909)
	at D.<anonymous> (/home/ubuntu/.vscode-server/bin/92da9481c0904c6adfe372c12da3b7748d74bdcb/out/vs/workbench/api/node/extensionHostProcess.js:94:12431)
	at D.dispose (/home/ubuntu/.vscode-server/bin/92da9481c0904c6adfe372c12da3b7748d74bdcb/out/vs/workbench/api/node/extensionHostProcess.js:94:12566)
	at D.<anonymous> (/home/ubuntu/.vscode-server/bin/92da9481c0904c6adfe372c12da3b7748d74bdcb/extensions/git/dist/main.js:2:1469257)
	at D.dispose (/home/ubuntu/.vscode-server/bin/92da9481c0904c6adfe372c12da3b7748d74bdcb/out/vs/workbench/api/node/extensionHostProcess.js:94:12566)
	at k (/home/ubuntu/.vscode-server/bin/92da9481c0904c6adfe372c12da3b7748d74bdcb/out/vs/workbench/api/node/extensionHostProcess.js:10:12074)
	at f.X (/home/ubuntu/.vscode-server/bin/92da9481c0904c6adfe372c12da3b7748d74bdcb/out/vs/workbench/api/node/extensionHostProcess.js:108:11284)
	at /home/ubuntu/.vscode-server/bin/92da9481c0904c6adfe372c12da3b7748d74bdcb/out/vs/workbench/api/node/extensionHostProcess.js:108:9088
	at Array.map (<anonymous>)
	at f.Q (/home/ubuntu/.vscode-server/bin/92da9481c0904c6adfe372c12da3b7748d74bdcb/out/vs/workbench/api/node/extensionHostProcess.js:108:9075)
	at f.terminate (/home/ubuntu/.vscode-server/bin/92da9481c0904c6adfe372c12da3b7748d74bdcb/out/vs/workbench/api/node/extensionHostProcess.js:108:9347)
	at u.terminate (/home/ubuntu/.vscode-server/bin/92da9481c0904c6adfe372c12da3b7748d74bdcb/out/vs/workbench/api/node/extensionHostProcess.js:112:1397)
	at p (/home/ubuntu/.vscode-server/bin/92da9481c0904c6adfe372c12da3b7748d74bdcb/out/vs/workbench/api/node/extensionHostProcess.js:122:18592)
	at Q.a (/home/ubuntu/.vscode-server/bin/92da9481c0904c6adfe372c12da3b7748d74bdcb/out/vs/workbench/api/node/extensionHostProcess.js:122:15147)
	at Q.h (/home/ubuntu/.vscode-server/bin/92da9481c0904c6adfe372c12da3b7748d74bdcb/out/vs/workbench/api/node/extensionHostProcess.js:66:46717)
	at listOnTimeout (node:internal/timers:559:17)
	at processTimers (node:internal/timers:502:7) setContext undefined
2023-03-09 11:03:23.343 [error] Canceled: Canceled
	at new a (/home/ubuntu/.vscode-server/bin/92da9481c0904c6adfe372c12da3b7748d74bdcb/out/vs/workbench/api/node/extensionHostProcess.js:96:88793)
	at c.O (/home/ubuntu/.vscode-server/bin/92da9481c0904c6adfe372c12da3b7748d74bdcb/out/vs/workbench/api/node/extensionHostProcess.js:106:11260)
	at Proxy.V.<computed>.Q.charCodeAt.V.<computed> (/home/ubuntu/.vscode-server/bin/92da9481c0904c6adfe372c12da3b7748d74bdcb/out/vs/workbench/api/node/extensionHostProcess.js:106:8550)
	at l.g (/home/ubuntu/.vscode-server/bin/92da9481c0904c6adfe372c12da3b7748d74bdcb/out/vs/workbench/api/node/extensionHostProcess.js:96:108198)
	at l.executeCommand (/home/ubuntu/.vscode-server/bin/92da9481c0904c6adfe372c12da3b7748d74bdcb/out/vs/workbench/api/node/extensionHostProcess.js:96:107574)
	at O.registerCommand.description (/home/ubuntu/.vscode-server/bin/92da9481c0904c6adfe372c12da3b7748d74bdcb/out/vs/workbench/api/node/extensionHostProcess.js:96:106867)
	at l.h (/home/ubuntu/.vscode-server/bin/92da9481c0904c6adfe372c12da3b7748d74bdcb/out/vs/workbench/api/node/extensionHostProcess.js:96:108784)
	at l.g (/home/ubuntu/.vscode-server/bin/92da9481c0904c6adfe372c12da3b7748d74bdcb/out/vs/workbench/api/node/extensionHostProcess.js:96:107674)
	at l.executeCommand (/home/ubuntu/.vscode-server/bin/92da9481c0904c6adfe372c12da3b7748d74bdcb/out/vs/workbench/api/node/extensionHostProcess.js:96:107574)
	at Object.executeCommand (/home/ubuntu/.vscode-server/bin/92da9481c0904c6adfe372c12da3b7748d74bdcb/out/vs/workbench/api/node/extensionHostProcess.js:117:30781)
	at D (/home/ubuntu/.vscode-server/bin/92da9481c0904c6adfe372c12da3b7748d74bdcb/extensions/git/dist/main.js:2:1467127)
	at f.invoke (/home/ubuntu/.vscode-server/bin/92da9481c0904c6adfe372c12da3b7748d74bdcb/out/vs/workbench/api/node/extensionHostProcess.js:63:145)
	at g.deliver (/home/ubuntu/.vscode-server/bin/92da9481c0904c6adfe372c12da3b7748d74bdcb/out/vs/workbench/api/node/extensionHostProcess.js:63:2066)
	at h.fire (/home/ubuntu/.vscode-server/bin/92da9481c0904c6adfe372c12da3b7748d74bdcb/out/vs/workbench/api/node/extensionHostProcess.js:63:1704)
	at Object.m [as dispose] (/home/ubuntu/.vscode-server/bin/92da9481c0904c6adfe372c12da3b7748d74bdcb/extensions/git/dist/main.js:2:1481856)
	at /home/ubuntu/.vscode-server/bin/92da9481c0904c6adfe372c12da3b7748d74bdcb/extensions/git/dist/main.js:2:1485923
	at Array.forEach (<anonymous>)
	at g.dispose (/home/ubuntu/.vscode-server/bin/92da9481c0904c6adfe372c12da3b7748d74bdcb/extensions/git/dist/main.js:2:1485909)
	at D.<anonymous> (/home/ubuntu/.vscode-server/bin/92da9481c0904c6adfe372c12da3b7748d74bdcb/out/vs/workbench/api/node/extensionHostProcess.js:94:12431)
	at D.dispose (/home/ubuntu/.vscode-server/bin/92da9481c0904c6adfe372c12da3b7748d74bdcb/out/vs/workbench/api/node/extensionHostProcess.js:94:12566)
	at D.<anonymous> (/home/ubuntu/.vscode-server/bin/92da9481c0904c6adfe372c12da3b7748d74bdcb/extensions/git/dist/main.js:2:1469257)
	at D.dispose (/home/ubuntu/.vscode-server/bin/92da9481c0904c6adfe372c12da3b7748d74bdcb/out/vs/workbench/api/node/extensionHostProcess.js:94:12566)
	at k (/home/ubuntu/.vscode-server/bin/92da9481c0904c6adfe372c12da3b7748d74bdcb/out/vs/workbench/api/node/extensionHostProcess.js:10:12074)
	at f.X (/home/ubuntu/.vscode-server/bin/92da9481c0904c6adfe372c12da3b7748d74bdcb/out/vs/workbench/api/node/extensionHostProcess.js:108:11284)
	at /home/ubuntu/.vscode-server/bin/92da9481c0904c6adfe372c12da3b7748d74bdcb/out/vs/workbench/api/node/extensionHostProcess.js:108:9088
	at Array.map (<anonymous>)
	at f.Q (/home/ubuntu/.vscode-server/bin/92da9481c0904c6adfe372c12da3b7748d74bdcb/out/vs/workbench/api/node/extensionHostProcess.js:108:9075)
	at f.terminate (/home/ubuntu/.vscode-server/bin/92da9481c0904c6adfe372c12da3b7748d74bdcb/out/vs/workbench/api/node/extensionHostProcess.js:108:9347)
	at u.terminate (/home/ubuntu/.vscode-server/bin/92da9481c0904c6adfe372c12da3b7748d74bdcb/out/vs/workbench/api/node/extensionHostProcess.js:112:1397)
	at p (/home/ubuntu/.vscode-server/bin/92da9481c0904c6adfe372c12da3b7748d74bdcb/out/vs/workbench/api/node/extensionHostProcess.js:122:18592)
	at Q.a (/home/ubuntu/.vscode-server/bin/92da9481c0904c6adfe372c12da3b7748d74bdcb/out/vs/workbench/api/node/extensionHostProcess.js:122:15147)
	at Q.h (/home/ubuntu/.vscode-server/bin/92da9481c0904c6adfe372c12da3b7748d74bdcb/out/vs/workbench/api/node/extensionHostProcess.js:66:46717)
	at listOnTimeout (node:internal/timers:559:17)
	at processTimers (node:internal/timers:502:7) setContext undefined
2023-03-09 11:03:23.343 [error] Canceled: Canceled
	at new a (/home/ubuntu/.vscode-server/bin/92da9481c0904c6adfe372c12da3b7748d74bdcb/out/vs/workbench/api/node/extensionHostProcess.js:96:88793)
	at c.O (/home/ubuntu/.vscode-server/bin/92da9481c0904c6adfe372c12da3b7748d74bdcb/out/vs/workbench/api/node/extensionHostProcess.js:106:11260)
	at Proxy.V.<computed>.Q.charCodeAt.V.<computed> (/home/ubuntu/.vscode-server/bin/92da9481c0904c6adfe372c12da3b7748d74bdcb/out/vs/workbench/api/node/extensionHostProcess.js:106:8550)
	at l.g (/home/ubuntu/.vscode-server/bin/92da9481c0904c6adfe372c12da3b7748d74bdcb/out/vs/workbench/api/node/extensionHostProcess.js:96:108198)
	at l.executeCommand (/home/ubuntu/.vscode-server/bin/92da9481c0904c6adfe372c12da3b7748d74bdcb/out/vs/workbench/api/node/extensionHostProcess.js:96:107574)
	at O.registerCommand.description (/home/ubuntu/.vscode-server/bin/92da9481c0904c6adfe372c12da3b7748d74bdcb/out/vs/workbench/api/node/extensionHostProcess.js:96:106867)
	at l.h (/home/ubuntu/.vscode-server/bin/92da9481c0904c6adfe372c12da3b7748d74bdcb/out/vs/workbench/api/node/extensionHostProcess.js:96:108784)
	at l.g (/home/ubuntu/.vscode-server/bin/92da9481c0904c6adfe372c12da3b7748d74bdcb/out/vs/workbench/api/node/extensionHostProcess.js:96:107674)
	at l.executeCommand (/home/ubuntu/.vscode-server/bin/92da9481c0904c6adfe372c12da3b7748d74bdcb/out/vs/workbench/api/node/extensionHostProcess.js:96:107574)
	at Object.executeCommand (/home/ubuntu/.vscode-server/bin/92da9481c0904c6adfe372c12da3b7748d74bdcb/out/vs/workbench/api/node/extensionHostProcess.js:117:30781)
	at D (/home/ubuntu/.vscode-server/bin/92da9481c0904c6adfe372c12da3b7748d74bdcb/extensions/git/dist/main.js:2:1467127)
	at f.invoke (/home/ubuntu/.vscode-server/bin/92da9481c0904c6adfe372c12da3b7748d74bdcb/out/vs/workbench/api/node/extensionHostProcess.js:63:145)
	at g.deliver (/home/ubuntu/.vscode-server/bin/92da9481c0904c6adfe372c12da3b7748d74bdcb/out/vs/workbench/api/node/extensionHostProcess.js:63:2066)
	at h.fire (/home/ubuntu/.vscode-server/bin/92da9481c0904c6adfe372c12da3b7748d74bdcb/out/vs/workbench/api/node/extensionHostProcess.js:63:1704)
	at Object.m [as dispose] (/home/ubuntu/.vscode-server/bin/92da9481c0904c6adfe372c12da3b7748d74bdcb/extensions/git/dist/main.js:2:1481856)
	at /home/ubuntu/.vscode-server/bin/92da9481c0904c6adfe372c12da3b7748d74bdcb/extensions/git/dist/main.js:2:1485923
	at Array.forEach (<anonymous>)
	at g.dispose (/home/ubuntu/.vscode-server/bin/92da9481c0904c6adfe372c12da3b7748d74bdcb/extensions/git/dist/main.js:2:1485909)
	at D.<anonymous> (/home/ubuntu/.vscode-server/bin/92da9481c0904c6adfe372c12da3b7748d74bdcb/out/vs/workbench/api/node/extensionHostProcess.js:94:12431)
	at D.dispose (/home/ubuntu/.vscode-server/bin/92da9481c0904c6adfe372c12da3b7748d74bdcb/out/vs/workbench/api/node/extensionHostProcess.js:94:12566)
	at D.<anonymous> (/home/ubuntu/.vscode-server/bin/92da9481c0904c6adfe372c12da3b7748d74bdcb/extensions/git/dist/main.js:2:1469257)
	at D.dispose (/home/ubuntu/.vscode-server/bin/92da9481c0904c6adfe372c12da3b7748d74bdcb/out/vs/workbench/api/node/extensionHostProcess.js:94:12566)
	at k (/home/ubuntu/.vscode-server/bin/92da9481c0904c6adfe372c12da3b7748d74bdcb/out/vs/workbench/api/node/extensionHostProcess.js:10:12074)
	at f.X (/home/ubuntu/.vscode-server/bin/92da9481c0904c6adfe372c12da3b7748d74bdcb/out/vs/workbench/api/node/extensionHostProcess.js:108:11284)
	at /home/ubuntu/.vscode-server/bin/92da9481c0904c6adfe372c12da3b7748d74bdcb/out/vs/workbench/api/node/extensionHostProcess.js:108:9088
	at Array.map (<anonymous>)
	at f.Q (/home/ubuntu/.vscode-server/bin/92da9481c0904c6adfe372c12da3b7748d74bdcb/out/vs/workbench/api/node/extensionHostProcess.js:108:9075)
	at f.terminate (/home/ubuntu/.vscode-server/bin/92da9481c0904c6adfe372c12da3b7748d74bdcb/out/vs/workbench/api/node/extensionHostProcess.js:108:9347)
	at u.terminate (/home/ubuntu/.vscode-server/bin/92da9481c0904c6adfe372c12da3b7748d74bdcb/out/vs/workbench/api/node/extensionHostProcess.js:112:1397)
	at p (/home/ubuntu/.vscode-server/bin/92da9481c0904c6adfe372c12da3b7748d74bdcb/out/vs/workbench/api/node/extensionHostProcess.js:122:18592)
	at Q.a (/home/ubuntu/.vscode-server/bin/92da9481c0904c6adfe372c12da3b7748d74bdcb/out/vs/workbench/api/node/extensionHostProcess.js:122:15147)
	at Q.h (/home/ubuntu/.vscode-server/bin/92da9481c0904c6adfe372c12da3b7748d74bdcb/out/vs/workbench/api/node/extensionHostProcess.js:66:46717)
	at listOnTimeout (node:internal/timers:559:17)
	at processTimers (node:internal/timers:502:7) setContext undefined
2023-03-09 11:03:23.343 [error] Canceled: Canceled
	at new a (/home/ubuntu/.vscode-server/bin/92da9481c0904c6adfe372c12da3b7748d74bdcb/out/vs/workbench/api/node/extensionHostProcess.js:96:88793)
	at c.O (/home/ubuntu/.vscode-server/bin/92da9481c0904c6adfe372c12da3b7748d74bdcb/out/vs/workbench/api/node/extensionHostProcess.js:106:11260)
	at Proxy.V.<computed>.Q.charCodeAt.V.<computed> (/home/ubuntu/.vscode-server/bin/92da9481c0904c6adfe372c12da3b7748d74bdcb/out/vs/workbench/api/node/extensionHostProcess.js:106:8550)
	at l.g (/home/ubuntu/.vscode-server/bin/92da9481c0904c6adfe372c12da3b7748d74bdcb/out/vs/workbench/api/node/extensionHostProcess.js:96:108198)
	at l.executeCommand (/home/ubuntu/.vscode-server/bin/92da9481c0904c6adfe372c12da3b7748d74bdcb/out/vs/workbench/api/node/extensionHostProcess.js:96:107574)
	at O.registerCommand.description (/home/ubuntu/.vscode-server/bin/92da9481c0904c6adfe372c12da3b7748d74bdcb/out/vs/workbench/api/node/extensionHostProcess.js:96:106867)
	at l.h (/home/ubuntu/.vscode-server/bin/92da9481c0904c6adfe372c12da3b7748d74bdcb/out/vs/workbench/api/node/extensionHostProcess.js:96:108784)
	at l.g (/home/ubuntu/.vscode-server/bin/92da9481c0904c6adfe372c12da3b7748d74bdcb/out/vs/workbench/api/node/extensionHostProcess.js:96:107674)
	at l.executeCommand (/home/ubuntu/.vscode-server/bin/92da9481c0904c6adfe372c12da3b7748d74bdcb/out/vs/workbench/api/node/extensionHostProcess.js:96:107574)
	at Object.executeCommand (/home/ubuntu/.vscode-server/bin/92da9481c0904c6adfe372c12da3b7748d74bdcb/out/vs/workbench/api/node/extensionHostProcess.js:117:30781)
	at D (/home/ubuntu/.vscode-server/bin/92da9481c0904c6adfe372c12da3b7748d74bdcb/extensions/git/dist/main.js:2:1467127)
	at f.invoke (/home/ubuntu/.vscode-server/bin/92da9481c0904c6adfe372c12da3b7748d74bdcb/out/vs/workbench/api/node/extensionHostProcess.js:63:145)
	at g.deliver (/home/ubuntu/.vscode-server/bin/92da9481c0904c6adfe372c12da3b7748d74bdcb/out/vs/workbench/api/node/extensionHostProcess.js:63:2066)
	at h.fire (/home/ubuntu/.vscode-server/bin/92da9481c0904c6adfe372c12da3b7748d74bdcb/out/vs/workbench/api/node/extensionHostProcess.js:63:1704)
	at Object.m [as dispose] (/home/ubuntu/.vscode-server/bin/92da9481c0904c6adfe372c12da3b7748d74bdcb/extensions/git/dist/main.js:2:1481856)
	at /home/ubuntu/.vscode-server/bin/92da9481c0904c6adfe372c12da3b7748d74bdcb/extensions/git/dist/main.js:2:1485923
	at Array.forEach (<anonymous>)
	at g.dispose (/home/ubuntu/.vscode-server/bin/92da9481c0904c6adfe372c12da3b7748d74bdcb/extensions/git/dist/main.js:2:1485909)
	at D.<anonymous> (/home/ubuntu/.vscode-server/bin/92da9481c0904c6adfe372c12da3b7748d74bdcb/out/vs/workbench/api/node/extensionHostProcess.js:94:12431)
	at D.dispose (/home/ubuntu/.vscode-server/bin/92da9481c0904c6adfe372c12da3b7748d74bdcb/out/vs/workbench/api/node/extensionHostProcess.js:94:12566)
	at D.<anonymous> (/home/ubuntu/.vscode-server/bin/92da9481c0904c6adfe372c12da3b7748d74bdcb/extensions/git/dist/main.js:2:1469257)
	at D.dispose (/home/ubuntu/.vscode-server/bin/92da9481c0904c6adfe372c12da3b7748d74bdcb/out/vs/workbench/api/node/extensionHostProcess.js:94:12566)
	at k (/home/ubuntu/.vscode-server/bin/92da9481c0904c6adfe372c12da3b7748d74bdcb/out/vs/workbench/api/node/extensionHostProcess.js:10:12074)
	at f.X (/home/ubuntu/.vscode-server/bin/92da9481c0904c6adfe372c12da3b7748d74bdcb/out/vs/workbench/api/node/extensionHostProcess.js:108:11284)
	at /home/ubuntu/.vscode-server/bin/92da9481c0904c6adfe372c12da3b7748d74bdcb/out/vs/workbench/api/node/extensionHostProcess.js:108:9088
	at Array.map (<anonymous>)
	at f.Q (/home/ubuntu/.vscode-server/bin/92da9481c0904c6adfe372c12da3b7748d74bdcb/out/vs/workbench/api/node/extensionHostProcess.js:108:9075)
	at f.terminate (/home/ubuntu/.vscode-server/bin/92da9481c0904c6adfe372c12da3b7748d74bdcb/out/vs/workbench/api/node/extensionHostProcess.js:108:9347)
	at u.terminate (/home/ubuntu/.vscode-server/bin/92da9481c0904c6adfe372c12da3b7748d74bdcb/out/vs/workbench/api/node/extensionHostProcess.js:112:1397)
	at p (/home/ubuntu/.vscode-server/bin/92da9481c0904c6adfe372c12da3b7748d74bdcb/out/vs/workbench/api/node/extensionHostProcess.js:122:18592)
	at Q.a (/home/ubuntu/.vscode-server/bin/92da9481c0904c6adfe372c12da3b7748d74bdcb/out/vs/workbench/api/node/extensionHostProcess.js:122:15147)
	at Q.h (/home/ubuntu/.vscode-server/bin/92da9481c0904c6adfe372c12da3b7748d74bdcb/out/vs/workbench/api/node/extensionHostProcess.js:66:46717)
	at listOnTimeout (node:internal/timers:559:17)
	at processTimers (node:internal/timers:502:7) setContext undefined
2023-03-09 11:03:23.344 [info] Extension host with pid 69870 exiting with code 0
