0 verbose cli /home/ubuntu/.nvm/versions/node/v18.14.2/bin/node /home/ubuntu/.nvm/versions/node/v18.14.2/bin/npm
1 info using npm@9.6.0
2 info using node@v18.14.2
3 timing npm:load:whichnode Completed in 1ms
4 timing config:load:defaults Completed in 2ms
5 timing config:load:file:/home/ubuntu/.nvm/versions/node/v18.14.2/lib/node_modules/npm/npmrc Completed in 0ms
6 timing config:load:builtin Completed in 0ms
7 timing config:load:cli Completed in 3ms
8 timing config:load:env Completed in 0ms
9 timing config:load:file:/home/ubuntu/.cache/typescript/4.9/.npmrc Completed in 0ms
10 timing config:load:project Completed in 2ms
11 timing config:load:file:/home/ubuntu/.npmrc Completed in 0ms
12 timing config:load:user Completed in 0ms
13 timing config:load:file:/home/ubuntu/.nvm/versions/node/v18.14.2/etc/npmrc Completed in 0ms
14 timing config:load:global Completed in 0ms
15 timing config:load:setEnvs Completed in 1ms
16 timing config:load Completed in 8ms
17 timing npm:load:configload Completed in 9ms
18 timing npm:load:mkdirpcache Completed in 1ms
19 timing npm:load:mkdirplogs Completed in 0ms
20 verbose title npm install @types/bcrypt@ts4.9 @types/cookie-parser@ts4.9 @types/cors@ts4.9 @types/ejs@ts4.9 @types/express@ts4.9 @types/jsonwebtoken@ts4.9 @types/multer@ts4.9 @types/nodemailer@ts4.9 @types/nodemon@ts4.9 @types/uuid@ts4.9 @types/validator@ts4.9 @types/lodash.isinteger@ts4.9 @types/lodash.isnumber@ts4.9 @types/lodash.isplainobject@ts4.9 @types/lodash.isstring@ts4.9 @types/lodash.once@ts4.9 @types/nopt@ts4.9 @types/npmlog@ts4.9 @types/object-assign@ts4.9 @types/vary@ts4.9 @types/cookie@ts4.9 @types/cookie-signature@ts4.9 @types/jws@ts4.9 @types/lodash.includes@ts4.9 @types/lodash.isboolean@ts4.9
21 verbose argv "install" "--ignore-scripts" "@types/bcrypt@ts4.9" "@types/cookie-parser@ts4.9" "@types/cors@ts4.9" "@types/ejs@ts4.9" "@types/express@ts4.9" "@types/jsonwebtoken@ts4.9" "@types/multer@ts4.9" "@types/nodemailer@ts4.9" "@types/nodemon@ts4.9" "@types/uuid@ts4.9" "@types/validator@ts4.9" "@types/lodash.isinteger@ts4.9" "@types/lodash.isnumber@ts4.9" "@types/lodash.isplainobject@ts4.9" "@types/lodash.isstring@ts4.9" "@types/lodash.once@ts4.9" "@types/nopt@ts4.9" "@types/npmlog@ts4.9" "@types/object-assign@ts4.9" "@types/vary@ts4.9" "@types/cookie@ts4.9" "@types/cookie-signature@ts4.9" "@types/jws@ts4.9" "@types/lodash.includes@ts4.9" "@types/lodash.isboolean@ts4.9" "--save-dev" "--user-agent" "typesInstaller/4.9.5"
22 timing npm:load:setTitle Completed in 3ms
23 timing config:load:flatten Completed in 4ms
24 timing npm:load:display Completed in 6ms
25 verbose logfile logs-max:10 dir:/home/ubuntu/.npm/_logs/2023-03-10T06_25_54_951Z-
26 verbose logfile /home/ubuntu/.npm/_logs/2023-03-10T06_25_54_951Z-debug-0.log
27 timing npm:load:logFile Completed in 9ms
28 timing npm:load:timers Completed in 0ms
29 timing npm:load:configScope Completed in 0ms
30 timing npm:load Completed in 29ms
31 timing arborist:ctor Completed in 1ms
32 silly logfile start cleaning logs, removing 1 files
33 silly logfile done cleaning log files
34 timing idealTree:init Completed in 41ms
35 timing arborist:ctor Completed in 1ms
36 http fetch GET 200 https://registry.npmjs.org/@types%2flodash.isstring 250ms (cache miss)
37 http fetch GET 200 https://registry.npmjs.org/@types%2fbcrypt 260ms (cache miss)
38 http fetch GET 200 https://registry.npmjs.org/@types%2fcookie-parser 263ms (cache miss)
39 http fetch GET 200 https://registry.npmjs.org/@types%2fvary 262ms (cache miss)
40 http fetch GET 200 https://registry.npmjs.org/@types%2fcors 272ms (cache miss)
41 http fetch GET 200 https://registry.npmjs.org/@types%2fcookie 269ms (cache miss)
42 http fetch GET 200 https://registry.npmjs.org/@types%2fuuid 275ms (cache miss)
43 http fetch GET 200 https://registry.npmjs.org/@types%2fjsonwebtoken 278ms (cache miss)
44 http fetch GET 200 https://registry.npmjs.org/@types%2fnodemailer 279ms (cache miss)
45 http fetch GET 200 https://registry.npmjs.org/@types%2fvalidator 280ms (cache miss)
46 http fetch GET 200 https://registry.npmjs.org/@types%2fexpress 301ms (cache revalidated)
47 http fetch GET 200 https://registry.npmjs.org/@types%2fnodemon 512ms (cache miss)
48 http fetch GET 200 https://registry.npmjs.org/@types%2flodash.isplainobject 538ms (cache miss)
49 http fetch GET 200 https://registry.npmjs.org/@types%2flodash.isboolean 588ms (cache miss)
50 http fetch GET 200 https://registry.npmjs.org/@types%2fjws 596ms (cache miss)
51 http fetch GET 200 https://registry.npmjs.org/@types%2fnopt 679ms (cache miss)
52 http fetch GET 200 https://registry.npmjs.org/@types%2flodash.isinteger 684ms (cache miss)
53 http fetch GET 200 https://registry.npmjs.org/@types%2fejs 694ms (cache miss)
54 http fetch GET 200 https://registry.npmjs.org/@types%2flodash.once 706ms (cache miss)
55 http fetch GET 200 https://registry.npmjs.org/@types%2fobject-assign 721ms (cache miss)
56 http fetch GET 200 https://registry.npmjs.org/@types%2fnpmlog 734ms (cache miss)
57 http fetch GET 200 https://registry.npmjs.org/@types%2fcookie-signature 740ms (cache miss)
58 http fetch GET 200 https://registry.npmjs.org/@types%2flodash.includes 739ms (cache miss)
59 http fetch GET 200 https://registry.npmjs.org/@types%2flodash.isnumber 757ms (cache miss)
60 http fetch GET 200 https://registry.npmjs.org/@types%2fmulter 770ms (cache revalidated)
61 timing idealTree:userRequests Completed in 779ms
62 silly idealTree buildDeps
63 silly fetch manifest @types/multer@1.4.7
64 silly fetch manifest @types/lodash.isstring@4.0.7
65 silly fetch manifest @types/bcrypt@5.0.0
66 silly fetch manifest @types/cookie-parser@1.4.3
67 silly fetch manifest @types/vary@1.1.0
68 silly fetch manifest @types/cors@2.8.13
69 silly fetch manifest @types/cookie@0.5.1
70 silly fetch manifest @types/uuid@9.0.1
71 silly fetch manifest @types/jsonwebtoken@9.0.1
72 silly fetch manifest @types/nodemailer@6.4.7
73 silly fetch manifest @types/validator@13.7.13
74 silly fetch manifest @types/express@4.17.17
75 silly fetch manifest @types/nodemon@1.19.2
76 silly fetch manifest @types/lodash.isplainobject@4.0.7
77 silly fetch manifest @types/lodash.isboolean@3.0.7
78 silly fetch manifest @types/jws@3.2.5
79 silly fetch manifest @types/nopt@3.0.29
80 silly fetch manifest @types/lodash.isinteger@4.0.7
81 silly fetch manifest @types/ejs@3.1.2
82 silly fetch manifest @types/lodash.once@4.1.7
83 silly fetch manifest @types/object-assign@4.0.30
84 silly fetch manifest @types/npmlog@4.1.4
85 silly fetch manifest @types/cookie-signature@1.1.0
86 silly fetch manifest @types/lodash.includes@4.3.7
87 silly fetch manifest @types/lodash.isnumber@3.0.7
88 silly placeDep ROOT @types/bcrypt@5.0.0 OK for:  want: 5.0.0
89 silly placeDep ROOT @types/cookie@0.5.1 OK for:  want: 0.5.1
90 silly placeDep ROOT @types/cookie-parser@1.4.3 OK for:  want: 1.4.3
91 silly placeDep ROOT @types/cookie-signature@1.1.0 OK for:  want: 1.1.0
92 silly placeDep ROOT @types/cors@2.8.13 OK for:  want: 2.8.13
93 silly placeDep ROOT @types/ejs@3.1.2 OK for:  want: 3.1.2
94 silly placeDep ROOT @types/express@4.17.17 REPLACE for:  want: 4.17.17
95 silly placeDep ROOT @types/jsonwebtoken@9.0.1 OK for:  want: 9.0.1
96 silly placeDep ROOT @types/jws@3.2.5 OK for:  want: 3.2.5
97 silly placeDep ROOT @types/lodash.includes@4.3.7 OK for:  want: 4.3.7
98 silly placeDep ROOT @types/lodash.isboolean@3.0.7 OK for:  want: 3.0.7
99 silly placeDep ROOT @types/lodash.isinteger@4.0.7 OK for:  want: 4.0.7
100 silly placeDep ROOT @types/lodash.isnumber@3.0.7 OK for:  want: 3.0.7
101 silly placeDep ROOT @types/lodash.isplainobject@4.0.7 OK for:  want: 4.0.7
102 silly placeDep ROOT @types/lodash.isstring@4.0.7 OK for:  want: 4.0.7
103 silly placeDep ROOT @types/lodash.once@4.1.7 OK for:  want: 4.1.7
104 silly placeDep ROOT @types/multer@1.4.7 REPLACE for:  want: 1.4.7
105 silly placeDep ROOT @types/nodemailer@6.4.7 OK for:  want: 6.4.7
106 silly placeDep ROOT @types/nodemon@1.19.2 OK for:  want: 1.19.2
107 silly placeDep ROOT @types/nopt@3.0.29 OK for:  want: 3.0.29
108 silly placeDep ROOT @types/npmlog@4.1.4 OK for:  want: 4.1.4
109 silly placeDep ROOT @types/object-assign@4.0.30 OK for:  want: 4.0.30
110 silly placeDep ROOT @types/uuid@9.0.1 OK for:  want: 9.0.1
111 silly placeDep ROOT @types/validator@13.7.13 OK for:  want: 13.7.13
112 silly placeDep ROOT @types/vary@1.1.0 OK for:  want: 1.1.0
113 silly fetch manifest @types/lodash@*
114 http fetch GET 200 https://registry.npmjs.org/@types%2flodash 56ms (cache revalidated)
115 timing idealTree:#root Completed in 112ms
116 timing idealTree:node_modules/@types/bcrypt Completed in 0ms
117 timing idealTree:node_modules/@types/cookie Completed in 0ms
118 timing idealTree:node_modules/@types/cookie-parser Completed in 0ms
119 timing idealTree:node_modules/@types/cookie-signature Completed in 0ms
120 timing idealTree:node_modules/@types/cors Completed in 0ms
121 timing idealTree:node_modules/@types/ejs Completed in 0ms
122 timing idealTree:node_modules/@types/express Completed in 0ms
123 timing idealTree:node_modules/@types/jsonwebtoken Completed in 0ms
124 timing idealTree:node_modules/@types/jws Completed in 0ms
125 silly placeDep ROOT @types/lodash@4.14.191 OK for: @types/lodash.includes@4.3.7 want: *
126 timing idealTree:node_modules/@types/lodash.includes Completed in 2ms
127 timing idealTree:node_modules/@types/lodash Completed in 0ms
128 timing idealTree:node_modules/@types/lodash.isboolean Completed in 0ms
129 timing idealTree:node_modules/@types/lodash.isinteger Completed in 0ms
130 timing idealTree:node_modules/@types/lodash.isnumber Completed in 0ms
131 timing idealTree:node_modules/@types/lodash.isplainobject Completed in 0ms
132 timing idealTree:node_modules/@types/lodash.isstring Completed in 0ms
133 timing idealTree:node_modules/@types/lodash.once Completed in 0ms
134 timing idealTree:node_modules/@types/multer Completed in 0ms
135 timing idealTree:node_modules/@types/nodemailer Completed in 0ms
136 timing idealTree:node_modules/@types/nodemon Completed in 0ms
137 timing idealTree:node_modules/@types/nopt Completed in 0ms
138 timing idealTree:node_modules/@types/npmlog Completed in 0ms
139 timing idealTree:node_modules/@types/object-assign Completed in 0ms
140 timing idealTree:node_modules/@types/uuid Completed in 0ms
141 timing idealTree:node_modules/@types/validator Completed in 0ms
142 timing idealTree:node_modules/@types/vary Completed in 0ms
143 timing idealTree:buildDeps Completed in 118ms
144 timing idealTree:fixDepFlags Completed in 0ms
145 timing idealTree Completed in 941ms
146 timing reify:loadTrees Completed in 942ms
147 timing reify:diffTrees Completed in 3ms
148 silly reify moves {}
149 timing reify:retireShallow Completed in 1ms
150 timing reify:createSparse Completed in 4ms
151 timing reify:loadBundles Completed in 0ms
152 silly audit bulk request {
152 silly audit   '@types/body-parser': [ '1.19.2' ],
152 silly audit   '@types/busboy': [ '1.5.0' ],
152 silly audit   '@types/concat-stream': [ '2.0.0' ],
152 silly audit   '@types/connect': [ '3.4.35' ],
152 silly audit   '@types/express-serve-static-core': [ '4.17.33' ],
152 silly audit   '@types/jquery': [ '3.5.16' ],
152 silly audit   '@types/mime': [ '3.0.1' ],
152 silly audit   '@types/node': [ '18.14.6' ],
152 silly audit   '@types/owl.carousel': [ '2.3.3' ],
152 silly audit   '@types/prop-types': [ '15.7.5' ],
152 silly audit   '@types/qs': [ '6.9.7' ],
152 silly audit   '@types/range-parser': [ '1.2.4' ],
152 silly audit   '@types/react': [ '18.0.28' ],
152 silly audit   '@types/react-responsive': [ '8.0.5' ],
152 silly audit   '@types/scheduler': [ '0.16.2' ],
152 silly audit   '@types/serve-static': [ '1.15.1' ],
152 silly audit   '@types/sizzle': [ '2.3.3' ],
152 silly audit   '@types/type-is': [ '1.6.3' ],
152 silly audit   '@types/xtend': [ '4.0.4' ],
152 silly audit   '@types/youtube-player': [ '5.5.7' ],
152 silly audit   csstype: [ '3.1.1' ],
152 silly audit   'types-registry': [ '0.1.634' ],
152 silly audit   '@types/bcrypt': [ '5.0.0' ],
152 silly audit   '@types/cookie': [ '0.5.1' ],
152 silly audit   '@types/cookie-parser': [ '1.4.3' ],
152 silly audit   '@types/cookie-signature': [ '1.1.0' ],
152 silly audit   '@types/cors': [ '2.8.13' ],
152 silly audit   '@types/ejs': [ '3.1.2' ],
152 silly audit   '@types/express': [ '4.17.17' ],
152 silly audit   '@types/jsonwebtoken': [ '9.0.1' ],
152 silly audit   '@types/jws': [ '3.2.5' ],
152 silly audit   '@types/lodash.includes': [ '4.3.7' ],
152 silly audit   '@types/lodash.isboolean': [ '3.0.7' ],
152 silly audit   '@types/lodash.isinteger': [ '4.0.7' ],
152 silly audit   '@types/lodash.isnumber': [ '3.0.7' ],
152 silly audit   '@types/lodash.isplainobject': [ '4.0.7' ],
152 silly audit   '@types/lodash.isstring': [ '4.0.7' ],
152 silly audit   '@types/lodash.once': [ '4.1.7' ],
152 silly audit   '@types/multer': [ '1.4.7' ],
152 silly audit   '@types/nodemailer': [ '6.4.7' ],
152 silly audit   '@types/nodemon': [ '1.19.2' ],
152 silly audit   '@types/nopt': [ '3.0.29' ],
152 silly audit   '@types/npmlog': [ '4.1.4' ],
152 silly audit   '@types/object-assign': [ '4.0.30' ],
152 silly audit   '@types/uuid': [ '9.0.1' ],
152 silly audit   '@types/validator': [ '13.7.13' ],
152 silly audit   '@types/vary': [ '1.1.0' ],
152 silly audit   '@types/lodash': [ '4.14.191' ]
152 silly audit }
153 silly tarball no local data for @types/vary@https://registry.npmjs.org/@types/vary/-/vary-1.1.0.tgz. Extracting by manifest.
154 silly tarball no local data for @types/validator@https://registry.npmjs.org/@types/validator/-/validator-13.7.13.tgz. Extracting by manifest.
155 silly tarball no local data for @types/uuid@https://registry.npmjs.org/@types/uuid/-/uuid-9.0.1.tgz. Extracting by manifest.
156 silly tarball no local data for @types/object-assign@https://registry.npmjs.org/@types/object-assign/-/object-assign-4.0.30.tgz. Extracting by manifest.
157 silly tarball no local data for @types/npmlog@https://registry.npmjs.org/@types/npmlog/-/npmlog-4.1.4.tgz. Extracting by manifest.
158 silly tarball no local data for @types/nopt@https://registry.npmjs.org/@types/nopt/-/nopt-3.0.29.tgz. Extracting by manifest.
159 silly tarball no local data for @types/nodemon@https://registry.npmjs.org/@types/nodemon/-/nodemon-1.19.2.tgz. Extracting by manifest.
160 silly tarball no local data for @types/nodemailer@https://registry.npmjs.org/@types/nodemailer/-/nodemailer-6.4.7.tgz. Extracting by manifest.
161 silly tarball no local data for @types/lodash.once@https://registry.npmjs.org/@types/lodash.once/-/lodash.once-4.1.7.tgz. Extracting by manifest.
162 silly tarball no local data for @types/lodash.isstring@https://registry.npmjs.org/@types/lodash.isstring/-/lodash.isstring-4.0.7.tgz. Extracting by manifest.
163 silly tarball no local data for @types/lodash.isplainobject@https://registry.npmjs.org/@types/lodash.isplainobject/-/lodash.isplainobject-4.0.7.tgz. Extracting by manifest.
164 silly tarball no local data for @types/lodash.isnumber@https://registry.npmjs.org/@types/lodash.isnumber/-/lodash.isnumber-3.0.7.tgz. Extracting by manifest.
165 silly tarball no local data for @types/lodash.isinteger@https://registry.npmjs.org/@types/lodash.isinteger/-/lodash.isinteger-4.0.7.tgz. Extracting by manifest.
166 silly tarball no local data for @types/lodash.isboolean@https://registry.npmjs.org/@types/lodash.isboolean/-/lodash.isboolean-3.0.7.tgz. Extracting by manifest.
167 silly tarball no local data for @types/lodash.includes@https://registry.npmjs.org/@types/lodash.includes/-/lodash.includes-4.3.7.tgz. Extracting by manifest.
168 silly tarball no local data for @types/jws@https://registry.npmjs.org/@types/jws/-/jws-3.2.5.tgz. Extracting by manifest.
169 silly tarball no local data for @types/jsonwebtoken@https://registry.npmjs.org/@types/jsonwebtoken/-/jsonwebtoken-9.0.1.tgz. Extracting by manifest.
170 silly tarball no local data for @types/ejs@https://registry.npmjs.org/@types/ejs/-/ejs-3.1.2.tgz. Extracting by manifest.
171 silly tarball no local data for @types/cors@https://registry.npmjs.org/@types/cors/-/cors-2.8.13.tgz. Extracting by manifest.
172 silly tarball no local data for @types/cookie-signature@https://registry.npmjs.org/@types/cookie-signature/-/cookie-signature-1.1.0.tgz. Extracting by manifest.
173 silly tarball no local data for @types/cookie-parser@https://registry.npmjs.org/@types/cookie-parser/-/cookie-parser-1.4.3.tgz. Extracting by manifest.
174 silly tarball no local data for @types/cookie@https://registry.npmjs.org/@types/cookie/-/cookie-0.5.1.tgz. Extracting by manifest.
175 silly tarball no local data for @types/bcrypt@https://registry.npmjs.org/@types/bcrypt/-/bcrypt-5.0.0.tgz. Extracting by manifest.
176 http fetch POST 200 https://registry.npmjs.org/-/npm/v1/security/advisories/bulk 182ms
177 timing auditReport:getReport Completed in 186ms
178 silly audit report {}
179 timing auditReport:init Completed in 0ms
180 timing reify:audit Completed in 187ms
181 http fetch GET 200 https://registry.npmjs.org/@types/uuid/-/uuid-9.0.1.tgz 198ms (cache miss)
182 timing reifyNode:node_modules/@types/uuid Completed in 220ms
183 http fetch GET 200 https://registry.npmjs.org/@types/lodash.isstring/-/lodash.isstring-4.0.7.tgz 187ms (cache miss)
184 timing reifyNode:node_modules/@types/lodash.isstring Completed in 221ms
185 http fetch GET 200 https://registry.npmjs.org/@types/lodash.isplainobject/-/lodash.isplainobject-4.0.7.tgz 193ms (cache miss)
186 timing reifyNode:node_modules/@types/lodash.isplainobject Completed in 228ms
187 http fetch GET 200 https://registry.npmjs.org/@types/nopt/-/nopt-3.0.29.tgz 202ms (cache miss)
188 timing reifyNode:node_modules/@types/nopt Completed in 229ms
189 http fetch GET 200 https://registry.npmjs.org/@types/lodash.once/-/lodash.once-4.1.7.tgz 198ms (cache miss)
190 timing reifyNode:node_modules/@types/lodash.once Completed in 230ms
191 http fetch GET 200 https://registry.npmjs.org/@types/vary/-/vary-1.1.0.tgz 212ms (cache miss)
192 timing reifyNode:node_modules/@types/vary Completed in 231ms
193 http fetch GET 200 https://registry.npmjs.org/@types/jsonwebtoken/-/jsonwebtoken-9.0.1.tgz 191ms (cache miss)
194 timing reifyNode:node_modules/@types/jsonwebtoken Completed in 237ms
195 http fetch GET 200 https://registry.npmjs.org/@types/cors/-/cors-2.8.13.tgz 191ms (cache miss)
196 timing reifyNode:node_modules/@types/cors Completed in 239ms
197 http fetch GET 200 https://registry.npmjs.org/@types/cookie-signature/-/cookie-signature-1.1.0.tgz 190ms (cache miss)
198 timing reifyNode:node_modules/@types/cookie-signature Completed in 240ms
199 http fetch GET 200 https://registry.npmjs.org/@types/bcrypt/-/bcrypt-5.0.0.tgz 184ms (cache miss)
200 timing reifyNode:node_modules/@types/bcrypt Completed in 244ms
201 http fetch GET 200 https://registry.npmjs.org/@types/nodemailer/-/nodemailer-6.4.7.tgz 234ms (cache miss)
202 timing reifyNode:node_modules/@types/nodemailer Completed in 265ms
203 http fetch GET 200 https://registry.npmjs.org/@types/cookie/-/cookie-0.5.1.tgz 241ms (cache miss)
204 timing reifyNode:node_modules/@types/cookie Completed in 299ms
205 http fetch GET 200 https://registry.npmjs.org/@types/object-assign/-/object-assign-4.0.30.tgz 379ms (cache miss)
206 timing reifyNode:node_modules/@types/object-assign Completed in 403ms
207 http fetch GET 200 https://registry.npmjs.org/@types/npmlog/-/npmlog-4.1.4.tgz 380ms (cache miss)
208 timing reifyNode:node_modules/@types/npmlog Completed in 405ms
209 http fetch GET 200 https://registry.npmjs.org/@types/lodash.isnumber/-/lodash.isnumber-3.0.7.tgz 375ms (cache miss)
210 timing reifyNode:node_modules/@types/lodash.isnumber Completed in 411ms
211 http fetch GET 200 https://registry.npmjs.org/@types/lodash.isboolean/-/lodash.isboolean-3.0.7.tgz 373ms (cache miss)
212 timing reifyNode:node_modules/@types/lodash.isboolean Completed in 412ms
213 http fetch GET 200 https://registry.npmjs.org/@types/nodemon/-/nodemon-1.19.2.tgz 385ms (cache miss)
214 timing reifyNode:node_modules/@types/nodemon Completed in 413ms
215 http fetch GET 200 https://registry.npmjs.org/@types/jws/-/jws-3.2.5.tgz 401ms (cache miss)
216 timing reifyNode:node_modules/@types/jws Completed in 445ms
217 http fetch GET 200 https://registry.npmjs.org/@types/lodash.includes/-/lodash.includes-4.3.7.tgz 421ms (cache miss)
218 timing reifyNode:node_modules/@types/lodash.includes Completed in 463ms
219 http fetch GET 200 https://registry.npmjs.org/@types/ejs/-/ejs-3.1.2.tgz 432ms (cache miss)
220 timing reifyNode:node_modules/@types/ejs Completed in 479ms
221 http fetch GET 200 https://registry.npmjs.org/@types/cookie-parser/-/cookie-parser-1.4.3.tgz 443ms (cache miss)
222 timing reifyNode:node_modules/@types/cookie-parser Completed in 494ms
223 http fetch GET 200 https://registry.npmjs.org/@types/validator/-/validator-13.7.13.tgz 496ms (cache miss)
224 timing reifyNode:node_modules/@types/validator Completed in 518ms
225 http fetch GET 200 https://registry.npmjs.org/@types/lodash.isinteger/-/lodash.isinteger-4.0.7.tgz 575ms (cache miss)
226 timing reifyNode:node_modules/@types/lodash.isinteger Completed in 613ms
227 timing reifyNode:node_modules/@types/lodash Completed in 700ms
228 timing reify:unpack Completed in 700ms
229 timing reify:unretire Completed in 0ms
230 timing build:queue Completed in 1ms
231 timing build:deps Completed in 1ms
232 timing build Completed in 2ms
233 timing reify:build Completed in 2ms
234 timing reify:trash Completed in 0ms
235 timing reify:save Completed in 34ms
236 timing reify Completed in 1711ms
237 silly ADD node_modules/@types/lodash
238 silly ADD node_modules/@types/vary
239 silly ADD node_modules/@types/validator
240 silly ADD node_modules/@types/uuid
241 silly ADD node_modules/@types/object-assign
242 silly ADD node_modules/@types/npmlog
243 silly ADD node_modules/@types/nopt
244 silly ADD node_modules/@types/nodemon
245 silly ADD node_modules/@types/nodemailer
246 silly ADD node_modules/@types/lodash.once
247 silly ADD node_modules/@types/lodash.isstring
248 silly ADD node_modules/@types/lodash.isplainobject
249 silly ADD node_modules/@types/lodash.isnumber
250 silly ADD node_modules/@types/lodash.isinteger
251 silly ADD node_modules/@types/lodash.isboolean
252 silly ADD node_modules/@types/lodash.includes
253 silly ADD node_modules/@types/jws
254 silly ADD node_modules/@types/jsonwebtoken
255 silly ADD node_modules/@types/ejs
256 silly ADD node_modules/@types/cors
257 silly ADD node_modules/@types/cookie-signature
258 silly ADD node_modules/@types/cookie-parser
259 silly ADD node_modules/@types/cookie
260 silly ADD node_modules/@types/bcrypt
261 timing command:install Completed in 1719ms
262 verbose exit 0
263 timing npm Completed in 1763ms
264 info ok
