0 verbose cli /home/ubuntu/.nvm/versions/node/v18.14.2/bin/node /home/ubuntu/.nvm/versions/node/v18.14.2/bin/npm
1 info using npm@9.6.0
2 info using node@v18.14.2
3 timing npm:load:whichnode Completed in 1ms
4 timing config:load:defaults Completed in 2ms
5 timing config:load:file:/home/ubuntu/.nvm/versions/node/v18.14.2/lib/node_modules/npm/npmrc Completed in 0ms
6 timing config:load:builtin Completed in 0ms
7 timing config:load:cli Completed in 3ms
8 timing config:load:env Completed in 0ms
9 timing config:load:file:/home/ubuntu/.cache/typescript/4.9/.npmrc Completed in 0ms
10 timing config:load:project Completed in 1ms
11 timing config:load:file:/home/ubuntu/.npmrc Completed in 0ms
12 timing config:load:user Completed in 0ms
13 timing config:load:file:/home/ubuntu/.nvm/versions/node/v18.14.2/etc/npmrc Completed in 0ms
14 timing config:load:global Completed in 0ms
15 timing config:load:setEnvs Completed in 1ms
16 timing config:load Completed in 9ms
17 timing npm:load:configload Completed in 10ms
18 timing npm:load:mkdirpcache Completed in 0ms
19 timing npm:load:mkdirplogs Completed in 0ms
20 verbose title npm install @types/react@ts4.9
21 verbose argv "install" "--ignore-scripts" "@types/react@ts4.9" "--save-dev" "--user-agent" "typesInstaller/4.9.5"
22 timing npm:load:setTitle Completed in 2ms
23 timing config:load:flatten Completed in 4ms
24 timing npm:load:display Completed in 5ms
25 verbose logfile logs-max:10 dir:/home/ubuntu/.npm/_logs/2023-03-10T06_35_47_228Z-
26 verbose logfile /home/ubuntu/.npm/_logs/2023-03-10T06_35_47_228Z-debug-0.log
27 timing npm:load:logFile Completed in 9ms
28 timing npm:load:timers Completed in 0ms
29 timing npm:load:configScope Completed in 0ms
30 timing npm:load Completed in 28ms
31 timing arborist:ctor Completed in 1ms
32 silly logfile start cleaning logs, removing 1 files
33 silly logfile done cleaning log files
34 timing idealTree:init Completed in 87ms
35 timing arborist:ctor Completed in 0ms
36 http fetch GET 200 https://registry.npmjs.org/@types%2freact 234ms (cache revalidated)
37 timing idealTree:userRequests Completed in 257ms
38 silly idealTree buildDeps
39 silly fetch manifest @types/react@18.0.28
40 silly placeDep ROOT @types/react@18.0.28 REPLACE for:  want: 18.0.28
41 timing idealTree:#root Completed in 8ms
42 timing idealTree:node_modules/@types/react Completed in 0ms
43 timing idealTree:buildDeps Completed in 10ms
44 timing idealTree:fixDepFlags Completed in 0ms
45 timing idealTree Completed in 356ms
46 timing reify:loadTrees Completed in 357ms
47 timing reify:diffTrees Completed in 3ms
48 silly reify moves {}
49 timing reify:retireShallow Completed in 2ms
50 timing reify:createSparse Completed in 0ms
51 timing reify:loadBundles Completed in 0ms
52 silly audit bulk request {
52 silly audit   '@types/bcrypt': [ '5.0.0' ],
52 silly audit   '@types/body-parser': [ '1.19.2' ],
52 silly audit   '@types/busboy': [ '1.5.0' ],
52 silly audit   '@types/concat-stream': [ '2.0.0' ],
52 silly audit   '@types/connect': [ '3.4.35' ],
52 silly audit   '@types/cookie': [ '0.5.1' ],
52 silly audit   '@types/cookie-parser': [ '1.4.3' ],
52 silly audit   '@types/cookie-signature': [ '1.1.0' ],
52 silly audit   '@types/cors': [ '2.8.13' ],
52 silly audit   '@types/ejs': [ '3.1.2' ],
52 silly audit   '@types/express': [ '4.17.17' ],
52 silly audit   '@types/express-serve-static-core': [ '4.17.33' ],
52 silly audit   '@types/jquery': [ '3.5.16' ],
52 silly audit   '@types/jsonwebtoken': [ '9.0.1' ],
52 silly audit   '@types/jws': [ '3.2.5' ],
52 silly audit   '@types/lodash': [ '4.14.191' ],
52 silly audit   '@types/lodash.includes': [ '4.3.7' ],
52 silly audit   '@types/lodash.isboolean': [ '3.0.7' ],
52 silly audit   '@types/lodash.isinteger': [ '4.0.7' ],
52 silly audit   '@types/lodash.isnumber': [ '3.0.7' ],
52 silly audit   '@types/lodash.isplainobject': [ '4.0.7' ],
52 silly audit   '@types/lodash.isstring': [ '4.0.7' ],
52 silly audit   '@types/lodash.once': [ '4.1.7' ],
52 silly audit   '@types/mime': [ '3.0.1' ],
52 silly audit   '@types/multer': [ '1.4.7' ],
52 silly audit   '@types/node': [ '18.14.6' ],
52 silly audit   '@types/nodemailer': [ '6.4.7' ],
52 silly audit   '@types/nodemon': [ '1.19.2' ],
52 silly audit   '@types/nopt': [ '3.0.29' ],
52 silly audit   '@types/npmlog': [ '4.1.4' ],
52 silly audit   '@types/object-assign': [ '4.0.30' ],
52 silly audit   '@types/owl.carousel': [ '2.3.3' ],
52 silly audit   '@types/prop-types': [ '15.7.5' ],
52 silly audit   '@types/qs': [ '6.9.7' ],
52 silly audit   '@types/range-parser': [ '1.2.4' ],
52 silly audit   '@types/react-responsive': [ '8.0.5' ],
52 silly audit   '@types/scheduler': [ '0.16.2' ],
52 silly audit   '@types/serve-static': [ '1.15.1' ],
52 silly audit   '@types/sizzle': [ '2.3.3' ],
52 silly audit   '@types/type-is': [ '1.6.3' ],
52 silly audit   '@types/uuid': [ '9.0.1' ],
52 silly audit   '@types/validator': [ '13.7.13' ],
52 silly audit   '@types/vary': [ '1.1.0' ],
52 silly audit   '@types/xtend': [ '4.0.4' ],
52 silly audit   '@types/youtube-player': [ '5.5.7' ],
52 silly audit   csstype: [ '3.1.1' ],
52 silly audit   'types-registry': [ '0.1.634' ],
52 silly audit   '@types/react': [ '18.0.28' ]
52 silly audit }
53 timing reify:unpack Completed in 0ms
54 timing reify:unretire Completed in 0ms
55 timing build:queue Completed in 0ms
56 timing build:deps Completed in 0ms
57 timing build Completed in 1ms
58 timing reify:build Completed in 1ms
59 timing reify:trash Completed in 0ms
60 timing reify:save Completed in 62ms
61 http fetch POST 200 https://registry.npmjs.org/-/npm/v1/security/advisories/bulk 143ms
62 timing auditReport:getReport Completed in 152ms
63 silly audit report {}
64 timing auditReport:init Completed in 0ms
65 timing reify:audit Completed in 153ms
66 timing reify Completed in 525ms
67 timing command:install Completed in 532ms
68 verbose exit 0
69 timing npm Completed in 577ms
70 info ok
