2023-03-08 04:37:11.471 [info] Log level: Info
2023-03-08 04:37:11.471 [info] Validating found git in: "git"
2023-03-08 04:37:11.471 [info] Using git "2.34.1" from "git"
2023-03-08 04:37:11.471 [info] > git rev-parse --show-toplevel [160ms]
2023-03-08 04:37:11.471 [info] > git rev-parse --git-dir --git-common-dir [12ms]
2023-03-08 04:37:11.471 [info] Open repository: /home/ubuntu
2023-03-08 04:37:11.471 [info] > git rev-parse --show-toplevel [22ms]
2023-03-08 04:37:11.471 [info] > git fetch [54ms]
2023-03-08 04:37:11.471 [info] > git config --get commit.template [27ms]
2023-03-08 04:37:11.471 [info] No remotes found in the git config file.
2023-03-08 04:37:11.471 [info] > git rev-parse --git-dir --git-common-dir [30ms]
2023-03-08 04:37:11.471 [info] Open repository: /home/ubuntu/footox_admin
2023-03-08 04:37:11.471 [info] > git for-each-ref --format=%(refname)%00%(upstream:short)%00%(objectname)%00%(upstream:track)%00%(upstream:remotename)%00%(upstream:remoteref) refs/heads/master refs/remotes/master [69ms]
2023-03-08 04:37:11.471 [info] > git config --get commit.template [115ms]
2023-03-08 04:37:11.471 [info] No remotes found in the git config file.
2023-03-08 04:37:11.471 [info] > git config --get commit.template [88ms]
2023-03-08 04:37:11.471 [info] > git rev-parse --show-toplevel [106ms]
2023-03-08 04:37:11.471 [info] > git rev-parse --show-toplevel [7ms]
2023-03-08 04:37:11.471 [info] > git config --get commit.template [47ms]
2023-03-08 04:37:11.471 [info] > git for-each-ref --format=%(refname)%00%(upstream:short)%00%(objectname)%00%(upstream:track)%00%(upstream:remotename)%00%(upstream:remoteref) refs/heads/master refs/remotes/master [83ms]
2023-03-08 04:37:11.471 [info] > git for-each-ref --format=%(refname)%00%(upstream:short)%00%(objectname)%00%(upstream:track)%00%(upstream:remotename)%00%(upstream:remoteref) refs/heads/development refs/remotes/development [6ms]
2023-03-08 04:37:11.471 [info] > git rev-parse --show-toplevel [96ms]
2023-03-08 04:37:11.471 [info] No remotes found in the git config file.
2023-03-08 04:37:11.471 [info] > git rev-parse --show-toplevel [18ms]
2023-03-08 04:37:11.471 [info] > git for-each-ref --sort -committerdate --format %(refname) %(objectname) %(*objectname) [53ms]
2023-03-08 04:37:11.471 [info] > git for-each-ref --format=%(refname)%00%(upstream:short)%00%(objectname)%00%(upstream:track)%00%(upstream:remotename)%00%(upstream:remoteref) refs/heads/master refs/remotes/master [37ms]
2023-03-08 04:37:11.471 [info] > git status -z -uall [166ms]
2023-03-08 04:37:11.471 [info] > git rev-parse --git-dir --git-common-dir [127ms]
2023-03-08 04:37:11.471 [info] Open repository: /home/ubuntu/.nvm
2023-03-08 04:37:11.471 [info] > git fetch [564ms]
2023-03-08 04:37:11.471 [info] > git rev-parse --show-toplevel [211ms]
2023-03-08 04:37:11.471 [info] > git for-each-ref --sort -committerdate --format %(refname) %(objectname) %(*objectname) [370ms]
2023-03-08 04:37:11.471 [info] > git config --get commit.template [76ms]
2023-03-08 04:37:11.471 [info] > git config --get commit.template [110ms]
2023-03-08 04:37:11.471 [info] > git config --get commit.template [124ms]
2023-03-08 04:37:11.471 [info] > git rev-parse --show-toplevel [71ms]
2023-03-08 04:37:11.471 [info] > git for-each-ref --format %(refname) %(objectname) %(*objectname) refs/tags [127ms]
2023-03-08 04:37:11.471 [info] > git for-each-ref --format=%(refname)%00%(upstream:short)%00%(objectname)%00%(upstream:track)%00%(upstream:remotename)%00%(upstream:remoteref) refs/heads/development refs/remotes/development [209ms]
2023-03-08 04:37:11.471 [info] > git rev-parse --show-toplevel [248ms]
2023-03-08 04:37:11.471 [info] > git status -z -uall [833ms]
2023-03-08 04:37:11.471 [info] > git status -z -uall [100ms]
2023-03-08 04:37:11.471 [info] > git for-each-ref --sort -committerdate --format %(refname) %(objectname) %(*objectname) [82ms]
2023-03-08 04:37:11.471 [info] > git for-each-ref --format=%(refname)%00%(upstream:short)%00%(objectname)%00%(upstream:track)%00%(upstream:remotename)%00%(upstream:remoteref) refs/heads/development refs/remotes/development [274ms]
2023-03-08 04:37:11.471 [info] > git fetch [735ms]
2023-03-08 04:37:11.471 [info] > git rev-parse --git-dir --git-common-dir [146ms]
2023-03-08 04:37:11.471 [info] Open repository: /home/ubuntu/footox-backend
2023-03-08 04:37:11.471 [info] > git status -z -uall [2336ms]
2023-03-08 04:37:11.471 [info] > git rev-parse --show-toplevel [2201ms]
2023-03-08 04:37:11.472 [info] > git fetch [2273ms]
2023-03-08 04:37:11.472 [info] > git config --get commit.template [2340ms]
2023-03-08 04:37:11.472 [info] > git for-each-ref --sort -committerdate --format %(refname) %(objectname) %(*objectname) [2376ms]
2023-03-08 04:37:11.472 [info] > git config --get commit.template [165ms]
2023-03-08 04:37:11.472 [info] > git config --get commit.template [31ms]
2023-03-08 04:37:11.472 [info] > git rev-parse --git-dir --git-common-dir [122ms]
2023-03-08 04:37:11.472 [info] Open repository: /home/ubuntu/footox_front
2023-03-08 04:37:11.472 [info] > git for-each-ref --format %(refname) %(objectname) %(*objectname) refs/tags [138ms]
2023-03-08 04:37:11.472 [info] > git status -z -uall [29ms]
2023-03-08 04:37:11.472 [info] > git config --get commit.template [57ms]
2023-03-08 04:37:11.472 [info] > git for-each-ref --format=%(refname)%00%(upstream:short)%00%(objectname)%00%(upstream:track)%00%(upstream:remotename)%00%(upstream:remoteref) refs/heads/master refs/remotes/master [81ms]
2023-03-08 04:37:11.472 [info] > git for-each-ref --sort -committerdate --format %(refname) %(objectname) %(*objectname) [29ms]
2023-03-08 04:37:11.472 [info] > git for-each-ref --format=%(refname)%00%(upstream:short)%00%(objectname)%00%(upstream:track)%00%(upstream:remotename)%00%(upstream:remoteref) refs/heads/master refs/remotes/master [89ms]
2023-03-08 04:37:11.472 [info] > git status -z -uall [27ms]
2023-03-08 04:37:11.472 [info] > git for-each-ref --format=%(refname)%00%(upstream:short)%00%(objectname)%00%(upstream:track)%00%(upstream:remotename)%00%(upstream:remoteref) refs/heads/master refs/remotes/master [44ms]
2023-03-08 04:37:11.472 [info] > git status -z -uall [29ms]
2023-03-08 04:37:11.472 [info] > git for-each-ref --sort -committerdate --format %(refname) %(objectname) %(*objectname) [62ms]
2023-03-08 04:37:11.472 [info] > git fetch [339ms]
2023-03-08 04:37:11.472 [info] > git for-each-ref --sort -committerdate --format %(refname) %(objectname) %(*objectname) [31ms] (cancelled)
2023-03-08 04:37:11.472 [info] > git config --get commit.template [8ms]
2023-03-08 04:37:11.472 [info] > git for-each-ref --format=%(refname)%00%(upstream:short)%00%(objectname)%00%(upstream:track)%00%(upstream:remotename)%00%(upstream:remoteref) refs/heads/master refs/remotes/master [30ms]
2023-03-08 04:37:11.472 [info] > git status -z -uall [60ms]
2023-03-08 04:37:11.472 [info] > git for-each-ref --sort -committerdate --format %(refname) %(objectname) %(*objectname) [46ms]
2023-03-08 04:37:12.092 [info] > git check-ignore -v -z --stdin [9ms]
2023-03-08 04:37:12.093 [info] > git check-ignore -v -z --stdin [29ms]
2023-03-08 04:37:12.095 [info] > git check-ignore -v -z --stdin [21ms]
2023-03-08 04:37:12.099 [info] > git check-ignore -v -z --stdin [10ms]
2023-03-08 04:37:12.487 [info] > git config --get commit.template [17ms]
2023-03-08 04:37:12.521 [info] > git config --get commit.template [36ms]
2023-03-08 04:37:12.523 [info] > git for-each-ref --format %(refname) %(objectname) %(*objectname) refs/tags [10ms]
2023-03-08 04:37:12.547 [info] > git for-each-ref --format=%(refname)%00%(upstream:short)%00%(objectname)%00%(upstream:track)%00%(upstream:remotename)%00%(upstream:remoteref) refs/heads/development refs/remotes/development [47ms]
2023-03-08 04:37:12.584 [info] > git status -z -uall [49ms]
2023-03-08 04:37:12.584 [info] > git for-each-ref --sort -committerdate --format %(refname) %(objectname) %(*objectname) [38ms]
2023-03-08 04:37:12.587 [info] > git config --get commit.template [67ms]
2023-03-08 04:37:12.597 [info] > git for-each-ref --sort -committerdate --format %(refname) %(objectname) %(*objectname) [27ms]
2023-03-08 04:37:12.599 [info] > git config --get commit.template [16ms]
2023-03-08 04:37:12.608 [info] No remotes found in the git config file.
2023-03-08 04:37:12.609 [info] > git for-each-ref --format=%(refname)%00%(upstream:short)%00%(objectname)%00%(upstream:track)%00%(upstream:remotename)%00%(upstream:remoteref) refs/heads/master refs/remotes/master [14ms]
2023-03-08 04:37:12.629 [info] > git status -z -uall [12ms]
2023-03-08 04:37:12.631 [info] > git for-each-ref --format=%(refname)%00%(upstream:short)%00%(objectname)%00%(upstream:track)%00%(upstream:remotename)%00%(upstream:remoteref) refs/heads/master refs/remotes/master [23ms]
2023-03-08 04:37:12.661 [info] > git status -z -uall [104ms]
2023-03-08 04:37:12.662 [info] > git for-each-ref --sort -committerdate --format %(refname) %(objectname) %(*objectname) [33ms]
2023-03-08 04:37:12.669 [info] > git for-each-ref --sort -committerdate --format %(refname) %(objectname) %(*objectname) [14ms]
2023-03-08 04:37:12.703 [info] > git show --textconv :src/Admin/products/StockPage2.jsx [11ms]
2023-03-08 04:37:12.710 [info] > git ls-files --stage -- /home/ubuntu/footox_admin/src/Admin/products/StockPage2.jsx [8ms]
2023-03-08 04:37:12.721 [info] > git cat-file -s 42e3ad2c95ded8f158ceddaf89a6da6da3f7a0c2 [2ms]
2023-03-08 04:37:12.892 [info] > git status -z -uall [253ms]
2023-03-08 04:37:14.594 [info] > git config --get commit.template [1702ms]
2023-03-08 04:37:14.642 [info] > git check-ignore -v -z --stdin [30ms]
2023-03-08 04:37:14.643 [info] > git check-ignore -v -z --stdin [23ms]
2023-03-08 04:37:14.643 [info] > git for-each-ref --format=%(refname)%00%(upstream:short)%00%(objectname)%00%(upstream:track)%00%(upstream:remotename)%00%(upstream:remoteref) refs/heads/master refs/remotes/master [9ms]
2023-03-08 04:37:14.667 [info] > git status -z -uall [14ms]
2023-03-08 04:37:14.672 [info] > git for-each-ref --sort -committerdate --format %(refname) %(objectname) %(*objectname) [10ms]
2023-03-08 04:37:15.444 [info] > git check-ignore -v -z --stdin [19ms]
2023-03-08 04:37:15.447 [info] > git check-ignore -v -z --stdin [13ms]
2023-03-08 04:37:15.449 [info] > git check-ignore -v -z --stdin [7ms]
2023-03-08 04:37:16.149 [info] > git ls-files --stage -- /home/ubuntu/footox_admin/src/Admin/products/StockPage2.jsx [7ms]
2023-03-08 04:37:16.159 [info] > git cat-file -s 42e3ad2c95ded8f158ceddaf89a6da6da3f7a0c2 [2ms]
2023-03-08 04:37:16.312 [info] > git check-ignore -v -z --stdin [21ms]
2023-03-08 04:37:16.313 [info] > git check-ignore -v -z --stdin [3ms]
2023-03-08 04:37:16.315 [info] > git check-ignore -v -z --stdin [13ms]
2023-03-08 04:37:16.476 [info] > git show --textconv :src/Admin/products/StockPage2.jsx [3ms]
2023-03-08 04:37:17.763 [info] > git check-ignore -v -z --stdin [2ms]
2023-03-08 04:37:18.059 [info] No remotes found in the git config file.
2023-03-08 04:37:18.060 [info] > git config --get commit.template [10ms]
2023-03-08 04:37:18.060 [info] > git for-each-ref --format=%(refname)%00%(upstream:short)%00%(objectname)%00%(upstream:track)%00%(upstream:remotename)%00%(upstream:remoteref) refs/heads/master refs/remotes/master [1ms]
2023-03-08 04:37:18.079 [info] > git for-each-ref --sort -committerdate --format %(refname) %(objectname) %(*objectname) [3ms]
2023-03-08 04:37:18.190 [info] > git status -z -uall [122ms]
2023-03-08 04:37:20.938 [info] > git check-ignore -v -z --stdin [5ms]
2023-03-08 04:37:23.322 [info] No remotes found in the git config file.
2023-03-08 04:37:23.323 [info] > git config --get commit.template [11ms]
2023-03-08 04:37:23.323 [info] > git for-each-ref --format=%(refname)%00%(upstream:short)%00%(objectname)%00%(upstream:track)%00%(upstream:remotename)%00%(upstream:remoteref) refs/heads/master refs/remotes/master [1ms]
2023-03-08 04:37:23.347 [info] > git for-each-ref --sort -committerdate --format %(refname) %(objectname) %(*objectname) [3ms]
2023-03-08 04:37:23.479 [info] > git status -z -uall [145ms]
2023-03-08 04:37:24.684 [info] > git check-ignore -v -z --stdin [45ms]
2023-03-08 04:37:28.043 [info] > git check-ignore -v -z --stdin [1ms]
2023-03-08 04:37:28.620 [info] > git config --get commit.template [2ms]
2023-03-08 04:37:28.633 [info] No remotes found in the git config file.
2023-03-08 04:37:28.634 [info] > git for-each-ref --format=%(refname)%00%(upstream:short)%00%(objectname)%00%(upstream:track)%00%(upstream:remotename)%00%(upstream:remoteref) refs/heads/master refs/remotes/master [1ms]
2023-03-08 04:37:28.662 [info] > git for-each-ref --sort -committerdate --format %(refname) %(objectname) %(*objectname) [3ms]
2023-03-08 04:37:28.773 [info] > git status -z -uall [127ms]
2023-03-08 04:37:30.407 [info] > git check-ignore -v -z --stdin [2ms]
2023-03-08 04:37:31.634 [info] > git show --textconv :src/pages/HomePage.jsx [12ms]
2023-03-08 04:37:31.634 [info] > git ls-files --stage -- /home/ubuntu/footox_front/src/pages/HomePage.jsx [2ms]
2023-03-08 04:37:31.646 [info] > git cat-file -s fc59e0167d38a723fcad4ed0f8a13de7d6696cb0 [2ms]
2023-03-08 04:37:33.004 [info] > git check-ignore -v -z --stdin [2ms]
2023-03-08 04:37:33.891 [info] No remotes found in the git config file.
2023-03-08 04:37:33.892 [info] > git config --get commit.template [10ms]
2023-03-08 04:37:33.894 [info] > git for-each-ref --format=%(refname)%00%(upstream:short)%00%(objectname)%00%(upstream:track)%00%(upstream:remotename)%00%(upstream:remoteref) refs/heads/master refs/remotes/master [3ms]
2023-03-08 04:37:33.919 [info] > git for-each-ref --sort -committerdate --format %(refname) %(objectname) %(*objectname) [2ms]
2023-03-08 04:37:34.050 [info] > git status -z -uall [147ms]
2023-03-08 04:37:39.188 [info] No remotes found in the git config file.
2023-03-08 04:37:39.189 [info] > git config --get commit.template [10ms]
2023-03-08 04:37:39.189 [info] > git for-each-ref --format=%(refname)%00%(upstream:short)%00%(objectname)%00%(upstream:track)%00%(upstream:remotename)%00%(upstream:remoteref) refs/heads/master refs/remotes/master [2ms]
2023-03-08 04:37:39.208 [info] > git for-each-ref --sort -committerdate --format %(refname) %(objectname) %(*objectname) [2ms]
2023-03-08 04:37:39.373 [info] > git status -z -uall [176ms]
2023-03-08 04:37:44.488 [info] No remotes found in the git config file.
2023-03-08 04:37:44.489 [info] > git config --get commit.template [10ms]
2023-03-08 04:37:44.489 [info] > git for-each-ref --format=%(refname)%00%(upstream:short)%00%(objectname)%00%(upstream:track)%00%(upstream:remotename)%00%(upstream:remoteref) refs/heads/master refs/remotes/master [1ms]
2023-03-08 04:37:44.509 [info] > git for-each-ref --sort -committerdate --format %(refname) %(objectname) %(*objectname) [3ms]
2023-03-08 04:37:44.652 [info] > git status -z -uall [155ms]
2023-03-08 04:37:49.777 [info] > git config --get commit.template [13ms]
2023-03-08 04:37:49.798 [info] No remotes found in the git config file.
2023-03-08 04:37:49.825 [info] > git for-each-ref --format=%(refname)%00%(upstream:short)%00%(objectname)%00%(upstream:track)%00%(upstream:remotename)%00%(upstream:remoteref) refs/heads/master refs/remotes/master [20ms]
2023-03-08 04:37:49.869 [info] > git for-each-ref --sort -committerdate --format %(refname) %(objectname) %(*objectname) [3ms]
2023-03-08 04:37:49.981 [info] > git status -z -uall [133ms]
2023-03-08 04:37:55.104 [info] No remotes found in the git config file.
2023-03-08 04:37:55.105 [info] > git config --get commit.template [13ms]
2023-03-08 04:37:55.105 [info] > git for-each-ref --format=%(refname)%00%(upstream:short)%00%(objectname)%00%(upstream:track)%00%(upstream:remotename)%00%(upstream:remoteref) refs/heads/master refs/remotes/master [2ms]
2023-03-08 04:37:55.125 [info] > git for-each-ref --sort -committerdate --format %(refname) %(objectname) %(*objectname) [3ms]
2023-03-08 04:37:55.235 [info] > git status -z -uall [122ms]
2023-03-08 04:38:00.353 [info] > git config --get commit.template [2ms]
2023-03-08 04:38:00.373 [info] No remotes found in the git config file.
2023-03-08 04:38:00.374 [info] > git for-each-ref --format=%(refname)%00%(upstream:short)%00%(objectname)%00%(upstream:track)%00%(upstream:remotename)%00%(upstream:remoteref) refs/heads/master refs/remotes/master [2ms]
2023-03-08 04:38:00.399 [info] > git for-each-ref --sort -committerdate --format %(refname) %(objectname) %(*objectname) [3ms]
2023-03-08 04:38:00.509 [info] > git status -z -uall [124ms]
2023-03-08 04:38:05.619 [info] > git config --get commit.template [2ms]
2023-03-08 04:38:05.628 [info] No remotes found in the git config file.
2023-03-08 04:38:05.629 [info] > git for-each-ref --format=%(refname)%00%(upstream:short)%00%(objectname)%00%(upstream:track)%00%(upstream:remotename)%00%(upstream:remoteref) refs/heads/master refs/remotes/master [1ms]
2023-03-08 04:38:05.650 [info] > git for-each-ref --sort -committerdate --format %(refname) %(objectname) %(*objectname) [3ms]
2023-03-08 04:38:05.760 [info] > git status -z -uall [122ms]
2023-03-08 04:38:10.879 [info] > git config --get commit.template [4ms]
2023-03-08 04:38:10.895 [info] No remotes found in the git config file.
2023-03-08 04:38:10.896 [info] > git for-each-ref --format=%(refname)%00%(upstream:short)%00%(objectname)%00%(upstream:track)%00%(upstream:remotename)%00%(upstream:remoteref) refs/heads/master refs/remotes/master [1ms]
2023-03-08 04:38:10.926 [info] > git for-each-ref --sort -committerdate --format %(refname) %(objectname) %(*objectname) [3ms]
2023-03-08 04:38:11.034 [info] > git status -z -uall [125ms]
2023-03-08 04:38:16.155 [info] No remotes found in the git config file.
2023-03-08 04:38:16.156 [info] > git config --get commit.template [13ms]
2023-03-08 04:38:16.156 [info] > git for-each-ref --format=%(refname)%00%(upstream:short)%00%(objectname)%00%(upstream:track)%00%(upstream:remotename)%00%(upstream:remoteref) refs/heads/master refs/remotes/master [1ms]
2023-03-08 04:38:16.182 [info] > git for-each-ref --sort -committerdate --format %(refname) %(objectname) %(*objectname) [3ms]
2023-03-08 04:38:16.296 [info] > git status -z -uall [127ms]
2023-03-08 04:38:21.419 [info] No remotes found in the git config file.
2023-03-08 04:38:21.419 [info] > git config --get commit.template [9ms]
2023-03-08 04:38:21.420 [info] > git for-each-ref --format=%(refname)%00%(upstream:short)%00%(objectname)%00%(upstream:track)%00%(upstream:remotename)%00%(upstream:remoteref) refs/heads/master refs/remotes/master [1ms]
2023-03-08 04:38:21.438 [info] > git for-each-ref --sort -committerdate --format %(refname) %(objectname) %(*objectname) [2ms]
2023-03-08 04:38:21.548 [info] > git status -z -uall [121ms]
2023-03-08 04:38:26.659 [info] > git config --get commit.template [1ms]
2023-03-08 04:38:26.669 [info] No remotes found in the git config file.
2023-03-08 04:38:26.670 [info] > git for-each-ref --format=%(refname)%00%(upstream:short)%00%(objectname)%00%(upstream:track)%00%(upstream:remotename)%00%(upstream:remoteref) refs/heads/master refs/remotes/master [1ms]
2023-03-08 04:38:26.692 [info] > git for-each-ref --sort -committerdate --format %(refname) %(objectname) %(*objectname) [4ms]
2023-03-08 04:38:26.801 [info] > git status -z -uall [122ms]
2023-03-08 04:38:31.925 [info] No remotes found in the git config file.
2023-03-08 04:38:31.926 [info] > git config --get commit.template [11ms]
2023-03-08 04:38:31.926 [info] > git for-each-ref --format=%(refname)%00%(upstream:short)%00%(objectname)%00%(upstream:track)%00%(upstream:remotename)%00%(upstream:remoteref) refs/heads/master refs/remotes/master [1ms]
2023-03-08 04:38:31.946 [info] > git for-each-ref --sort -committerdate --format %(refname) %(objectname) %(*objectname) [3ms]
2023-03-08 04:38:32.058 [info] > git status -z -uall [124ms]
2023-03-08 04:38:37.176 [info] No remotes found in the git config file.
2023-03-08 04:38:37.177 [info] > git config --get commit.template [11ms]
2023-03-08 04:38:37.177 [info] > git for-each-ref --format=%(refname)%00%(upstream:short)%00%(objectname)%00%(upstream:track)%00%(upstream:remotename)%00%(upstream:remoteref) refs/heads/master refs/remotes/master [1ms]
2023-03-08 04:38:37.224 [info] > git for-each-ref --sort -committerdate --format %(refname) %(objectname) %(*objectname) [28ms]
2023-03-08 04:38:37.350 [info] > git status -z -uall [164ms]
2023-03-08 04:38:42.475 [info] No remotes found in the git config file.
2023-03-08 04:38:42.475 [info] > git config --get commit.template [9ms]
2023-03-08 04:38:42.476 [info] > git for-each-ref --format=%(refname)%00%(upstream:short)%00%(objectname)%00%(upstream:track)%00%(upstream:remotename)%00%(upstream:remoteref) refs/heads/master refs/remotes/master [2ms]
2023-03-08 04:38:42.495 [info] > git for-each-ref --sort -committerdate --format %(refname) %(objectname) %(*objectname) [3ms]
2023-03-08 04:38:42.606 [info] > git status -z -uall [122ms]
2023-03-08 04:38:45.621 [info] > git show --textconv :src/pages/Product.jsx [13ms]
2023-03-08 04:38:45.625 [info] > git ls-files --stage -- /home/ubuntu/footox_front/src/pages/Product.jsx [5ms]
2023-03-08 04:38:45.641 [info] > git cat-file -s 33646ec7bc5fff510c1aaf862c2b0ed4f5d520fb [3ms]
2023-03-08 04:38:47.770 [info] No remotes found in the git config file.
2023-03-08 04:38:47.771 [info] > git config --get commit.template [42ms]
2023-03-08 04:38:47.771 [info] > git for-each-ref --format=%(refname)%00%(upstream:short)%00%(objectname)%00%(upstream:track)%00%(upstream:remotename)%00%(upstream:remoteref) refs/heads/master refs/remotes/master [1ms]
2023-03-08 04:38:47.837 [info] > git for-each-ref --sort -committerdate --format %(refname) %(objectname) %(*objectname) [1ms]
2023-03-08 04:38:48.151 [info] > git status -z -uall [353ms]
2023-03-08 04:38:53.347 [info] > git config --get commit.template [1ms]
2023-03-08 04:38:53.358 [info] No remotes found in the git config file.
2023-03-08 04:38:53.360 [info] > git for-each-ref --format=%(refname)%00%(upstream:short)%00%(objectname)%00%(upstream:track)%00%(upstream:remotename)%00%(upstream:remoteref) refs/heads/master refs/remotes/master [2ms]
2023-03-08 04:38:53.399 [info] > git for-each-ref --sort -committerdate --format %(refname) %(objectname) %(*objectname) [6ms]
2023-03-08 04:38:53.598 [info] > git status -z -uall [227ms]
2023-03-08 04:38:54.936 [info] > git show --textconv :src/pages/ProductListing.jsx [11ms]
2023-03-08 04:38:54.958 [info] > git ls-files --stage -- /home/ubuntu/footox_front/src/pages/ProductListing.jsx [23ms]
2023-03-08 04:38:55.022 [info] > git cat-file -s 4395bd9691099e6cfd9fd011cbb1e4ca43a330c9 [54ms]
2023-03-08 04:38:58.764 [info] No remotes found in the git config file.
2023-03-08 04:38:58.764 [info] > git config --get commit.template [9ms]
2023-03-08 04:38:58.764 [info] > git for-each-ref --format=%(refname)%00%(upstream:short)%00%(objectname)%00%(upstream:track)%00%(upstream:remotename)%00%(upstream:remoteref) refs/heads/master refs/remotes/master [1ms]
2023-03-08 04:38:58.784 [info] > git for-each-ref --sort -committerdate --format %(refname) %(objectname) %(*objectname) [2ms]
2023-03-08 04:38:58.894 [info] > git status -z -uall [122ms]
2023-03-08 04:39:04.021 [info] No remotes found in the git config file.
2023-03-08 04:39:04.021 [info] > git config --get commit.template [10ms]
2023-03-08 04:39:04.022 [info] > git for-each-ref --format=%(refname)%00%(upstream:short)%00%(objectname)%00%(upstream:track)%00%(upstream:remotename)%00%(upstream:remoteref) refs/heads/master refs/remotes/master [2ms]
2023-03-08 04:39:04.042 [info] > git for-each-ref --sort -committerdate --format %(refname) %(objectname) %(*objectname) [3ms]
2023-03-08 04:39:04.151 [info] > git status -z -uall [121ms]
2023-03-08 04:39:05.963 [info] > git check-ignore -v -z --stdin [2ms]
2023-03-08 04:39:07.072 [info] > git show --textconv :src/AllRoutes/AllRoutes.jsx [12ms]
2023-03-08 04:39:07.101 [info] > git ls-files --stage -- /home/ubuntu/footox_front/src/AllRoutes/AllRoutes.jsx [30ms]
2023-03-08 04:39:07.156 [info] > git cat-file -s 1ef137a77dae85b5f0db7c48154d573ae8889695 [22ms]
2023-03-08 04:39:09.281 [info] No remotes found in the git config file.
2023-03-08 04:39:09.282 [info] > git config --get commit.template [16ms]
2023-03-08 04:39:09.283 [info] > git for-each-ref --format=%(refname)%00%(upstream:short)%00%(objectname)%00%(upstream:track)%00%(upstream:remotename)%00%(upstream:remoteref) refs/heads/master refs/remotes/master [3ms]
2023-03-08 04:39:09.313 [info] > git for-each-ref --sort -committerdate --format %(refname) %(objectname) %(*objectname) [3ms]
2023-03-08 04:39:09.421 [info] > git status -z -uall [125ms]
2023-03-08 04:39:14.539 [info] No remotes found in the git config file.
2023-03-08 04:39:14.540 [info] > git config --get commit.template [9ms]
2023-03-08 04:39:14.540 [info] > git for-each-ref --format=%(refname)%00%(upstream:short)%00%(objectname)%00%(upstream:track)%00%(upstream:remotename)%00%(upstream:remoteref) refs/heads/master refs/remotes/master [1ms]
2023-03-08 04:39:14.560 [info] > git for-each-ref --sort -committerdate --format %(refname) %(objectname) %(*objectname) [3ms]
2023-03-08 04:39:14.672 [info] > git status -z -uall [124ms]
2023-03-08 04:39:19.787 [info] > git config --get commit.template [4ms]
2023-03-08 04:39:19.833 [info] No remotes found in the git config file.
2023-03-08 04:39:19.839 [info] > git for-each-ref --format=%(refname)%00%(upstream:short)%00%(objectname)%00%(upstream:track)%00%(upstream:remotename)%00%(upstream:remoteref) refs/heads/master refs/remotes/master [6ms]
2023-03-08 04:39:19.880 [info] > git for-each-ref --sort -committerdate --format %(refname) %(objectname) %(*objectname) [20ms]
2023-03-08 04:39:19.986 [info] > git status -z -uall [136ms]
2023-03-08 04:39:25.106 [info] No remotes found in the git config file.
2023-03-08 04:39:25.107 [info] > git config --get commit.template [11ms]
2023-03-08 04:39:25.109 [info] > git for-each-ref --format=%(refname)%00%(upstream:short)%00%(objectname)%00%(upstream:track)%00%(upstream:remotename)%00%(upstream:remoteref) refs/heads/master refs/remotes/master [2ms]
2023-03-08 04:39:25.130 [info] > git for-each-ref --sort -committerdate --format %(refname) %(objectname) %(*objectname) [2ms]
2023-03-08 04:39:25.252 [info] > git status -z -uall [134ms]
2023-03-08 04:39:30.377 [info] No remotes found in the git config file.
2023-03-08 04:39:30.378 [info] > git for-each-ref --format=%(refname)%00%(upstream:short)%00%(objectname)%00%(upstream:track)%00%(upstream:remotename)%00%(upstream:remoteref) refs/heads/master refs/remotes/master [1ms]
2023-03-08 04:39:30.379 [info] > git config --get commit.template [15ms]
2023-03-08 04:39:30.407 [info] > git for-each-ref --sort -committerdate --format %(refname) %(objectname) %(*objectname) [3ms]
2023-03-08 04:39:30.517 [info] > git status -z -uall [125ms]
2023-03-08 04:39:35.639 [info] > git config --get commit.template [1ms]
2023-03-08 04:39:35.648 [info] No remotes found in the git config file.
2023-03-08 04:39:35.649 [info] > git for-each-ref --format=%(refname)%00%(upstream:short)%00%(objectname)%00%(upstream:track)%00%(upstream:remotename)%00%(upstream:remoteref) refs/heads/master refs/remotes/master [2ms]
2023-03-08 04:39:35.672 [info] > git for-each-ref --sort -committerdate --format %(refname) %(objectname) %(*objectname) [6ms]
2023-03-08 04:39:35.781 [info] > git status -z -uall [124ms]
2023-03-08 04:39:40.897 [info] No remotes found in the git config file.
2023-03-08 04:39:40.898 [info] > git config --get commit.template [9ms]
2023-03-08 04:39:40.898 [info] > git for-each-ref --format=%(refname)%00%(upstream:short)%00%(objectname)%00%(upstream:track)%00%(upstream:remotename)%00%(upstream:remoteref) refs/heads/master refs/remotes/master [1ms]
2023-03-08 04:39:40.920 [info] > git for-each-ref --sort -committerdate --format %(refname) %(objectname) %(*objectname) [3ms]
2023-03-08 04:39:41.029 [info] > git status -z -uall [122ms]
2023-03-08 04:39:46.152 [info] No remotes found in the git config file.
2023-03-08 04:39:46.153 [info] > git config --get commit.template [11ms]
2023-03-08 04:39:46.154 [info] > git for-each-ref --format=%(refname)%00%(upstream:short)%00%(objectname)%00%(upstream:track)%00%(upstream:remotename)%00%(upstream:remoteref) refs/heads/master refs/remotes/master [2ms]
2023-03-08 04:39:46.177 [info] > git for-each-ref --sort -committerdate --format %(refname) %(objectname) %(*objectname) [2ms]
2023-03-08 04:39:46.291 [info] > git status -z -uall [127ms]
2023-03-08 04:39:51.404 [info] > git config --get commit.template [1ms]
2023-03-08 04:39:51.415 [info] No remotes found in the git config file.
2023-03-08 04:39:51.416 [info] > git for-each-ref --format=%(refname)%00%(upstream:short)%00%(objectname)%00%(upstream:track)%00%(upstream:remotename)%00%(upstream:remoteref) refs/heads/master refs/remotes/master [2ms]
2023-03-08 04:39:51.446 [info] > git for-each-ref --sort -committerdate --format %(refname) %(objectname) %(*objectname) [11ms]
2023-03-08 04:39:51.594 [info] > git status -z -uall [169ms]
2023-03-08 04:39:56.741 [info] No remotes found in the git config file.
2023-03-08 04:39:56.742 [info] > git config --get commit.template [18ms]
2023-03-08 04:39:56.745 [info] > git for-each-ref --format=%(refname)%00%(upstream:short)%00%(objectname)%00%(upstream:track)%00%(upstream:remotename)%00%(upstream:remoteref) refs/heads/master refs/remotes/master [4ms]
2023-03-08 04:39:56.780 [info] > git for-each-ref --sort -committerdate --format %(refname) %(objectname) %(*objectname) [3ms]
2023-03-08 04:39:57.038 [info] > git status -z -uall [276ms]
