2023-03-08 04:46:24.543 [info] Log level: Info
2023-03-08 04:46:24.543 [info] Validating found git in: "git"
2023-03-08 04:46:24.543 [info] Using git "2.34.1" from "git"
2023-03-08 04:46:24.543 [info] > git rev-parse --show-toplevel [83ms]
2023-03-08 04:46:24.543 [info] > git rev-parse --git-dir --git-common-dir [12ms]
2023-03-08 04:46:24.543 [info] Open repository: /home/ubuntu
2023-03-08 04:46:24.543 [info] > git rev-parse --show-toplevel [33ms]
2023-03-08 04:46:24.543 [info] > git fetch [62ms]
2023-03-08 04:46:24.543 [info] > git config --get commit.template [21ms]
2023-03-08 04:46:24.543 [info] No remotes found in the git config file.
2023-03-08 04:46:24.543 [info] > git config --get commit.template [14ms]
2023-03-08 04:46:24.543 [info] > git rev-parse --git-dir --git-common-dir [26ms]
2023-03-08 04:46:24.543 [info] Open repository: /home/ubuntu/footox_front
2023-03-08 04:46:24.543 [info] > git for-each-ref --format=%(refname)%00%(upstream:short)%00%(objectname)%00%(upstream:track)%00%(upstream:remotename)%00%(upstream:remoteref) refs/heads/master refs/remotes/master [77ms]
2023-03-08 04:46:24.543 [info] No remotes found in the git config file.
2023-03-08 04:46:24.543 [info] > git config --get commit.template [62ms]
2023-03-08 04:46:24.543 [info] > git rev-parse --show-toplevel [81ms]
2023-03-08 04:46:24.543 [info] > git rev-parse --show-toplevel [2ms]
2023-03-08 04:46:24.543 [info] > git for-each-ref --format=%(refname)%00%(upstream:short)%00%(objectname)%00%(upstream:track)%00%(upstream:remotename)%00%(upstream:remoteref) refs/heads/master refs/remotes/master [70ms]
2023-03-08 04:46:24.543 [info] > git config --get commit.template [55ms]
2023-03-08 04:46:24.543 [info] No remotes found in the git config file.
2023-03-08 04:46:24.543 [info] > git rev-parse --show-toplevel [41ms]
2023-03-08 04:46:24.543 [info] > git for-each-ref --format=%(refname)%00%(upstream:short)%00%(objectname)%00%(upstream:track)%00%(upstream:remotename)%00%(upstream:remoteref) refs/heads/master refs/remotes/master [15ms]
2023-03-08 04:46:24.543 [info] > git for-each-ref --format=%(refname)%00%(upstream:short)%00%(objectname)%00%(upstream:track)%00%(upstream:remotename)%00%(upstream:remoteref) refs/heads/master refs/remotes/master [82ms]
2023-03-08 04:46:24.543 [info] > git for-each-ref --sort -committerdate --format %(refname) %(objectname) %(*objectname) [46ms]
2023-03-08 04:46:24.543 [info] > git rev-parse --show-toplevel [96ms]
2023-03-08 04:46:24.543 [info] > git status -z -uall [50ms]
2023-03-08 04:46:24.543 [info] > git for-each-ref --sort -committerdate --format %(refname) %(objectname) %(*objectname) [29ms]
2023-03-08 04:46:24.543 [info] > git rev-parse --git-dir --git-common-dir [87ms]
2023-03-08 04:46:24.543 [info] Open repository: /home/ubuntu/.nvm
2023-03-08 04:46:24.543 [info] > git config --get commit.template [295ms]
2023-03-08 04:46:24.543 [info] > git fetch [671ms]
2023-03-08 04:46:24.543 [info] > git config --get commit.template [69ms]
2023-03-08 04:46:24.543 [info] > git rev-parse --show-toplevel [264ms]
2023-03-08 04:46:24.543 [info] > git status -z -uall [550ms]
2023-03-08 04:46:24.543 [info] > git config --get commit.template [26ms]
2023-03-08 04:46:24.543 [info] > git for-each-ref --format=%(refname)%00%(upstream:short)%00%(objectname)%00%(upstream:track)%00%(upstream:remotename)%00%(upstream:remoteref) refs/heads/master refs/remotes/master [26ms]
2023-03-08 04:46:24.543 [info] > git rev-parse --show-toplevel [34ms]
2023-03-08 04:46:24.543 [info] > git rev-parse --show-toplevel [2356ms]
2023-03-08 04:46:24.543 [info] > git for-each-ref --format %(refname) %(objectname) %(*objectname) refs/tags [2398ms]
2023-03-08 04:46:24.543 [info] > git fetch [2761ms]
2023-03-08 04:46:24.543 [info] > git for-each-ref --sort -committerdate --format %(refname) %(objectname) %(*objectname) [2ms] (cancelled)
2023-03-08 04:46:24.543 [info] > git status -z -uall [79ms] (cancelled)
2023-03-08 04:46:24.543 [info] > git rev-parse --git-dir --git-common-dir [108ms]
2023-03-08 04:46:24.543 [info] Open repository: /home/ubuntu/footox-backend
2023-03-08 04:46:24.543 [info] > git for-each-ref --format=%(refname)%00%(upstream:short)%00%(objectname)%00%(upstream:track)%00%(upstream:remotename)%00%(upstream:remoteref) refs/heads/master refs/remotes/master [206ms]
2023-03-08 04:46:24.543 [info] > git status -z -uall [37ms]
2023-03-08 04:46:24.543 [info] > git rev-parse --show-toplevel [57ms]
2023-03-08 04:46:24.543 [info] > git config --get commit.template [173ms]
2023-03-08 04:46:24.543 [info] > git config --get commit.template [56ms]
2023-03-08 04:46:24.543 [info] > git for-each-ref --sort -committerdate --format %(refname) %(objectname) %(*objectname) [67ms]
2023-03-08 04:46:24.543 [info] > git rev-parse --git-dir --git-common-dir [59ms]
2023-03-08 04:46:24.543 [info] Open repository: /home/ubuntu/footox_admin
2023-03-08 04:46:24.543 [info] > git for-each-ref --format %(refname) %(objectname) %(*objectname) refs/tags [56ms]
2023-03-08 04:46:24.543 [info] > git status -z -uall [31ms]
2023-03-08 04:46:24.544 [info] > git for-each-ref --sort -committerdate --format %(refname) %(objectname) %(*objectname) [6ms]
2023-03-08 04:46:24.544 [info] > git config --get commit.template [50ms]
2023-03-08 04:46:24.544 [info] > git for-each-ref --format=%(refname)%00%(upstream:short)%00%(objectname)%00%(upstream:track)%00%(upstream:remotename)%00%(upstream:remoteref) refs/heads/master refs/remotes/master [70ms]
2023-03-08 04:46:24.544 [info] > git status -z -uall [19ms]
2023-03-08 04:46:24.544 [info] > git for-each-ref --sort -committerdate --format %(refname) %(objectname) %(*objectname) [7ms]
2023-03-08 04:46:24.544 [info] > git fetch [316ms]
2023-03-08 04:46:24.544 [info] > git for-each-ref --format=%(refname)%00%(upstream:short)%00%(objectname)%00%(upstream:track)%00%(upstream:remotename)%00%(upstream:remoteref) refs/heads/development refs/remotes/development [12ms]
2023-03-08 04:46:24.544 [info] > git config --get commit.template [28ms]
2023-03-08 04:46:24.544 [info] > git for-each-ref --sort -committerdate --format %(refname) %(objectname) %(*objectname) [18ms]
2023-03-08 04:46:24.544 [info] > git for-each-ref --format=%(refname)%00%(upstream:short)%00%(objectname)%00%(upstream:track)%00%(upstream:remotename)%00%(upstream:remoteref) refs/heads/master refs/remotes/master [6ms]
2023-03-08 04:46:24.544 [info] > git status -z -uall [135ms]
2023-03-08 04:46:24.544 [info] > git status -z -uall [84ms]
2023-03-08 04:46:24.544 [info] > git for-each-ref --sort -committerdate --format %(refname) %(objectname) %(*objectname) [61ms]
2023-03-08 04:46:24.544 [info] > git fetch [342ms]
2023-03-08 04:46:24.544 [info] > git config --get commit.template [7ms]
2023-03-08 04:46:24.544 [info] > git for-each-ref --format=%(refname)%00%(upstream:short)%00%(objectname)%00%(upstream:track)%00%(upstream:remotename)%00%(upstream:remoteref) refs/heads/development refs/remotes/development [121ms]
2023-03-08 04:46:24.544 [info] > git for-each-ref --sort -committerdate --format %(refname) %(objectname) %(*objectname) [31ms]
2023-03-08 04:46:24.544 [info] > git status -z -uall [87ms]
2023-03-08 04:46:24.648 [info] > git check-ignore -v -z --stdin [25ms]
2023-03-08 04:46:24.649 [info] > git check-ignore -v -z --stdin [13ms]
2023-03-08 04:46:24.649 [info] > git check-ignore -v -z --stdin [48ms]
2023-03-08 04:46:24.651 [info] > git check-ignore -v -z --stdin [41ms]
2023-03-08 04:46:24.654 [info] > git check-ignore -v -z --stdin [10ms]
2023-03-08 04:46:25.593 [info] > git show --textconv :src/AllRoutes/AllRoutes.jsx [11ms]
2023-03-08 04:46:25.598 [info] > git ls-files --stage -- /home/ubuntu/footox_front/src/AllRoutes/AllRoutes.jsx [6ms]
2023-03-08 04:46:25.608 [info] > git cat-file -s 1ef137a77dae85b5f0db7c48154d573ae8889695 [3ms]
2023-03-08 04:46:26.033 [info] > git check-ignore -v -z --stdin [67ms]
2023-03-08 04:46:26.034 [info] > git check-ignore -v -z --stdin [51ms]
2023-03-08 04:46:26.034 [info] > git check-ignore -v -z --stdin [43ms]
2023-03-08 04:46:26.035 [info] > git check-ignore -v -z --stdin [35ms]
2023-03-08 04:46:26.035 [info] > git check-ignore -v -z --stdin [27ms]
2023-03-08 04:49:06.432 [info] > git check-ignore -v -z --stdin [21ms]
2023-03-08 04:49:10.764 [info] > git check-ignore -v -z --stdin [16ms]
2023-03-08 04:49:13.312 [info] > git show --textconv :src/pages/ProductListing.jsx [8ms]
2023-03-08 04:49:13.313 [info] > git ls-files --stage -- /home/ubuntu/footox_front/src/pages/ProductListing.jsx [2ms]
2023-03-08 04:49:13.321 [info] > git cat-file -s 4395bd9691099e6cfd9fd011cbb1e4ca43a330c9 [1ms]
2023-03-08 04:49:20.640 [info] > git fetch [18ms]
2023-03-08 04:49:20.655 [info] No remotes found in the git config file.
2023-03-08 04:49:20.656 [info] > git config --get commit.template [7ms]
2023-03-08 04:49:20.656 [info] > git for-each-ref --format=%(refname)%00%(upstream:short)%00%(objectname)%00%(upstream:track)%00%(upstream:remotename)%00%(upstream:remoteref) refs/heads/master refs/remotes/master [1ms]
2023-03-08 04:49:20.672 [info] > git for-each-ref --sort -committerdate --format %(refname) %(objectname) %(*objectname) [2ms]
2023-03-08 04:49:20.946 [info] > git status -z -uall [284ms]
2023-03-08 04:49:24.138 [info] > git fetch [217ms]
2023-03-08 04:49:24.157 [info] > git config --get commit.template [9ms]
2023-03-08 04:49:24.158 [info] > git for-each-ref --format=%(refname)%00%(upstream:short)%00%(objectname)%00%(upstream:track)%00%(upstream:remotename)%00%(upstream:remoteref) refs/heads/master refs/remotes/master [1ms]
2023-03-08 04:49:24.175 [info] > git status -z -uall [10ms]
2023-03-08 04:49:24.177 [info] > git for-each-ref --sort -committerdate --format %(refname) %(objectname) %(*objectname) [3ms]
2023-03-08 04:49:24.236 [info] > git fetch [183ms]
2023-03-08 04:49:24.255 [info] > git config --get commit.template [9ms]
2023-03-08 04:49:24.256 [info] > git for-each-ref --format %(refname) %(objectname) %(*objectname) refs/tags [2ms]
2023-03-08 04:49:24.300 [info] > git status -z -uall [35ms]
2023-03-08 04:49:24.301 [info] > git for-each-ref --sort -committerdate --format %(refname) %(objectname) %(*objectname) [12ms]
2023-03-08 04:49:24.505 [info] > git fetch [190ms]
2023-03-08 04:49:24.535 [info] > git config --get commit.template [20ms]
2023-03-08 04:49:24.536 [info] > git for-each-ref --format=%(refname)%00%(upstream:short)%00%(objectname)%00%(upstream:track)%00%(upstream:remotename)%00%(upstream:remoteref) refs/heads/master refs/remotes/master [2ms]
2023-03-08 04:49:24.561 [info] > git status -z -uall [17ms]
2023-03-08 04:49:24.562 [info] > git for-each-ref --sort -committerdate --format %(refname) %(objectname) %(*objectname) [10ms]
2023-03-08 04:49:24.746 [info] > git fetch [186ms]
2023-03-08 04:49:24.764 [info] > git config --get commit.template [8ms]
2023-03-08 04:49:24.765 [info] > git for-each-ref --format=%(refname)%00%(upstream:short)%00%(objectname)%00%(upstream:track)%00%(upstream:remotename)%00%(upstream:remoteref) refs/heads/development refs/remotes/development [1ms]
2023-03-08 04:49:24.798 [info] > git for-each-ref --sort -committerdate --format %(refname) %(objectname) %(*objectname) [2ms]
2023-03-08 04:49:24.839 [info] > git status -z -uall [56ms]
2023-03-08 04:52:21.146 [info] > git fetch [4ms]
2023-03-08 04:52:21.160 [info] No remotes found in the git config file.
2023-03-08 04:52:21.161 [info] > git config --get commit.template [8ms]
2023-03-08 04:52:21.161 [info] > git for-each-ref --format=%(refname)%00%(upstream:short)%00%(objectname)%00%(upstream:track)%00%(upstream:remotename)%00%(upstream:remoteref) refs/heads/master refs/remotes/master [1ms]
2023-03-08 04:52:21.177 [info] > git for-each-ref --sort -committerdate --format %(refname) %(objectname) %(*objectname) [2ms]
2023-03-08 04:52:21.334 [info] > git status -z -uall [167ms]
2023-03-08 04:52:24.386 [info] > git fetch [192ms]
2023-03-08 04:52:24.407 [info] > git config --get commit.template [10ms]
2023-03-08 04:52:24.408 [info] > git for-each-ref --format=%(refname)%00%(upstream:short)%00%(objectname)%00%(upstream:track)%00%(upstream:remotename)%00%(upstream:remoteref) refs/heads/master refs/remotes/master [2ms]
2023-03-08 04:52:24.427 [info] > git status -z -uall [11ms]
2023-03-08 04:52:24.428 [info] > git for-each-ref --sort -committerdate --format %(refname) %(objectname) %(*objectname) [2ms]
2023-03-08 04:52:24.516 [info] > git fetch [201ms]
2023-03-08 04:52:24.541 [info] > git for-each-ref --format %(refname) %(objectname) %(*objectname) refs/tags [5ms]
2023-03-08 04:52:24.541 [info] > git config --get commit.template [13ms]
2023-03-08 04:52:24.562 [info] > git status -z -uall [12ms]
2023-03-08 04:52:24.564 [info] > git for-each-ref --sort -committerdate --format %(refname) %(objectname) %(*objectname) [4ms]
2023-03-08 04:52:24.755 [info] > git fetch [175ms]
2023-03-08 04:52:24.776 [info] > git config --get commit.template [9ms]
2023-03-08 04:52:24.777 [info] > git for-each-ref --format=%(refname)%00%(upstream:short)%00%(objectname)%00%(upstream:track)%00%(upstream:remotename)%00%(upstream:remoteref) refs/heads/master refs/remotes/master [2ms]
2023-03-08 04:52:24.796 [info] > git status -z -uall [11ms]
2023-03-08 04:52:24.797 [info] > git for-each-ref --sort -committerdate --format %(refname) %(objectname) %(*objectname) [2ms]
2023-03-08 04:52:25.030 [info] > git fetch [177ms]
2023-03-08 04:52:25.061 [info] > git config --get commit.template [14ms]
2023-03-08 04:52:25.061 [info] > git for-each-ref --format=%(refname)%00%(upstream:short)%00%(objectname)%00%(upstream:track)%00%(upstream:remotename)%00%(upstream:remoteref) refs/heads/development refs/remotes/development [1ms]
2023-03-08 04:52:25.083 [info] > git for-each-ref --sort -committerdate --format %(refname) %(objectname) %(*objectname) [3ms]
2023-03-08 04:52:25.111 [info] > git status -z -uall [41ms]
2023-03-08 04:54:18.658 [info] > git check-ignore -v -z --stdin [2ms]
2023-03-08 04:55:26.036 [info] > git fetch [30ms]
2023-03-08 04:55:26.099 [info] No remotes found in the git config file.
2023-03-08 04:55:26.100 [info] > git config --get commit.template [18ms]
2023-03-08 04:55:26.105 [info] > git for-each-ref --format=%(refname)%00%(upstream:short)%00%(objectname)%00%(upstream:track)%00%(upstream:remotename)%00%(upstream:remoteref) refs/heads/master refs/remotes/master [6ms]
2023-03-08 04:55:26.136 [info] > git for-each-ref --sort -committerdate --format %(refname) %(objectname) %(*objectname) [2ms]
2023-03-08 04:55:26.192 [info] > git fetch [178ms]
2023-03-08 04:55:26.210 [info] > git config --get commit.template [9ms]
2023-03-08 04:55:26.212 [info] > git for-each-ref --format=%(refname)%00%(upstream:short)%00%(objectname)%00%(upstream:track)%00%(upstream:remotename)%00%(upstream:remoteref) refs/heads/master refs/remotes/master [3ms]
2023-03-08 04:55:26.235 [info] > git status -z -uall [16ms]
2023-03-08 04:55:26.239 [info] > git for-each-ref --sort -committerdate --format %(refname) %(objectname) %(*objectname) [5ms]
2023-03-08 04:55:26.264 [info] > git fetch [229ms]
2023-03-08 04:55:26.278 [info] > git config --get commit.template [5ms]
2023-03-08 04:55:26.278 [info] > git fetch [251ms]
2023-03-08 04:55:26.309 [info] > git for-each-ref --format=%(refname)%00%(upstream:short)%00%(objectname)%00%(upstream:track)%00%(upstream:remotename)%00%(upstream:remoteref) refs/heads/development refs/remotes/development [6ms]
2023-03-08 04:55:26.329 [info] > git config --get commit.template [39ms]
2023-03-08 04:55:26.329 [info] > git fetch [308ms]
2023-03-08 04:55:26.356 [info] > git status -z -uall [237ms]
2023-03-08 04:55:26.357 [info] > git config --get commit.template [9ms]
2023-03-08 04:55:26.357 [info] > git for-each-ref --format=%(refname)%00%(upstream:short)%00%(objectname)%00%(upstream:track)%00%(upstream:remotename)%00%(upstream:remoteref) refs/heads/master refs/remotes/master [19ms]
2023-03-08 04:55:26.371 [info] > git for-each-ref --sort -committerdate --format %(refname) %(objectname) %(*objectname) [43ms]
2023-03-08 04:55:26.520 [info] > git status -z -uall [200ms]
2023-03-08 04:55:26.520 [info] > git status -z -uall [156ms]
2023-03-08 04:55:26.520 [info] > git for-each-ref --sort -committerdate --format %(refname) %(objectname) %(*objectname) [149ms]
2023-03-08 04:55:27.713 [info] > git for-each-ref --format %(refname) %(objectname) %(*objectname) refs/tags [76ms]
2023-03-08 04:55:27.755 [info] > git status -z -uall [31ms]
2023-03-08 04:55:27.772 [info] > git for-each-ref --sort -committerdate --format %(refname) %(objectname) %(*objectname) [37ms]
2023-03-08 04:58:41.360 [info] > git fetch [34ms]
2023-03-08 04:58:41.376 [info] No remotes found in the git config file.
2023-03-08 04:58:41.377 [info] > git config --get commit.template [10ms]
2023-03-08 04:58:41.380 [info] > git for-each-ref --format=%(refname)%00%(upstream:short)%00%(objectname)%00%(upstream:track)%00%(upstream:remotename)%00%(upstream:remoteref) refs/heads/master refs/remotes/master [4ms]
2023-03-08 04:58:41.448 [info] > git for-each-ref --sort -committerdate --format %(refname) %(objectname) %(*objectname) [10ms]
2023-03-08 04:58:41.589 [info] > git status -z -uall [184ms]
2023-03-08 04:58:41.589 [info] > git fetch [255ms]
2023-03-08 04:58:41.726 [info] > git fetch [410ms]
2023-03-08 04:58:41.752 [info] > git fetch [394ms]
2023-03-08 04:58:41.753 [info] > git fetch [403ms]
2023-03-08 04:58:42.889 [info] > git config --get commit.template [1165ms]
2023-03-08 04:58:42.924 [info] > git config --get commit.template [37ms]
2023-03-08 04:58:42.924 [info] > git config --get commit.template [47ms]
2023-03-08 04:58:42.924 [info] > git config --get commit.template [57ms]
2023-03-08 04:58:43.014 [info] > git for-each-ref --format=%(refname)%00%(upstream:short)%00%(objectname)%00%(upstream:track)%00%(upstream:remotename)%00%(upstream:remoteref) refs/heads/development refs/remotes/development [2ms]
2023-03-08 04:58:43.034 [info] > git for-each-ref --format %(refname) %(objectname) %(*objectname) refs/tags [52ms]
2023-03-08 04:58:43.063 [info] > git for-each-ref --format=%(refname)%00%(upstream:short)%00%(objectname)%00%(upstream:track)%00%(upstream:remotename)%00%(upstream:remoteref) refs/heads/master refs/remotes/master [91ms]
2023-03-08 04:58:43.083 [info] > git for-each-ref --format=%(refname)%00%(upstream:short)%00%(objectname)%00%(upstream:track)%00%(upstream:remotename)%00%(upstream:remoteref) refs/heads/master refs/remotes/master [128ms]
2023-03-08 04:58:43.104 [info] > git status -z -uall [78ms]
2023-03-08 04:58:43.104 [info] > git status -z -uall [56ms]
2023-03-08 04:58:43.104 [info] > git status -z -uall [32ms]
2023-03-08 04:58:43.104 [info] > git status -z -uall [13ms]
2023-03-08 04:58:43.105 [info] > git for-each-ref --sort -committerdate --format %(refname) %(objectname) %(*objectname) [23ms]
2023-03-08 04:58:43.108 [info] > git for-each-ref --sort -committerdate --format %(refname) %(objectname) %(*objectname) [45ms]
2023-03-08 04:58:43.110 [info] > git for-each-ref --sort -committerdate --format %(refname) %(objectname) %(*objectname) [76ms]
2023-03-08 04:58:43.115 [info] > git for-each-ref --sort -committerdate --format %(refname) %(objectname) %(*objectname) [14ms]
2023-03-08 05:01:41.729 [info] > git fetch [4ms]
2023-03-08 05:01:41.743 [info] No remotes found in the git config file.
2023-03-08 05:01:41.743 [info] > git config --get commit.template [7ms]
2023-03-08 05:01:41.744 [info] > git for-each-ref --format=%(refname)%00%(upstream:short)%00%(objectname)%00%(upstream:track)%00%(upstream:remotename)%00%(upstream:remoteref) refs/heads/master refs/remotes/master [2ms]
2023-03-08 05:01:41.759 [info] > git for-each-ref --sort -committerdate --format %(refname) %(objectname) %(*objectname) [3ms]
2023-03-08 05:01:41.883 [info] > git status -z -uall [133ms]
2023-03-08 05:01:43.414 [info] > git fetch [241ms]
2023-03-08 05:01:43.474 [info] > git fetch [250ms]
2023-03-08 05:01:43.475 [info] > git fetch [290ms]
2023-03-08 05:01:43.525 [info] > git config --get commit.template [53ms]
2023-03-08 05:01:43.526 [info] > git config --get commit.template [30ms]
2023-03-08 05:01:43.526 [info] > git config --get commit.template [18ms]
2023-03-08 05:01:43.568 [info] > git for-each-ref --format=%(refname)%00%(upstream:short)%00%(objectname)%00%(upstream:track)%00%(upstream:remotename)%00%(upstream:remoteref) refs/heads/development refs/remotes/development [24ms]
2023-03-08 05:01:43.591 [info] > git fetch [354ms]
2023-03-08 05:01:43.592 [info] > git for-each-ref --format=%(refname)%00%(upstream:short)%00%(objectname)%00%(upstream:track)%00%(upstream:remotename)%00%(upstream:remoteref) refs/heads/master refs/remotes/master [68ms]
2023-03-08 05:01:43.631 [info] > git status -z -uall [50ms]
2023-03-08 05:01:43.631 [info] > git status -z -uall [29ms]
2023-03-08 05:01:43.631 [info] > git for-each-ref --sort -committerdate --format %(refname) %(objectname) %(*objectname) [41ms]
2023-03-08 05:01:43.632 [info] > git for-each-ref --format %(refname) %(objectname) %(*objectname) refs/tags [65ms]
2023-03-08 05:01:43.652 [info] > git status -z -uall [10ms]
2023-03-08 05:01:43.653 [info] > git config --get commit.template [24ms]
2023-03-08 05:01:43.653 [info] > git for-each-ref --sort -committerdate --format %(refname) %(objectname) %(*objectname) [37ms]
2023-03-08 05:01:43.658 [info] > git for-each-ref --sort -committerdate --format %(refname) %(objectname) %(*objectname) [7ms]
2023-03-08 05:01:43.678 [info] > git for-each-ref --format=%(refname)%00%(upstream:short)%00%(objectname)%00%(upstream:track)%00%(upstream:remotename)%00%(upstream:remoteref) refs/heads/master refs/remotes/master [1ms]
2023-03-08 05:01:43.699 [info] > git status -z -uall [11ms]
2023-03-08 05:01:43.700 [info] > git for-each-ref --sort -committerdate --format %(refname) %(objectname) %(*objectname) [3ms]
2023-03-08 05:04:42.003 [info] > git fetch [4ms]
2023-03-08 05:04:42.017 [info] No remotes found in the git config file.
2023-03-08 05:04:42.017 [info] > git config --get commit.template [6ms]
2023-03-08 05:04:42.018 [info] > git for-each-ref --format=%(refname)%00%(upstream:short)%00%(objectname)%00%(upstream:track)%00%(upstream:remotename)%00%(upstream:remoteref) refs/heads/master refs/remotes/master [2ms]
2023-03-08 05:04:42.032 [info] > git for-each-ref --sort -committerdate --format %(refname) %(objectname) %(*objectname) [2ms]
2023-03-08 05:04:42.176 [info] > git status -z -uall [152ms]
2023-03-08 05:04:43.860 [info] > git fetch [192ms]
2023-03-08 05:04:43.884 [info] > git config --get commit.template [10ms]
2023-03-08 05:04:43.884 [info] > git for-each-ref --format=%(refname)%00%(upstream:short)%00%(objectname)%00%(upstream:track)%00%(upstream:remotename)%00%(upstream:remoteref) refs/heads/master refs/remotes/master [2ms]
2023-03-08 05:04:43.916 [info] > git status -z -uall [13ms]
2023-03-08 05:04:43.917 [info] > git fetch [224ms]
2023-03-08 05:04:43.917 [info] > git fetch [238ms]
2023-03-08 05:04:43.939 [info] > git for-each-ref --sort -committerdate --format %(refname) %(objectname) %(*objectname) [24ms]
2023-03-08 05:04:43.943 [info] > git config --get commit.template [5ms]
2023-03-08 05:04:43.943 [info] > git config --get commit.template [15ms]
2023-03-08 05:04:43.967 [info] > git for-each-ref --format %(refname) %(objectname) %(*objectname) refs/tags [11ms]
2023-03-08 05:04:43.987 [info] > git fetch [253ms]
2023-03-08 05:04:43.998 [info] > git status -z -uall [21ms]
2023-03-08 05:04:43.999 [info] > git for-each-ref --sort -committerdate --format %(refname) %(objectname) %(*objectname) [11ms]
2023-03-08 05:04:44.001 [info] > git for-each-ref --format=%(refname)%00%(upstream:short)%00%(objectname)%00%(upstream:track)%00%(upstream:remotename)%00%(upstream:remoteref) refs/heads/development refs/remotes/development [35ms]
2023-03-08 05:04:44.021 [info] > git config --get commit.template [23ms]
2023-03-08 05:04:44.033 [info] > git for-each-ref --sort -committerdate --format %(refname) %(objectname) %(*objectname) [13ms]
2023-03-08 05:04:44.037 [info] > git for-each-ref --format=%(refname)%00%(upstream:short)%00%(objectname)%00%(upstream:track)%00%(upstream:remotename)%00%(upstream:remoteref) refs/heads/master refs/remotes/master [5ms]
2023-03-08 05:04:44.058 [info] > git status -z -uall [48ms]
2023-03-08 05:04:44.058 [info] > git status -z -uall [12ms]
2023-03-08 05:04:44.058 [info] > git for-each-ref --sort -committerdate --format %(refname) %(objectname) %(*objectname) [2ms]
2023-03-08 05:07:42.315 [info] > git fetch [3ms]
2023-03-08 05:07:42.330 [info] No remotes found in the git config file.
2023-03-08 05:07:42.330 [info] > git config --get commit.template [7ms]
2023-03-08 05:07:42.332 [info] > git for-each-ref --format=%(refname)%00%(upstream:short)%00%(objectname)%00%(upstream:track)%00%(upstream:remotename)%00%(upstream:remoteref) refs/heads/master refs/remotes/master [3ms]
2023-03-08 05:07:42.357 [info] > git for-each-ref --sort -committerdate --format %(refname) %(objectname) %(*objectname) [3ms]
2023-03-08 05:07:42.493 [info] > git status -z -uall [153ms]
2023-03-08 05:07:44.143 [info] > git fetch [187ms]
2023-03-08 05:07:44.157 [info] > git config --get commit.template [1ms]
2023-03-08 05:07:44.167 [info] > git for-each-ref --format=%(refname)%00%(upstream:short)%00%(objectname)%00%(upstream:track)%00%(upstream:remotename)%00%(upstream:remoteref) refs/heads/master refs/remotes/master [1ms]
2023-03-08 05:07:44.186 [info] > git status -z -uall [10ms]
2023-03-08 05:07:44.188 [info] > git for-each-ref --sort -committerdate --format %(refname) %(objectname) %(*objectname) [2ms]
2023-03-08 05:07:44.206 [info] > git fetch [194ms]
2023-03-08 05:07:44.229 [info] > git config --get commit.template [9ms]
2023-03-08 05:07:44.229 [info] > git for-each-ref --format %(refname) %(objectname) %(*objectname) refs/tags [1ms]
2023-03-08 05:07:44.248 [info] > git status -z -uall [10ms]
2023-03-08 05:07:44.249 [info] > git for-each-ref --sort -committerdate --format %(refname) %(objectname) %(*objectname) [2ms]
2023-03-08 05:07:44.256 [info] > git fetch [180ms]
2023-03-08 05:07:44.268 [info] > git fetch [182ms]
2023-03-08 05:07:44.278 [info] > git config --get commit.template [11ms]
2023-03-08 05:07:44.288 [info] > git config --get commit.template [9ms]
2023-03-08 05:07:44.298 [info] > git for-each-ref --format=%(refname)%00%(upstream:short)%00%(objectname)%00%(upstream:track)%00%(upstream:remotename)%00%(upstream:remoteref) refs/heads/development refs/remotes/development [2ms]
2023-03-08 05:07:44.323 [info] > git for-each-ref --format=%(refname)%00%(upstream:short)%00%(objectname)%00%(upstream:track)%00%(upstream:remotename)%00%(upstream:remoteref) refs/heads/master refs/remotes/master [36ms]
2023-03-08 05:07:44.358 [info] > git status -z -uall [17ms]
2023-03-08 05:07:44.360 [info] > git for-each-ref --sort -committerdate --format %(refname) %(objectname) %(*objectname) [37ms]
2023-03-08 05:07:44.361 [info] > git status -z -uall [55ms]
2023-03-08 05:07:44.363 [info] > git for-each-ref --sort -committerdate --format %(refname) %(objectname) %(*objectname) [6ms]
2023-03-08 05:10:42.616 [info] > git fetch [9ms]
2023-03-08 05:10:42.633 [info] No remotes found in the git config file.
2023-03-08 05:10:42.634 [info] > git config --get commit.template [9ms]
2023-03-08 05:10:42.634 [info] > git for-each-ref --format=%(refname)%00%(upstream:short)%00%(objectname)%00%(upstream:track)%00%(upstream:remotename)%00%(upstream:remoteref) refs/heads/master refs/remotes/master [2ms]
2023-03-08 05:10:42.661 [info] > git for-each-ref --sort -committerdate --format %(refname) %(objectname) %(*objectname) [7ms]
2023-03-08 05:10:44.453 [info] > git status -z -uall [1810ms]
2023-03-08 05:10:46.243 [info] > git fetch [1792ms]
2023-03-08 05:10:46.244 [info] > git fetch [1857ms]
2023-03-08 05:10:46.244 [info] > git fetch [1975ms]
2023-03-08 05:10:46.245 [info] > git fetch [2041ms]
2023-03-08 05:10:46.343 [info] > git config --get commit.template [23ms]
2023-03-08 05:10:46.343 [info] > git config --get commit.template [48ms]
2023-03-08 05:10:46.343 [info] > git config --get commit.template [60ms]
2023-03-08 05:10:46.356 [info] > git config --get commit.template [24ms]
2023-03-08 05:10:46.397 [info] > git for-each-ref --format %(refname) %(objectname) %(*objectname) refs/tags [11ms]
2023-03-08 05:10:46.417 [info] > git for-each-ref --format=%(refname)%00%(upstream:short)%00%(objectname)%00%(upstream:track)%00%(upstream:remotename)%00%(upstream:remoteref) refs/heads/development refs/remotes/development [40ms]
2023-03-08 05:10:46.438 [info] > git for-each-ref --format=%(refname)%00%(upstream:short)%00%(objectname)%00%(upstream:track)%00%(upstream:remotename)%00%(upstream:remoteref) refs/heads/master refs/remotes/master [69ms]
2023-03-08 05:10:46.463 [info] > git status -z -uall [57ms]
2023-03-08 05:10:46.463 [info] > git status -z -uall [15ms]
2023-03-08 05:10:46.464 [info] > git for-each-ref --sort -committerdate --format %(refname) %(objectname) %(*objectname) [27ms]
2023-03-08 05:10:46.465 [info] > git for-each-ref --sort -committerdate --format %(refname) %(objectname) %(*objectname) [49ms]
2023-03-08 05:10:46.467 [info] > git for-each-ref --format=%(refname)%00%(upstream:short)%00%(objectname)%00%(upstream:track)%00%(upstream:remotename)%00%(upstream:remoteref) refs/heads/master refs/remotes/master [72ms]
2023-03-08 05:10:46.493 [info] > git status -z -uall [67ms]
2023-03-08 05:10:46.493 [info] > git status -z -uall [13ms]
2023-03-08 05:10:46.493 [info] > git for-each-ref --sort -committerdate --format %(refname) %(objectname) %(*objectname) [31ms]
2023-03-08 05:10:46.501 [info] > git for-each-ref --sort -committerdate --format %(refname) %(objectname) %(*objectname) [9ms]
2023-03-08 05:17:25.057 [info] > git fetch [32ms]
2023-03-08 05:17:25.123 [info] No remotes found in the git config file.
2023-03-08 05:17:25.123 [info] > git config --get commit.template [18ms]
2023-03-08 05:17:25.125 [info] > git for-each-ref --format=%(refname)%00%(upstream:short)%00%(objectname)%00%(upstream:track)%00%(upstream:remotename)%00%(upstream:remoteref) refs/heads/master refs/remotes/master [3ms]
2023-03-08 05:17:25.156 [info] > git for-each-ref --sort -committerdate --format %(refname) %(objectname) %(*objectname) [2ms]
2023-03-08 05:17:25.241 [info] > git fetch [209ms]
2023-03-08 05:17:25.260 [info] > git config --get commit.template [8ms]
2023-03-08 05:17:25.262 [info] > git for-each-ref --format %(refname) %(objectname) %(*objectname) refs/tags [3ms]
2023-03-08 05:17:25.296 [info] > git status -z -uall [19ms]
2023-03-08 05:17:25.297 [info] > git fetch [248ms]
2023-03-08 05:17:25.298 [info] > git fetch [256ms]
2023-03-08 05:17:25.329 [info] > git config --get commit.template [10ms]
2023-03-08 05:17:25.329 [info] > git config --get commit.template [21ms]
2023-03-08 05:17:25.329 [info] > git for-each-ref --sort -committerdate --format %(refname) %(objectname) %(*objectname) [34ms]
2023-03-08 05:17:25.331 [info] > git fetch [275ms]
2023-03-08 05:17:25.361 [info] > git status -z -uall [221ms]
2023-03-08 05:17:25.361 [info] > git config --get commit.template [20ms]
2023-03-08 05:17:25.363 [info] > git for-each-ref --format=%(refname)%00%(upstream:short)%00%(objectname)%00%(upstream:track)%00%(upstream:remotename)%00%(upstream:remoteref) refs/heads/master refs/remotes/master [7ms]
2023-03-08 05:17:25.377 [info] > git for-each-ref --format=%(refname)%00%(upstream:short)%00%(objectname)%00%(upstream:track)%00%(upstream:remotename)%00%(upstream:remoteref) refs/heads/development refs/remotes/development [27ms]
2023-03-08 05:17:25.537 [info] > git status -z -uall [167ms]
2023-03-08 05:17:25.538 [info] > git status -z -uall [154ms]
2023-03-08 05:17:25.538 [info] > git for-each-ref --sort -committerdate --format %(refname) %(objectname) %(*objectname) [148ms]
2023-03-08 05:17:25.549 [info] > git for-each-ref --sort -committerdate --format %(refname) %(objectname) %(*objectname) [171ms]
2023-03-08 05:17:26.662 [info] > git for-each-ref --format=%(refname)%00%(upstream:short)%00%(objectname)%00%(upstream:track)%00%(upstream:remotename)%00%(upstream:remoteref) refs/heads/master refs/remotes/master [1128ms]
2023-03-08 05:17:26.786 [info] > git status -z -uall [67ms]
2023-03-08 05:17:26.786 [info] > git for-each-ref --sort -committerdate --format %(refname) %(objectname) %(*objectname) [54ms]
2023-03-08 05:17:35.040 [info] > git show --textconv :src/pages/Product.jsx [11ms]
2023-03-08 05:17:35.041 [info] > git ls-files --stage -- /home/ubuntu/footox_front/src/pages/Product.jsx [2ms]
2023-03-08 05:17:35.053 [info] > git cat-file -s 33646ec7bc5fff510c1aaf862c2b0ed4f5d520fb [3ms]
2023-03-08 05:20:25.536 [info] > git fetch [2ms]
2023-03-08 05:20:25.548 [info] > git fetch [206ms]
2023-03-08 05:20:25.563 [info] > git config --get commit.template [15ms]
2023-03-08 05:20:25.570 [info] No remotes found in the git config file.
2023-03-08 05:20:25.577 [info] > git for-each-ref --format=%(refname)%00%(upstream:short)%00%(objectname)%00%(upstream:track)%00%(upstream:remotename)%00%(upstream:remoteref) refs/heads/master refs/remotes/master [8ms]
2023-03-08 05:20:25.620 [info] > git config --get commit.template [57ms]
2023-03-08 05:20:25.634 [info] > git for-each-ref --sort -committerdate --format %(refname) %(objectname) %(*objectname) [15ms]
2023-03-08 05:20:25.636 [info] > git for-each-ref --format %(refname) %(objectname) %(*objectname) refs/tags [3ms]
2023-03-08 05:20:25.662 [info] > git status -z -uall [16ms]
2023-03-08 05:20:25.665 [info] > git for-each-ref --sort -committerdate --format %(refname) %(objectname) %(*objectname) [4ms]
2023-03-08 05:20:25.772 [info] > git status -z -uall [181ms]
2023-03-08 05:20:25.772 [info] > git fetch [216ms]
2023-03-08 05:20:25.893 [info] > git fetch [317ms]
2023-03-08 05:20:25.894 [info] > git config --get commit.template [3ms]
2023-03-08 05:20:27.090 [info] > git config --get commit.template [89ms]
2023-03-08 05:20:27.123 [info] > git for-each-ref --format=%(refname)%00%(upstream:short)%00%(objectname)%00%(upstream:track)%00%(upstream:remotename)%00%(upstream:remoteref) refs/heads/development refs/remotes/development [34ms]
2023-03-08 05:20:27.167 [info] > git for-each-ref --sort -committerdate --format %(refname) %(objectname) %(*objectname) [16ms]
2023-03-08 05:20:27.174 [info] > git for-each-ref --format=%(refname)%00%(upstream:short)%00%(objectname)%00%(upstream:track)%00%(upstream:remotename)%00%(upstream:remoteref) refs/heads/master refs/remotes/master [9ms]
2023-03-08 05:20:27.200 [info] > git status -z -uall [63ms]
2023-03-08 05:20:27.200 [info] > git status -z -uall [12ms]
2023-03-08 05:20:27.205 [info] > git for-each-ref --sort -committerdate --format %(refname) %(objectname) %(*objectname) [5ms]
2023-03-08 05:20:27.256 [info] > git fetch [202ms]
2023-03-08 05:20:27.280 [info] > git config --get commit.template [2ms]
2023-03-08 05:20:27.297 [info] > git for-each-ref --format=%(refname)%00%(upstream:short)%00%(objectname)%00%(upstream:track)%00%(upstream:remotename)%00%(upstream:remoteref) refs/heads/master refs/remotes/master [1ms]
2023-03-08 05:20:27.360 [info] > git status -z -uall [48ms]
2023-03-08 05:20:27.360 [info] > git for-each-ref --sort -committerdate --format %(refname) %(objectname) %(*objectname) [35ms]
2023-03-08 05:25:04.672 [info] > git fetch [48ms]
2023-03-08 05:25:04.703 [info] No remotes found in the git config file.
2023-03-08 05:25:04.703 [info] > git config --get commit.template [8ms]
2023-03-08 05:25:04.705 [info] > git for-each-ref --format=%(refname)%00%(upstream:short)%00%(objectname)%00%(upstream:track)%00%(upstream:remotename)%00%(upstream:remoteref) refs/heads/master refs/remotes/master [3ms]
2023-03-08 05:25:04.742 [info] > git for-each-ref --sort -committerdate --format %(refname) %(objectname) %(*objectname) [3ms]
2023-03-08 05:25:04.822 [info] > git fetch [206ms]
2023-03-08 05:25:04.847 [info] > git config --get commit.template [16ms]
2023-03-08 05:25:04.851 [info] > git for-each-ref --format %(refname) %(objectname) %(*objectname) refs/tags [4ms]
2023-03-08 05:25:04.892 [info] > git status -z -uall [170ms]
2023-03-08 05:25:04.892 [info] > git status -z -uall [33ms]
2023-03-08 05:25:04.893 [info] > git fetch [252ms]
2023-03-08 05:25:04.894 [info] > git fetch [263ms]
2023-03-08 05:25:04.915 [info] > git fetch [243ms]
2023-03-08 05:25:04.916 [info] > git for-each-ref --sort -committerdate --format %(refname) %(objectname) %(*objectname) [47ms]
2023-03-08 05:25:05.036 [info] > git config --get commit.template [123ms]
2023-03-08 05:25:05.036 [info] > git config --get commit.template [132ms]
2023-03-08 05:25:05.075 [info] > git config --get commit.template [41ms]
2023-03-08 05:25:06.254 [info] > git for-each-ref --format=%(refname)%00%(upstream:short)%00%(objectname)%00%(upstream:track)%00%(upstream:remotename)%00%(upstream:remoteref) refs/heads/development refs/remotes/development [49ms]
2023-03-08 05:25:06.288 [info] > git for-each-ref --format=%(refname)%00%(upstream:short)%00%(objectname)%00%(upstream:track)%00%(upstream:remotename)%00%(upstream:remoteref) refs/heads/master refs/remotes/master [92ms]
2023-03-08 05:25:06.340 [info] > git status -z -uall [63ms]
2023-03-08 05:25:06.341 [info] > git status -z -uall [15ms]
2023-03-08 05:25:06.342 [info] > git for-each-ref --sort -committerdate --format %(refname) %(objectname) %(*objectname) [55ms]
2023-03-08 05:25:06.345 [info] > git for-each-ref --format=%(refname)%00%(upstream:short)%00%(objectname)%00%(upstream:track)%00%(upstream:remotename)%00%(upstream:remoteref) refs/heads/master refs/remotes/master [92ms]
2023-03-08 05:25:06.367 [info] > git status -z -uall [13ms]
2023-03-08 05:25:06.368 [info] > git for-each-ref --sort -committerdate --format %(refname) %(objectname) %(*objectname) [30ms]
2023-03-08 05:25:06.373 [info] > git for-each-ref --sort -committerdate --format %(refname) %(objectname) %(*objectname) [9ms]
2023-03-08 05:26:16.753 [info] > git show --textconv :src/pages/ProductDetails.jsx [7ms]
2023-03-08 05:26:16.755 [info] > git ls-files --stage -- /home/ubuntu/footox_front/src/pages/ProductDetails.jsx [2ms]
2023-03-08 05:26:16.763 [info] > git cat-file -s e5870853827471a8bde3619802c1966cbbedef0e [2ms]
2023-03-08 05:26:36.894 [info] > git show --textconv :src/pages/ViewCart.jsx [9ms]
2023-03-08 05:26:36.897 [info] > git ls-files --stage -- /home/ubuntu/footox_front/src/pages/ViewCart.jsx [4ms]
2023-03-08 05:26:36.906 [info] > git cat-file -s 7eb471b58e56062694f79850dbf89d07ec7d214f [3ms]
2023-03-08 05:26:53.363 [info] > git show --textconv :src/pages/Wishlist.jsx [8ms]
2023-03-08 05:26:53.365 [info] > git ls-files --stage -- /home/ubuntu/footox_front/src/pages/Wishlist.jsx [2ms]
2023-03-08 05:26:53.372 [info] > git cat-file -s d7d7d84f8f94dc0ff25ca14b705d3427a9c70c9e [1ms]
2023-03-08 05:27:06.752 [info] > git check-ignore -v -z --stdin [1ms]
2023-03-08 05:27:08.096 [info] > git check-ignore -v -z --stdin [2ms]
2023-03-08 05:27:09.970 [info] > git check-ignore -v -z --stdin [1ms]
2023-03-08 05:27:11.587 [info] > git check-ignore -v -z --stdin [1ms]
2023-03-08 05:27:13.085 [info] > git check-ignore -v -z --stdin [3ms]
2023-03-08 05:27:15.857 [info] > git show --textconv :src/Admin/products/StockPage2.jsx [38ms]
2023-03-08 05:27:15.861 [info] > git ls-files --stage -- /home/ubuntu/footox_admin/src/Admin/products/StockPage2.jsx [5ms]
2023-03-08 05:27:15.916 [info] > git cat-file -s 42e3ad2c95ded8f158ceddaf89a6da6da3f7a0c2 [20ms]
2023-03-08 05:27:27.665 [info] > git show --textconv :src/Admin/products/viewProduct.jsx [8ms]
2023-03-08 05:27:27.666 [info] > git ls-files --stage -- /home/ubuntu/footox_admin/src/Admin/products/viewProduct.jsx [3ms]
2023-03-08 05:27:27.675 [info] > git cat-file -s 9e8c5e1f663c4f0d04b858d5bd1c39affaa63687 [3ms]
2023-03-08 05:28:05.038 [info] > git fetch [4ms]
2023-03-08 05:28:05.060 [info] No remotes found in the git config file.
2023-03-08 05:28:05.061 [info] > git config --get commit.template [12ms]
2023-03-08 05:28:05.063 [info] > git for-each-ref --format=%(refname)%00%(upstream:short)%00%(objectname)%00%(upstream:track)%00%(upstream:remotename)%00%(upstream:remoteref) refs/heads/master refs/remotes/master [2ms]
2023-03-08 05:28:05.090 [info] > git for-each-ref --sort -committerdate --format %(refname) %(objectname) %(*objectname) [3ms]
2023-03-08 05:28:05.134 [info] > git fetch [205ms]
2023-03-08 05:28:05.170 [info] > git config --get commit.template [19ms]
2023-03-08 05:28:05.173 [info] > git for-each-ref --format %(refname) %(objectname) %(*objectname) refs/tags [3ms]
2023-03-08 05:28:05.204 [info] > git status -z -uall [18ms]
2023-03-08 05:28:05.205 [info] > git for-each-ref --sort -committerdate --format %(refname) %(objectname) %(*objectname) [2ms]
2023-03-08 05:28:05.257 [info] > git status -z -uall [187ms]
2023-03-08 05:28:06.790 [info] > git fetch [301ms]
2023-03-08 05:28:06.815 [info] > git fetch [314ms]
2023-03-08 05:28:06.855 [info] > git config --get commit.template [41ms]
2023-03-08 05:28:06.856 [info] > git for-each-ref --format=%(refname)%00%(upstream:short)%00%(objectname)%00%(upstream:track)%00%(upstream:remotename)%00%(upstream:remoteref) refs/heads/development refs/remotes/development [12ms]
2023-03-08 05:28:06.885 [info] > git fetch [362ms]
2023-03-08 05:28:06.910 [info] > git config --get commit.template [56ms]
2023-03-08 05:28:06.921 [info] > git for-each-ref --sort -committerdate --format %(refname) %(objectname) %(*objectname) [37ms]
2023-03-08 05:28:06.922 [info] > git config --get commit.template [13ms]
2023-03-08 05:28:06.932 [info] > git status -z -uall [66ms]
2023-03-08 05:28:06.932 [info] > git for-each-ref --format=%(refname)%00%(upstream:short)%00%(objectname)%00%(upstream:track)%00%(upstream:remotename)%00%(upstream:remoteref) refs/heads/master refs/remotes/master [12ms]
2023-03-08 05:28:06.954 [info] > git status -z -uall [13ms]
2023-03-08 05:28:06.955 [info] > git for-each-ref --sort -committerdate --format %(refname) %(objectname) %(*objectname) [3ms]
2023-03-08 05:28:06.959 [info] > git for-each-ref --format=%(refname)%00%(upstream:short)%00%(objectname)%00%(upstream:track)%00%(upstream:remotename)%00%(upstream:remoteref) refs/heads/master refs/remotes/master [28ms]
2023-03-08 05:28:06.978 [info] > git status -z -uall [10ms]
2023-03-08 05:28:06.979 [info] > git for-each-ref --sort -committerdate --format %(refname) %(objectname) %(*objectname) [2ms]
2023-03-08 05:28:44.250 [info] > git show --textconv :src/components/Header.jsx [10ms]
2023-03-08 05:28:44.251 [info] > git ls-files --stage -- /home/ubuntu/footox_front/src/components/Header.jsx [2ms]
2023-03-08 05:28:44.262 [info] > git cat-file -s dcb0f07104b2a11ab43a7ad065ea0515e8b9dfb5 [3ms]
2023-03-08 05:28:45.722 [info] > git check-ignore -v -z --stdin [2ms]
2023-03-08 05:28:49.687 [info] > git show --textconv :src/Admin/products/orderManagement.jsx [9ms]
2023-03-08 05:28:49.692 [info] > git ls-files --stage -- /home/ubuntu/footox_admin/src/Admin/products/orderManagement.jsx [5ms]
2023-03-08 05:28:49.715 [info] > git cat-file -s d5ae5c3f29457fbaed0a48c5d7e2edb0614ca3c1 [3ms]
2023-03-08 05:29:00.885 [info] > git show --textconv :src/Admin/products/ViewSku.jsx [9ms]
2023-03-08 05:29:00.888 [info] > git ls-files --stage -- /home/ubuntu/footox_admin/src/Admin/products/ViewSku.jsx [4ms]
2023-03-08 05:29:00.897 [info] > git cat-file -s 25c73a3cfe87f2b2b9409d0c5260c67251f866d9 [2ms]
2023-03-08 05:29:10.977 [info] > git show --textconv :src/Admin/products/addProduct.jsx [12ms]
2023-03-08 05:29:10.979 [info] > git ls-files --stage -- /home/ubuntu/footox_admin/src/Admin/products/addProduct.jsx [7ms]
2023-03-08 05:29:10.989 [info] > git cat-file -s 77e2e16b3b123d85a46bc8387728e66dba1ecd7c [3ms]
2023-03-08 05:29:31.310 [info] > git show --textconv :src/Admin/AdminNavbar.jsx [13ms]
2023-03-08 05:29:31.314 [info] > git ls-files --stage -- /home/ubuntu/footox_admin/src/Admin/AdminNavbar.jsx [5ms]
2023-03-08 05:29:31.324 [info] > git cat-file -s 2c69fbbdcc21ab1cb529a85d43c0472aaddf3b39 [3ms]
2023-03-08 05:29:32.310 [info] > git show --textconv :src/Admin/AddCoupon.jsx [10ms]
2023-03-08 05:29:32.316 [info] > git ls-files --stage -- /home/ubuntu/footox_admin/src/Admin/AddCoupon.jsx [7ms]
2023-03-08 05:29:32.324 [info] > git cat-file -s 443c5e4b2c83d21b547052acc6fdefc1af85dc40 [2ms]
2023-03-08 05:29:43.683 [info] > git show --textconv :src/Admin/AdminModal.jsx [38ms]
2023-03-08 05:29:43.694 [info] > git ls-files --stage -- /home/ubuntu/footox_admin/src/Admin/AdminModal.jsx [11ms]
2023-03-08 05:29:43.753 [info] > git cat-file -s 80c41ecf004c2fc57cf8eade90a6bfb6a7261283 [9ms]
2023-03-08 05:29:48.842 [info] > git show --textconv :src/Admin/Instagram.jsx [7ms]
2023-03-08 05:29:48.844 [info] > git ls-files --stage -- /home/ubuntu/footox_admin/src/Admin/Instagram.jsx [1ms]
2023-03-08 05:29:48.851 [info] > git cat-file -s 8c9310ea8cc757502c5b6ef46e3debcd95f04c5e [2ms]
2023-03-08 05:29:49.900 [info] > git show --textconv :src/Admin/CouponPage.jsx [18ms]
2023-03-08 05:29:49.905 [info] > git ls-files --stage -- /home/ubuntu/footox_admin/src/Admin/CouponPage.jsx [5ms]
2023-03-08 05:29:49.913 [info] > git cat-file -s 0999ee6fb8e6bab207e92011d0a1da5aae278598 [2ms]
2023-03-08 05:30:04.474 [info] > git check-ignore -v -z --stdin [3ms]
2023-03-08 05:30:12.912 [info] > git show --textconv :src/pages/ProductDetails.jsx [26ms]
2023-03-08 05:30:12.914 [info] > git ls-files --stage -- /home/ubuntu/footox_front/src/pages/ProductDetails.jsx [3ms]
2023-03-08 05:30:12.938 [info] > git cat-file -s e5870853827471a8bde3619802c1966cbbedef0e [10ms]
2023-03-08 05:32:45.752 [info] > git fetch [30ms]
2023-03-08 05:32:45.810 [info] No remotes found in the git config file.
2023-03-08 05:32:45.811 [info] > git config --get commit.template [19ms]
2023-03-08 05:32:45.822 [info] > git for-each-ref --format=%(refname)%00%(upstream:short)%00%(objectname)%00%(upstream:track)%00%(upstream:remotename)%00%(upstream:remoteref) refs/heads/master refs/remotes/master [12ms]
2023-03-08 05:32:45.849 [info] > git for-each-ref --sort -committerdate --format %(refname) %(objectname) %(*objectname) [3ms]
2023-03-08 05:32:45.943 [info] > git fetch [214ms]
2023-03-08 05:32:45.989 [info] > git for-each-ref --format=%(refname)%00%(upstream:short)%00%(objectname)%00%(upstream:track)%00%(upstream:remotename)%00%(upstream:remoteref) refs/heads/development refs/remotes/development [15ms]
2023-03-08 05:32:45.989 [info] > git fetch [239ms]
2023-03-08 05:32:45.990 [info] > git fetch [254ms]
2023-03-08 05:32:45.992 [info] > git config --get commit.template [32ms]
2023-03-08 05:32:46.006 [info] > git fetch [291ms]
2023-03-08 05:32:46.041 [info] > git status -z -uall [209ms]
2023-03-08 05:32:46.263 [info] > git status -z -uall [264ms]
2023-03-08 05:32:46.264 [info] > git config --get commit.template [228ms]
2023-03-08 05:32:46.264 [info] > git config --get commit.template [235ms]
2023-03-08 05:32:46.265 [info] > git for-each-ref --sort -committerdate --format %(refname) %(objectname) %(*objectname) [258ms]
2023-03-08 05:32:46.269 [info] > git config --get commit.template [6ms]
2023-03-08 05:32:47.383 [info] > git for-each-ref --format=%(refname)%00%(upstream:short)%00%(objectname)%00%(upstream:track)%00%(upstream:remotename)%00%(upstream:remoteref) refs/heads/master refs/remotes/master [1098ms]
2023-03-08 05:32:47.446 [info] > git for-each-ref --format=%(refname)%00%(upstream:short)%00%(objectname)%00%(upstream:track)%00%(upstream:remotename)%00%(upstream:remoteref) refs/heads/master refs/remotes/master [1168ms]
2023-03-08 05:32:47.480 [info] > git status -z -uall [46ms]
2023-03-08 05:32:47.481 [info] > git status -z -uall [20ms]
2023-03-08 05:32:47.481 [info] > git for-each-ref --sort -committerdate --format %(refname) %(objectname) %(*objectname) [11ms]
2023-03-08 05:32:47.504 [info] > git for-each-ref --sort -committerdate --format %(refname) %(objectname) %(*objectname) [59ms]
2023-03-08 05:32:47.508 [info] > git for-each-ref --format %(refname) %(objectname) %(*objectname) refs/tags [131ms]
2023-03-08 05:32:47.542 [info] > git status -z -uall [11ms]
2023-03-08 05:32:47.544 [info] > git for-each-ref --sort -committerdate --format %(refname) %(objectname) %(*objectname) [3ms]
2023-03-08 05:33:33.621 [info] > git show --textconv :src/pages/Wishlist.jsx [8ms]
2023-03-08 05:33:33.623 [info] > git ls-files --stage -- /home/ubuntu/footox_front/src/pages/Wishlist.jsx [2ms]
2023-03-08 05:33:33.630 [info] > git cat-file -s d7d7d84f8f94dc0ff25ca14b705d3427a9c70c9e [1ms]
2023-03-08 05:34:08.647 [info] > git show --textconv :src/pages/HomePage.jsx [20ms]
2023-03-08 05:34:08.652 [info] > git ls-files --stage -- /home/ubuntu/footox_front/src/pages/HomePage.jsx [6ms]
2023-03-08 05:34:08.664 [info] > git cat-file -s fc59e0167d38a723fcad4ed0f8a13de7d6696cb0 [3ms]
2023-03-08 05:34:25.143 [info] > git show --textconv :src/pages/ViewCart.jsx [8ms]
2023-03-08 05:34:25.146 [info] > git ls-files --stage -- /home/ubuntu/footox_front/src/pages/ViewCart.jsx [3ms]
2023-03-08 05:34:25.155 [info] > git cat-file -s 7eb471b58e56062694f79850dbf89d07ec7d214f [3ms]
2023-03-08 05:35:46.276 [info] > git fetch [9ms]
2023-03-08 05:35:46.294 [info] No remotes found in the git config file.
2023-03-08 05:35:46.295 [info] > git config --get commit.template [8ms]
2023-03-08 05:35:46.295 [info] > git for-each-ref --format=%(refname)%00%(upstream:short)%00%(objectname)%00%(upstream:track)%00%(upstream:remotename)%00%(upstream:remoteref) refs/heads/master refs/remotes/master [2ms]
2023-03-08 05:35:46.345 [info] > git for-each-ref --sort -committerdate --format %(refname) %(objectname) %(*objectname) [10ms]
2023-03-08 05:35:46.445 [info] > git status -z -uall [144ms]
2023-03-08 05:35:46.556 [info] > git fetch [281ms]
2023-03-08 05:35:47.762 [info] > git config --get commit.template [1177ms]
2023-03-08 05:35:47.932 [info] > git for-each-ref --format=%(refname)%00%(upstream:short)%00%(objectname)%00%(upstream:track)%00%(upstream:remotename)%00%(upstream:remoteref) refs/heads/development refs/remotes/development [39ms]
2023-03-08 05:35:47.998 [info] > git for-each-ref --sort -committerdate --format %(refname) %(objectname) %(*objectname) [34ms]
2023-03-08 05:35:48.006 [info] > git status -z -uall [58ms]
2023-03-08 05:35:48.012 [info] > git fetch [214ms]
2023-03-08 05:35:48.036 [info] > git config --get commit.template [12ms]
2023-03-08 05:35:48.042 [info] > git for-each-ref --format=%(refname)%00%(upstream:short)%00%(objectname)%00%(upstream:track)%00%(upstream:remotename)%00%(upstream:remoteref) refs/heads/master refs/remotes/master [4ms]
2023-03-08 05:35:48.060 [info] > git status -z -uall [10ms]
2023-03-08 05:35:48.062 [info] > git for-each-ref --sort -committerdate --format %(refname) %(objectname) %(*objectname) [3ms]
2023-03-08 05:35:48.079 [info] > git fetch [216ms]
2023-03-08 05:35:48.094 [info] > git fetch [245ms]
2023-03-08 05:35:48.104 [info] > git config --get commit.template [11ms]
2023-03-08 05:35:48.119 [info] > git config --get commit.template [14ms]
2023-03-08 05:35:48.132 [info] > git for-each-ref --format %(refname) %(objectname) %(*objectname) refs/tags [16ms]
2023-03-08 05:35:48.160 [info] > git status -z -uall [15ms]
2023-03-08 05:35:48.161 [info] > git for-each-ref --format=%(refname)%00%(upstream:short)%00%(objectname)%00%(upstream:track)%00%(upstream:remotename)%00%(upstream:remoteref) refs/heads/master refs/remotes/master [30ms]
2023-03-08 05:35:48.204 [info] > git status -z -uall [32ms]
2023-03-08 05:35:48.205 [info] > git for-each-ref --sort -committerdate --format %(refname) %(objectname) %(*objectname) [24ms]
2023-03-08 05:35:48.210 [info] > git for-each-ref --sort -committerdate --format %(refname) %(objectname) %(*objectname) [51ms]
2023-03-08 05:38:46.571 [info] > git fetch [6ms]
2023-03-08 05:38:46.587 [info] No remotes found in the git config file.
2023-03-08 05:38:46.588 [info] > git config --get commit.template [8ms]
2023-03-08 05:38:46.588 [info] > git for-each-ref --format=%(refname)%00%(upstream:short)%00%(objectname)%00%(upstream:track)%00%(upstream:remotename)%00%(upstream:remoteref) refs/heads/master refs/remotes/master [1ms]
2023-03-08 05:38:46.607 [info] > git for-each-ref --sort -committerdate --format %(refname) %(objectname) %(*objectname) [3ms]
2023-03-08 05:38:46.827 [info] > git status -z -uall [231ms]
2023-03-08 05:38:48.356 [info] > git fetch [192ms]
2023-03-08 05:38:48.393 [info] > git config --get commit.template [19ms]
2023-03-08 05:38:48.394 [info] > git fetch [214ms]
2023-03-08 05:38:48.424 [info] > git for-each-ref --format=%(refname)%00%(upstream:short)%00%(objectname)%00%(upstream:track)%00%(upstream:remotename)%00%(upstream:remoteref) refs/heads/development refs/remotes/development [32ms]
2023-03-08 05:38:48.458 [info] > git config --get commit.template [35ms]
2023-03-08 05:38:48.488 [info] > git fetch [233ms]
2023-03-08 05:38:48.490 [info] > git for-each-ref --sort -committerdate --format %(refname) %(objectname) %(*objectname) [32ms]
2023-03-08 05:38:48.507 [info] > git status -z -uall [64ms]
2023-03-08 05:38:48.507 [info] > git for-each-ref --format=%(refname)%00%(upstream:short)%00%(objectname)%00%(upstream:track)%00%(upstream:remotename)%00%(upstream:remoteref) refs/heads/master refs/remotes/master [20ms]
2023-03-08 05:38:48.561 [info] > git status -z -uall [41ms]
2023-03-08 05:38:48.561 [info] > git for-each-ref --sort -committerdate --format %(refname) %(objectname) %(*objectname) [17ms]
2023-03-08 05:38:48.563 [info] > git config --get commit.template [57ms]
2023-03-08 05:38:48.587 [info] > git fetch [318ms]
2023-03-08 05:38:48.608 [info] > git for-each-ref --format=%(refname)%00%(upstream:short)%00%(objectname)%00%(upstream:track)%00%(upstream:remotename)%00%(upstream:remoteref) refs/heads/master refs/remotes/master [22ms]
2023-03-08 05:38:48.655 [info] > git status -z -uall [35ms]
2023-03-08 05:38:48.656 [info] > git for-each-ref --sort -committerdate --format %(refname) %(objectname) %(*objectname) [4ms]
2023-03-08 05:38:48.662 [info] > git config --get commit.template [55ms]
2023-03-08 05:38:48.678 [info] > git for-each-ref --format %(refname) %(objectname) %(*objectname) refs/tags [2ms]
2023-03-08 05:38:48.704 [info] > git status -z -uall [14ms]
2023-03-08 05:38:48.706 [info] > git for-each-ref --sort -committerdate --format %(refname) %(objectname) %(*objectname) [1ms]
2023-03-08 05:41:47.010 [info] > git fetch [3ms]
2023-03-08 05:41:47.025 [info] No remotes found in the git config file.
2023-03-08 05:41:47.025 [info] > git config --get commit.template [7ms]
2023-03-08 05:41:47.026 [info] > git for-each-ref --format=%(refname)%00%(upstream:short)%00%(objectname)%00%(upstream:track)%00%(upstream:remotename)%00%(upstream:remoteref) refs/heads/master refs/remotes/master [2ms]
2023-03-08 05:41:47.042 [info] > git for-each-ref --sort -committerdate --format %(refname) %(objectname) %(*objectname) [2ms]
2023-03-08 05:41:47.172 [info] > git status -z -uall [140ms]
2023-03-08 05:41:49.332 [info] > git fetch [311ms]
2023-03-08 05:41:49.410 [info] > git config --get commit.template [21ms]
2023-03-08 05:41:49.439 [info] > git for-each-ref --format=%(refname)%00%(upstream:short)%00%(objectname)%00%(upstream:track)%00%(upstream:remotename)%00%(upstream:remoteref) refs/heads/development refs/remotes/development [30ms]
2023-03-08 05:41:49.479 [info] > git fetch [407ms]
2023-03-08 05:41:49.534 [info] > git status -z -uall [75ms]
2023-03-08 05:41:49.535 [info] > git fetch [491ms]
2023-03-08 05:41:49.536 [info] > git for-each-ref --sort -committerdate --format %(refname) %(objectname) %(*objectname) [58ms]
2023-03-08 05:41:49.573 [info] > git fetch [465ms]
2023-03-08 05:41:49.574 [info] > git config --get commit.template [41ms]
2023-03-08 05:41:49.574 [info] > git config --get commit.template [15ms]
2023-03-08 05:41:49.651 [info] > git config --get commit.template [14ms]
2023-03-08 05:41:49.652 [info] > git for-each-ref --format=%(refname)%00%(upstream:short)%00%(objectname)%00%(upstream:track)%00%(upstream:remotename)%00%(upstream:remoteref) refs/heads/master refs/remotes/master [79ms]
2023-03-08 05:41:49.694 [info] > git status -z -uall [16ms]
2023-03-08 05:41:49.695 [info] > git for-each-ref --format=%(refname)%00%(upstream:short)%00%(objectname)%00%(upstream:track)%00%(upstream:remotename)%00%(upstream:remoteref) refs/heads/master refs/remotes/master [45ms]
2023-03-08 05:41:49.734 [info] > git status -z -uall [28ms]
2023-03-08 05:41:49.735 [info] > git for-each-ref --sort -committerdate --format %(refname) %(objectname) %(*objectname) [43ms]
2023-03-08 05:41:49.743 [info] > git for-each-ref --sort -committerdate --format %(refname) %(objectname) %(*objectname) [21ms]
2023-03-08 05:41:49.745 [info] > git for-each-ref --format %(refname) %(objectname) %(*objectname) refs/tags [12ms]
2023-03-08 05:41:49.774 [info] > git status -z -uall [16ms]
2023-03-08 05:41:49.775 [info] > git for-each-ref --sort -committerdate --format %(refname) %(objectname) %(*objectname) [6ms]
2023-03-08 05:44:47.292 [info] > git fetch [5ms]
2023-03-08 05:44:47.324 [info] No remotes found in the git config file.
2023-03-08 05:44:47.326 [info] > git config --get commit.template [14ms]
2023-03-08 05:44:47.329 [info] > git for-each-ref --format=%(refname)%00%(upstream:short)%00%(objectname)%00%(upstream:track)%00%(upstream:remotename)%00%(upstream:remoteref) refs/heads/master refs/remotes/master [5ms]
2023-03-08 05:44:47.377 [info] > git for-each-ref --sort -committerdate --format %(refname) %(objectname) %(*objectname) [10ms]
2023-03-08 05:44:47.503 [info] > git status -z -uall [163ms]
2023-03-08 05:44:49.724 [info] > git fetch [172ms]
2023-03-08 05:44:49.786 [info] > git for-each-ref --format=%(refname)%00%(upstream:short)%00%(objectname)%00%(upstream:track)%00%(upstream:remotename)%00%(upstream:remoteref) refs/heads/development refs/remotes/development [33ms]
2023-03-08 05:44:49.786 [info] > git config --get commit.template [48ms]
2023-03-08 05:44:49.897 [info] > git for-each-ref --sort -committerdate --format %(refname) %(objectname) %(*objectname) [25ms]
2023-03-08 05:44:49.920 [info] > git status -z -uall [62ms]
2023-03-08 05:44:49.978 [info] > git fetch [212ms]
2023-03-08 05:44:49.992 [info] > git config --get commit.template [1ms]
2023-03-08 05:44:50.004 [info] > git for-each-ref --format=%(refname)%00%(upstream:short)%00%(objectname)%00%(upstream:track)%00%(upstream:remotename)%00%(upstream:remoteref) refs/heads/master refs/remotes/master [2ms]
2023-03-08 05:44:50.029 [info] > git status -z -uall [15ms]
2023-03-08 05:44:50.030 [info] > git for-each-ref --sort -committerdate --format %(refname) %(objectname) %(*objectname) [4ms]
2023-03-08 05:44:50.064 [info] > git fetch [280ms]
2023-03-08 05:44:50.089 [info] > git config --get commit.template [12ms]
2023-03-08 05:44:50.090 [info] > git for-each-ref --format=%(refname)%00%(upstream:short)%00%(objectname)%00%(upstream:track)%00%(upstream:remotename)%00%(upstream:remoteref) refs/heads/master refs/remotes/master [2ms]
2023-03-08 05:44:50.113 [info] > git status -z -uall [12ms]
2023-03-08 05:44:50.114 [info] > git fetch [219ms]
2023-03-08 05:44:50.129 [info] > git for-each-ref --sort -committerdate --format %(refname) %(objectname) %(*objectname) [16ms]
2023-03-08 05:44:50.167 [info] > git config --get commit.template [40ms]
2023-03-08 05:44:50.183 [info] > git for-each-ref --format %(refname) %(objectname) %(*objectname) refs/tags [2ms]
2023-03-08 05:44:50.214 [info] > git status -z -uall [16ms]
2023-03-08 05:44:50.216 [info] > git for-each-ref --sort -committerdate --format %(refname) %(objectname) %(*objectname) [3ms]
2023-03-08 05:47:47.624 [info] > git fetch [4ms]
2023-03-08 05:47:47.640 [info] No remotes found in the git config file.
2023-03-08 05:47:47.641 [info] > git config --get commit.template [8ms]
2023-03-08 05:47:47.641 [info] > git for-each-ref --format=%(refname)%00%(upstream:short)%00%(objectname)%00%(upstream:track)%00%(upstream:remotename)%00%(upstream:remoteref) refs/heads/master refs/remotes/master [1ms]
2023-03-08 05:47:47.675 [info] > git for-each-ref --sort -committerdate --format %(refname) %(objectname) %(*objectname) [4ms]
2023-03-08 05:47:47.783 [info] > git status -z -uall [135ms]
2023-03-08 05:47:50.112 [info] > git fetch [176ms]
2023-03-08 05:47:50.150 [info] > git for-each-ref --format=%(refname)%00%(upstream:short)%00%(objectname)%00%(upstream:track)%00%(upstream:remotename)%00%(upstream:remoteref) refs/heads/development refs/remotes/development [12ms]
2023-03-08 05:47:50.150 [info] > git config --get commit.template [25ms]
2023-03-08 05:47:50.177 [info] > git for-each-ref --sort -committerdate --format %(refname) %(objectname) %(*objectname) [3ms]
2023-03-08 05:47:50.217 [info] > git status -z -uall [55ms]
2023-03-08 05:47:50.298 [info] > git fetch [250ms]
2023-03-08 05:47:50.324 [info] > git config --get commit.template [12ms]
2023-03-08 05:47:50.324 [info] > git for-each-ref --format=%(refname)%00%(upstream:short)%00%(objectname)%00%(upstream:track)%00%(upstream:remotename)%00%(upstream:remoteref) refs/heads/master refs/remotes/master [2ms]
2023-03-08 05:47:50.346 [info] > git status -z -uall [12ms]
2023-03-08 05:47:50.347 [info] > git for-each-ref --sort -committerdate --format %(refname) %(objectname) %(*objectname) [2ms]
2023-03-08 05:47:50.354 [info] > git fetch [206ms]
2023-03-08 05:47:50.377 [info] > git config --get commit.template [10ms]
2023-03-08 05:47:50.378 [info] > git for-each-ref --format=%(refname)%00%(upstream:short)%00%(objectname)%00%(upstream:track)%00%(upstream:remotename)%00%(upstream:remoteref) refs/heads/master refs/remotes/master [1ms]
2023-03-08 05:47:50.398 [info] > git status -z -uall [10ms]
2023-03-08 05:47:50.399 [info] > git for-each-ref --sort -committerdate --format %(refname) %(objectname) %(*objectname) [1ms]
2023-03-08 05:47:50.424 [info] > git fetch [192ms]
2023-03-08 05:47:50.447 [info] > git config --get commit.template [10ms]
2023-03-08 05:47:50.448 [info] > git for-each-ref --format %(refname) %(objectname) %(*objectname) refs/tags [1ms]
2023-03-08 05:47:50.540 [info] > git status -z -uall [68ms]
2023-03-08 05:47:50.540 [info] > git for-each-ref --sort -committerdate --format %(refname) %(objectname) %(*objectname) [34ms]
2023-03-08 05:51:39.701 [info] > git fetch [31ms]
2023-03-08 05:51:39.772 [info] No remotes found in the git config file.
2023-03-08 05:51:39.773 [info] > git config --get commit.template [30ms]
2023-03-08 05:51:39.774 [info] > git for-each-ref --format=%(refname)%00%(upstream:short)%00%(objectname)%00%(upstream:track)%00%(upstream:remotename)%00%(upstream:remoteref) refs/heads/master refs/remotes/master [1ms]
2023-03-08 05:51:39.833 [info] > git for-each-ref --sort -committerdate --format %(refname) %(objectname) %(*objectname) [16ms]
2023-03-08 05:51:39.901 [info] > git fetch [222ms]
2023-03-08 05:51:39.934 [info] > git config --get commit.template [10ms]
2023-03-08 05:51:39.942 [info] > git for-each-ref --format=%(refname)%00%(upstream:short)%00%(objectname)%00%(upstream:track)%00%(upstream:remotename)%00%(upstream:remoteref) refs/heads/development refs/remotes/development [9ms]
2023-03-08 05:51:39.973 [info] > git fetch [273ms]
2023-03-08 05:51:39.985 [info] > git for-each-ref --sort -committerdate --format %(refname) %(objectname) %(*objectname) [16ms]
2023-03-08 05:51:40.001 [info] > git config --get commit.template [19ms]
2023-03-08 05:51:40.005 [info] > git fetch [320ms]
2023-03-08 05:51:40.014 [info] > git for-each-ref --format %(refname) %(objectname) %(*objectname) refs/tags [13ms]
2023-03-08 05:51:40.036 [info] > git status -z -uall [15ms]
2023-03-08 05:51:40.037 [info] > git config --get commit.template [23ms]
2023-03-08 05:51:40.060 [info] > git status -z -uall [106ms]
2023-03-08 05:51:40.060 [info] > git for-each-ref --format=%(refname)%00%(upstream:short)%00%(objectname)%00%(upstream:track)%00%(upstream:remotename)%00%(upstream:remoteref) refs/heads/master refs/remotes/master [8ms]
2023-03-08 05:51:40.075 [info] > git for-each-ref --sort -committerdate --format %(refname) %(objectname) %(*objectname) [39ms]
2023-03-08 05:51:40.083 [info] > git status -z -uall [16ms]
2023-03-08 05:51:40.084 [info] > git for-each-ref --sort -committerdate --format %(refname) %(objectname) %(*objectname) [9ms]
2023-03-08 05:51:40.090 [info] > git fetch [398ms]
2023-03-08 05:51:40.106 [info] > git config --get commit.template [6ms]
2023-03-08 05:51:40.118 [info] > git status -z -uall [322ms]
2023-03-08 05:51:40.276 [info] > git for-each-ref --format=%(refname)%00%(upstream:short)%00%(objectname)%00%(upstream:track)%00%(upstream:remotename)%00%(upstream:remoteref) refs/heads/master refs/remotes/master [159ms]
2023-03-08 05:51:41.499 [info] > git status -z -uall [1178ms]
2023-03-08 05:51:41.499 [info] > git for-each-ref --sort -committerdate --format %(refname) %(objectname) %(*objectname) [1160ms]
2023-03-08 05:55:01.668 [info] > git fetch [18ms]
2023-03-08 05:55:01.703 [info] No remotes found in the git config file.
2023-03-08 05:55:01.704 [info] > git config --get commit.template [13ms]
2023-03-08 05:55:01.706 [info] > git for-each-ref --format=%(refname)%00%(upstream:short)%00%(objectname)%00%(upstream:track)%00%(upstream:remotename)%00%(upstream:remoteref) refs/heads/master refs/remotes/master [3ms]
2023-03-08 05:55:01.756 [info] > git for-each-ref --sort -committerdate --format %(refname) %(objectname) %(*objectname) [1ms]
2023-03-08 05:55:01.885 [info] > git fetch [263ms]
2023-03-08 05:55:01.900 [info] > git fetch [268ms]
2023-03-08 05:55:01.954 [info] > git status -z -uall [240ms]
2023-03-08 05:55:01.954 [info] > git config --get commit.template [42ms]
2023-03-08 05:55:01.954 [info] > git config --get commit.template [56ms]
2023-03-08 05:55:02.079 [info] > git for-each-ref --format %(refname) %(objectname) %(*objectname) refs/tags [125ms]
2023-03-08 05:55:02.109 [info] > git fetch [469ms]
2023-03-08 05:55:02.110 [info] > git fetch [450ms]
2023-03-08 05:55:03.308 [info] > git status -z -uall [1217ms]
2023-03-08 05:55:03.308 [info] > git for-each-ref --sort -committerdate --format %(refname) %(objectname) %(*objectname) [1200ms]
2023-03-08 05:55:03.328 [info] > git config --get commit.template [31ms]
2023-03-08 05:55:03.328 [info] > git config --get commit.template [43ms]
2023-03-08 05:55:03.329 [info] > git for-each-ref --format=%(refname)%00%(upstream:short)%00%(objectname)%00%(upstream:track)%00%(upstream:remotename)%00%(upstream:remoteref) refs/heads/development refs/remotes/development [54ms]
2023-03-08 05:55:03.449 [info] > git status -z -uall [106ms]
2023-03-08 05:55:03.450 [info] > git for-each-ref --format=%(refname)%00%(upstream:short)%00%(objectname)%00%(upstream:track)%00%(upstream:remotename)%00%(upstream:remoteref) refs/heads/master refs/remotes/master [28ms]
2023-03-08 05:55:03.507 [info] > git for-each-ref --format=%(refname)%00%(upstream:short)%00%(objectname)%00%(upstream:track)%00%(upstream:remotename)%00%(upstream:remoteref) refs/heads/master refs/remotes/master [108ms]
2023-03-08 05:55:03.537 [info] > git for-each-ref --sort -committerdate --format %(refname) %(objectname) %(*objectname) [160ms]
2023-03-08 05:55:03.543 [info] > git status -z -uall [55ms]
2023-03-08 05:55:03.543 [info] > git for-each-ref --sort -committerdate --format %(refname) %(objectname) %(*objectname) [36ms]
2023-03-08 05:55:03.548 [info] > git for-each-ref --sort -committerdate --format %(refname) %(objectname) %(*objectname) [12ms]
2023-03-08 05:55:03.552 [info] > git status -z -uall [31ms]
2023-03-08 05:58:14.875 [info] > git fetch [34ms]
2023-03-08 05:58:14.944 [info] No remotes found in the git config file.
2023-03-08 05:58:14.945 [info] > git config --get commit.template [27ms]
2023-03-08 05:58:14.953 [info] > git for-each-ref --format=%(refname)%00%(upstream:short)%00%(objectname)%00%(upstream:track)%00%(upstream:remotename)%00%(upstream:remoteref) refs/heads/master refs/remotes/master [10ms]
2023-03-08 05:58:14.994 [info] > git for-each-ref --sort -committerdate --format %(refname) %(objectname) %(*objectname) [6ms]
2023-03-08 05:58:15.077 [info] > git fetch [228ms]
2023-03-08 05:58:15.103 [info] > git fetch [246ms]
2023-03-08 05:58:15.133 [info] > git fetch [258ms]
2023-03-08 05:58:15.134 [info] > git fetch [270ms]
2023-03-08 05:58:15.134 [info] > git config --get commit.template [32ms]
2023-03-08 05:58:15.151 [info] > git config --get commit.template [29ms]
2023-03-08 05:58:15.175 [info] > git config --get commit.template [24ms]
2023-03-08 05:58:15.175 [info] > git config --get commit.template [32ms]
2023-03-08 05:58:15.175 [info] > git for-each-ref --format %(refname) %(objectname) %(*objectname) refs/tags [44ms]
2023-03-08 05:58:15.199 [info] > git status -z -uall [13ms]
2023-03-08 05:58:15.200 [info] > git for-each-ref --format=%(refname)%00%(upstream:short)%00%(objectname)%00%(upstream:track)%00%(upstream:remotename)%00%(upstream:remoteref) refs/heads/development refs/remotes/development [42ms]
2023-03-08 05:58:15.249 [info] > git for-each-ref --sort -committerdate --format %(refname) %(objectname) %(*objectname) [55ms]
2023-03-08 05:58:15.260 [info] > git status -z -uall [298ms]
2023-03-08 05:58:15.260 [info] > git for-each-ref --format=%(refname)%00%(upstream:short)%00%(objectname)%00%(upstream:track)%00%(upstream:remotename)%00%(upstream:remoteref) refs/heads/master refs/remotes/master [23ms]
2023-03-08 05:58:15.275 [info] > git for-each-ref --sort -committerdate --format %(refname) %(objectname) %(*objectname) [61ms]
2023-03-08 05:58:15.277 [info] > git status -z -uall [71ms]
2023-03-08 05:58:15.277 [info] > git status -z -uall [9ms]
2023-03-08 05:58:15.277 [info] > git for-each-ref --sort -committerdate --format %(refname) %(objectname) %(*objectname) [2ms]
2023-03-08 05:58:15.291 [info] > git for-each-ref --format=%(refname)%00%(upstream:short)%00%(objectname)%00%(upstream:track)%00%(upstream:remotename)%00%(upstream:remoteref) refs/heads/master refs/remotes/master [46ms]
2023-03-08 05:58:15.449 [info] > git status -z -uall [151ms]
2023-03-08 05:58:15.449 [info] > git for-each-ref --sort -committerdate --format %(refname) %(objectname) %(*objectname) [143ms]
2023-03-08 06:01:15.437 [info] > git fetch [4ms]
2023-03-08 06:01:15.452 [info] > git config --get commit.template [1ms]
2023-03-08 06:01:15.467 [info] > git fetch [207ms]
2023-03-08 06:01:15.479 [info] No remotes found in the git config file.
2023-03-08 06:01:15.490 [info] > git config --get commit.template [1ms]
2023-03-08 06:01:15.490 [info] > git for-each-ref --format=%(refname)%00%(upstream:short)%00%(objectname)%00%(upstream:track)%00%(upstream:remotename)%00%(upstream:remoteref) refs/heads/master refs/remotes/master [12ms]
2023-03-08 06:01:15.524 [info] > git fetch [225ms]
2023-03-08 06:01:15.561 [info] > git for-each-ref --format %(refname) %(objectname) %(*objectname) refs/tags [18ms]
2023-03-08 06:01:15.587 [info] > git fetch [278ms]
2023-03-08 06:01:15.588 [info] > git for-each-ref --sort -committerdate --format %(refname) %(objectname) %(*objectname) [66ms]
2023-03-08 06:01:15.619 [info] > git status -z -uall [48ms]
2023-03-08 06:01:15.620 [info] > git config --get commit.template [60ms]
2023-03-08 06:01:15.632 [info] > git for-each-ref --sort -committerdate --format %(refname) %(objectname) %(*objectname) [46ms]
2023-03-08 06:01:15.635 [info] > git config --get commit.template [17ms]
2023-03-08 06:01:15.646 [info] > git for-each-ref --format=%(refname)%00%(upstream:short)%00%(objectname)%00%(upstream:track)%00%(upstream:remotename)%00%(upstream:remoteref) refs/heads/master refs/remotes/master [15ms]
2023-03-08 06:01:15.666 [info] > git status -z -uall [11ms]
2023-03-08 06:01:15.667 [info] > git for-each-ref --format=%(refname)%00%(upstream:short)%00%(objectname)%00%(upstream:track)%00%(upstream:remotename)%00%(upstream:remoteref) refs/heads/development refs/remotes/development [22ms]
2023-03-08 06:01:15.705 [info] > git status -z -uall [208ms]
2023-03-08 06:01:15.705 [info] > git for-each-ref --sort -committerdate --format %(refname) %(objectname) %(*objectname) [40ms]
2023-03-08 06:01:15.711 [info] > git for-each-ref --sort -committerdate --format %(refname) %(objectname) %(*objectname) [30ms]
2023-03-08 06:01:15.715 [info] > git fetch [247ms]
2023-03-08 06:01:15.896 [info] > git status -z -uall [222ms]
2023-03-08 06:01:17.016 [info] > git config --get commit.template [1121ms]
2023-03-08 06:01:17.054 [info] > git for-each-ref --format=%(refname)%00%(upstream:short)%00%(objectname)%00%(upstream:track)%00%(upstream:remotename)%00%(upstream:remoteref) refs/heads/master refs/remotes/master [16ms]
2023-03-08 06:01:17.087 [info] > git status -z -uall [21ms]
2023-03-08 06:01:17.098 [info] > git for-each-ref --sort -committerdate --format %(refname) %(objectname) %(*objectname) [22ms]
