2023-03-06 18:54:21.533 [info] Extension host with pid 39575 started
2023-03-06 18:54:21.556 [info] Lock '/home/ubuntu/.vscode-server/data/User/workspaceStorage/681d555667375890690223c293ce9803/vscode.lock': Lock acquired.
2023-03-06 18:54:21.852 [info] ExtensionService#_doActivateExtension vscode.emmet, startup: false, activationEvent: 'onLanguage'
2023-03-06 18:54:21.853 [info] ExtensionService#_doActivateExtension vscode.git-base, startup: true, activationEvent: '*'
2023-03-06 18:54:22.192 [info] ExtensionService#_doActivateExtension vscode.github, startup: true, activationEvent: '*'
2023-03-06 18:54:22.487 [info] ExtensionService#_doActivateExtension vscode.debug-auto-launch, startup: false, activationEvent: 'onStartupFinished'
2023-03-06 18:54:22.488 [info] ExtensionService#_doActivateExtension vscode.merge-conflict, startup: false, activationEvent: 'onStartupFinished'
2023-03-06 18:54:22.488 [info] Eager extensions activated
2023-03-06 18:54:22.663 [info] ExtensionService#_doActivateExtension vscode.git, startup: false, activationEvent: 'api', root cause: vscode.github
2023-03-06 18:54:24.111 [warning] [Decorations] CAPPING events from decorations provider vscode.git 7523
2023-03-06 18:54:27.346 [warning] [Decorations] CAPPING events from decorations provider vscode.git 7524
2023-03-06 18:54:55.544 [warning] [Decorations] CAPPING events from decorations provider vscode.git 7525
2023-03-06 18:56:51.309 [warning] [Decorations] CAPPING events from decorations provider vscode.git 7525
2023-03-06 18:58:55.042 [warning] [Decorations] CAPPING events from decorations provider vscode.git 7524
2023-03-06 18:58:57.544 [warning] [Decorations] CAPPING events from decorations provider vscode.git 7524
2023-03-06 18:59:19.669 [warning] [Decorations] CAPPING events from decorations provider vscode.git 7524
2023-03-06 18:59:22.722 [info] ExtensionService#_doActivateExtension vscode.typescript-language-features, startup: false, activationEvent: 'onLanguage:javascriptreact'
2023-03-06 18:59:26.344 [warning] [Decorations] CAPPING events from decorations provider vscode.git 7528
2023-03-06 18:59:31.691 [warning] [Decorations] CAPPING events from decorations provider vscode.git 7535
2023-03-06 18:59:37.126 [warning] [Decorations] CAPPING events from decorations provider vscode.git 7596
2023-03-06 18:59:48.564 [warning] [Decorations] CAPPING events from decorations provider vscode.git 7596
2023-03-06 18:59:53.813 [warning] [Decorations] CAPPING events from decorations provider vscode.git 7597
2023-03-06 19:00:31.373 [warning] [Decorations] CAPPING events from decorations provider vscode.git 7598
2023-03-06 19:00:39.132 [warning] [Decorations] CAPPING events from decorations provider vscode.git 7598
2023-03-06 19:00:59.226 [warning] [Decorations] CAPPING events from decorations provider vscode.git 7599
2023-03-06 19:01:05.688 [warning] [Decorations] CAPPING events from decorations provider vscode.git 7599
2023-03-06 19:01:15.771 [warning] [Decorations] CAPPING events from decorations provider vscode.git 7599
2023-03-06 19:01:25.479 [warning] [Decorations] CAPPING events from decorations provider vscode.git 7599
2023-03-06 19:01:31.770 [warning] [Decorations] CAPPING events from decorations provider vscode.git 7600
2023-03-06 19:01:36.999 [warning] [Decorations] CAPPING events from decorations provider vscode.git 7601
2023-03-06 19:01:50.024 [warning] [Decorations] CAPPING events from decorations provider vscode.git 7602
2023-03-06 19:03:08.744 [warning] [Decorations] CAPPING events from decorations provider vscode.git 7602
2023-03-06 19:03:11.419 [warning] [Decorations] CAPPING events from decorations provider vscode.git 7602
2023-03-06 19:06:04.894 [warning] [Decorations] CAPPING events from decorations provider vscode.git 7603
2023-03-06 19:06:09.163 [warning] [Decorations] CAPPING events from decorations provider vscode.git 7604
2023-03-06 19:06:11.048 [warning] [Decorations] CAPPING events from decorations provider vscode.git 7604
2023-03-06 19:08:41.843 [warning] [Decorations] CAPPING events from decorations provider vscode.git 7604
2023-03-06 19:09:09.458 [warning] [Decorations] CAPPING events from decorations provider vscode.git 7604
2023-03-06 19:09:11.808 [warning] [Decorations] CAPPING events from decorations provider vscode.git 7604
2023-03-06 19:10:03.780 [warning] [Decorations] CAPPING events from decorations provider vscode.git 7605
2023-03-06 19:10:09.455 [warning] [Decorations] CAPPING events from decorations provider vscode.git 7606
2023-03-06 19:10:14.840 [warning] [Decorations] CAPPING events from decorations provider vscode.git 7606
2023-03-06 19:10:20.557 [warning] [Decorations] CAPPING events from decorations provider vscode.git 7607
2023-03-06 19:10:25.787 [warning] [Decorations] CAPPING events from decorations provider vscode.git 7607
2023-03-06 19:12:09.740 [warning] [Decorations] CAPPING events from decorations provider vscode.git 7607
2023-03-06 19:12:12.207 [warning] [Decorations] CAPPING events from decorations provider vscode.git 7607
2023-03-06 19:14:08.264 [warning] [Decorations] CAPPING events from decorations provider vscode.git 7608
2023-03-06 19:14:13.900 [warning] [Decorations] CAPPING events from decorations provider vscode.git 7608
2023-03-06 19:14:19.147 [warning] [Decorations] CAPPING events from decorations provider vscode.git 7608
2023-03-06 19:14:55.071 [warning] [Decorations] CAPPING events from decorations provider vscode.git 7608
2023-03-06 19:15:09.983 [warning] [Decorations] CAPPING events from decorations provider vscode.git 7608
2023-03-06 19:15:38.793 [warning] [Decorations] CAPPING events from decorations provider vscode.git 7608
2023-03-06 19:16:02.426 [warning] [Decorations] CAPPING events from decorations provider vscode.git 7609
2023-03-06 19:16:11.936 [warning] [Decorations] CAPPING events from decorations provider vscode.git 7608
2023-03-06 19:16:53.129 [warning] [Decorations] CAPPING events from decorations provider vscode.git 7608
2023-03-06 19:17:20.056 [warning] [Decorations] CAPPING events from decorations provider vscode.git 7609
2023-03-06 19:17:43.238 [warning] [Decorations] CAPPING events from decorations provider vscode.git 7610
2023-03-06 19:18:10.241 [warning] [Decorations] CAPPING events from decorations provider vscode.git 7610
2023-03-06 19:18:12.526 [warning] [Decorations] CAPPING events from decorations provider vscode.git 7610
2023-03-06 19:18:22.098 [warning] [Decorations] CAPPING events from decorations provider vscode.git 7610
2023-03-06 19:18:27.389 [warning] [Decorations] CAPPING events from decorations provider vscode.git 7611
2023-03-06 19:23:01.483 [warning] [Decorations] CAPPING events from decorations provider vscode.git 7610
2023-03-06 19:23:06.400 [warning] [Decorations] CAPPING events from decorations provider vscode.git 7610
2023-03-06 19:24:36.785 [warning] [Decorations] CAPPING events from decorations provider vscode.git 7611
2023-03-06 19:24:42.021 [warning] [Decorations] CAPPING events from decorations provider vscode.git 7611
2023-03-06 19:27:23.671 [warning] [Decorations] CAPPING events from decorations provider vscode.git 7611
2023-03-06 19:27:26.247 [warning] [Decorations] CAPPING events from decorations provider vscode.git 7611
2023-03-06 19:27:40.136 [warning] [Decorations] CAPPING events from decorations provider vscode.git 7612
2023-03-06 19:28:21.142 [warning] [Decorations] CAPPING events from decorations provider vscode.git 7612
2023-03-06 19:29:05.937 [warning] [Decorations] CAPPING events from decorations provider vscode.git 7613
2023-03-06 19:29:11.167 [warning] [Decorations] CAPPING events from decorations provider vscode.git 7613
2023-03-06 19:30:15.012 [warning] [Decorations] CAPPING events from decorations provider vscode.git 7614
2023-03-06 19:30:23.577 [warning] [Decorations] CAPPING events from decorations provider vscode.git 7613
2023-03-06 19:30:25.069 [warning] [Decorations] CAPPING events from decorations provider vscode.git 7613
2023-03-06 19:30:28.835 [warning] [Decorations] CAPPING events from decorations provider vscode.git 7613
2023-03-06 19:31:48.443 [warning] [Decorations] CAPPING events from decorations provider vscode.git 7614
2023-03-06 19:32:41.949 [warning] [Decorations] CAPPING events from decorations provider vscode.git 7614
2023-03-06 19:33:11.236 [warning] [Decorations] CAPPING events from decorations provider vscode.git 7615
2023-03-06 19:33:20.773 [warning] [Decorations] CAPPING events from decorations provider vscode.git 7616
2023-03-06 19:33:25.341 [warning] [Decorations] CAPPING events from decorations provider vscode.git 7616
2023-03-06 19:33:26.818 [warning] [Decorations] CAPPING events from decorations provider vscode.git 7616
2023-03-06 19:33:32.132 [warning] [Decorations] CAPPING events from decorations provider vscode.git 7616
2023-03-06 19:33:37.383 [warning] [Decorations] CAPPING events from decorations provider vscode.git 7616
2023-03-06 19:33:58.715 [warning] [Decorations] CAPPING events from decorations provider vscode.git 7617
2023-03-06 19:34:04.244 [warning] [Decorations] CAPPING events from decorations provider vscode.git 7617
2023-03-06 19:35:06.538 [warning] [Decorations] CAPPING events from decorations provider vscode.git 7618
2023-03-06 19:35:22.745 [warning] [Decorations] CAPPING events from decorations provider vscode.git 7619
2023-03-06 19:35:34.302 [warning] [Decorations] CAPPING events from decorations provider vscode.git 7619
2023-03-06 19:36:25.661 [warning] [Decorations] CAPPING events from decorations provider vscode.git 7619
2023-03-06 19:36:27.983 [warning] [Decorations] CAPPING events from decorations provider vscode.git 7619
2023-03-06 19:37:50.446 [warning] [Decorations] CAPPING events from decorations provider vscode.git 7620
2023-03-06 19:38:18.139 [warning] [Decorations] CAPPING events from decorations provider vscode.git 7620
2023-03-06 19:38:53.822 [warning] [Decorations] CAPPING events from decorations provider vscode.git 7620
2023-03-06 19:39:25.957 [warning] [Decorations] CAPPING events from decorations provider vscode.git 7620
2023-03-06 19:39:28.361 [warning] [Decorations] CAPPING events from decorations provider vscode.git 7620
2023-03-06 19:40:20.214 [warning] [Decorations] CAPPING events from decorations provider vscode.git 7621
2023-03-06 19:40:33.458 [warning] [Decorations] CAPPING events from decorations provider vscode.git 7621
2023-03-06 19:40:49.752 [warning] [Decorations] CAPPING events from decorations provider vscode.git 7622
2023-03-06 19:41:08.746 [warning] [Decorations] CAPPING events from decorations provider vscode.git 7623
2023-03-06 19:41:18.966 [warning] [Decorations] CAPPING events from decorations provider vscode.git 7624
2023-03-06 19:41:37.311 [warning] [Decorations] CAPPING events from decorations provider vscode.git 7625
2023-03-06 19:41:42.562 [warning] [Decorations] CAPPING events from decorations provider vscode.git 7625
2023-03-06 19:42:02.809 [warning] [Decorations] CAPPING events from decorations provider vscode.git 7626
2023-03-06 19:42:08.192 [warning] [Decorations] CAPPING events from decorations provider vscode.git 7626
2023-03-06 19:42:13.519 [warning] [Decorations] CAPPING events from decorations provider vscode.git 7626
2023-03-06 19:42:18.772 [warning] [Decorations] CAPPING events from decorations provider vscode.git 7626
2023-03-06 19:42:46.574 [warning] [Decorations] CAPPING events from decorations provider vscode.git 7626
2023-03-06 19:42:51.376 [warning] [Decorations] CAPPING events from decorations provider vscode.git 7626
2023-03-06 19:45:36.950 [warning] [Decorations] CAPPING events from decorations provider vscode.git 7627
2023-03-06 23:56:37.232 [info] Extension host terminating: renderer disconnected for too long (1)
2023-03-06 23:56:37.233 [info] Lock '/home/ubuntu/.vscode-server/data/User/workspaceStorage/681d555667375890690223c293ce9803/vscode.lock': Marking the lockfile as scheduled to be released in 6000 ms.
2023-03-06 23:56:37.267 [error] Canceled: Canceled
	at new u (/home/ubuntu/.vscode-server/bin/441438abd1ac652551dbe4d408dfcec8a499b8bf/out/vs/workbench/api/node/extensionHostProcess.js:96:88070)
	at l.O (/home/ubuntu/.vscode-server/bin/441438abd1ac652551dbe4d408dfcec8a499b8bf/out/vs/workbench/api/node/extensionHostProcess.js:106:11276)
	at Proxy.V.<computed>.M.charCodeAt.V.<computed> (/home/ubuntu/.vscode-server/bin/441438abd1ac652551dbe4d408dfcec8a499b8bf/out/vs/workbench/api/node/extensionHostProcess.js:106:8557)
	at s.g (/home/ubuntu/.vscode-server/bin/441438abd1ac652551dbe4d408dfcec8a499b8bf/out/vs/workbench/api/node/extensionHostProcess.js:96:107430)
	at s.executeCommand (/home/ubuntu/.vscode-server/bin/441438abd1ac652551dbe4d408dfcec8a499b8bf/out/vs/workbench/api/node/extensionHostProcess.js:96:106806)
	at w.registerCommand.description (/home/ubuntu/.vscode-server/bin/441438abd1ac652551dbe4d408dfcec8a499b8bf/out/vs/workbench/api/node/extensionHostProcess.js:96:106099)
	at s.h (/home/ubuntu/.vscode-server/bin/441438abd1ac652551dbe4d408dfcec8a499b8bf/out/vs/workbench/api/node/extensionHostProcess.js:96:108016)
	at s.g (/home/ubuntu/.vscode-server/bin/441438abd1ac652551dbe4d408dfcec8a499b8bf/out/vs/workbench/api/node/extensionHostProcess.js:96:106906)
	at s.executeCommand (/home/ubuntu/.vscode-server/bin/441438abd1ac652551dbe4d408dfcec8a499b8bf/out/vs/workbench/api/node/extensionHostProcess.js:96:106806)
	at Object.executeCommand (/home/ubuntu/.vscode-server/bin/441438abd1ac652551dbe4d408dfcec8a499b8bf/out/vs/workbench/api/node/extensionHostProcess.js:117:30778)
	at D (/home/ubuntu/.vscode-server/bin/441438abd1ac652551dbe4d408dfcec8a499b8bf/extensions/git/dist/main.js:2:2055373)
	at f.invoke (/home/ubuntu/.vscode-server/bin/441438abd1ac652551dbe4d408dfcec8a499b8bf/out/vs/workbench/api/node/extensionHostProcess.js:63:145)
	at g.deliver (/home/ubuntu/.vscode-server/bin/441438abd1ac652551dbe4d408dfcec8a499b8bf/out/vs/workbench/api/node/extensionHostProcess.js:63:2029)
	at d.fire (/home/ubuntu/.vscode-server/bin/441438abd1ac652551dbe4d408dfcec8a499b8bf/out/vs/workbench/api/node/extensionHostProcess.js:63:1667)
	at Object.h [as dispose] (/home/ubuntu/.vscode-server/bin/441438abd1ac652551dbe4d408dfcec8a499b8bf/extensions/git/dist/main.js:2:2070210)
	at /home/ubuntu/.vscode-server/bin/441438abd1ac652551dbe4d408dfcec8a499b8bf/extensions/git/dist/main.js:2:2074277
	at Array.forEach (<anonymous>)
	at g.dispose (/home/ubuntu/.vscode-server/bin/441438abd1ac652551dbe4d408dfcec8a499b8bf/extensions/git/dist/main.js:2:2074263)
	at C.<anonymous> (/home/ubuntu/.vscode-server/bin/441438abd1ac652551dbe4d408dfcec8a499b8bf/out/vs/workbench/api/node/extensionHostProcess.js:94:12431)
	at C.dispose (/home/ubuntu/.vscode-server/bin/441438abd1ac652551dbe4d408dfcec8a499b8bf/out/vs/workbench/api/node/extensionHostProcess.js:94:12566)
	at C.<anonymous> (/home/ubuntu/.vscode-server/bin/441438abd1ac652551dbe4d408dfcec8a499b8bf/extensions/git/dist/main.js:2:2057503)
	at C.dispose (/home/ubuntu/.vscode-server/bin/441438abd1ac652551dbe4d408dfcec8a499b8bf/out/vs/workbench/api/node/extensionHostProcess.js:94:12566)
	at T (/home/ubuntu/.vscode-server/bin/441438abd1ac652551dbe4d408dfcec8a499b8bf/out/vs/workbench/api/node/extensionHostProcess.js:10:12072)
	at f.X (/home/ubuntu/.vscode-server/bin/441438abd1ac652551dbe4d408dfcec8a499b8bf/out/vs/workbench/api/node/extensionHostProcess.js:108:11242)
	at /home/ubuntu/.vscode-server/bin/441438abd1ac652551dbe4d408dfcec8a499b8bf/out/vs/workbench/api/node/extensionHostProcess.js:108:9037
	at Array.map (<anonymous>)
	at f.Q (/home/ubuntu/.vscode-server/bin/441438abd1ac652551dbe4d408dfcec8a499b8bf/out/vs/workbench/api/node/extensionHostProcess.js:108:9024)
	at f.terminate (/home/ubuntu/.vscode-server/bin/441438abd1ac652551dbe4d408dfcec8a499b8bf/out/vs/workbench/api/node/extensionHostProcess.js:108:9298)
	at h.terminate (/home/ubuntu/.vscode-server/bin/441438abd1ac652551dbe4d408dfcec8a499b8bf/out/vs/workbench/api/node/extensionHostProcess.js:112:1397)
	at p (/home/ubuntu/.vscode-server/bin/441438abd1ac652551dbe4d408dfcec8a499b8bf/out/vs/workbench/api/node/extensionHostProcess.js:122:17851)
	at M.a (/home/ubuntu/.vscode-server/bin/441438abd1ac652551dbe4d408dfcec8a499b8bf/out/vs/workbench/api/node/extensionHostProcess.js:122:14319)
	at M.h (/home/ubuntu/.vscode-server/bin/441438abd1ac652551dbe4d408dfcec8a499b8bf/out/vs/workbench/api/node/extensionHostProcess.js:66:46705)
	at listOnTimeout (node:internal/timers:559:17)
	at processTimers (node:internal/timers:502:7) setContext undefined
2023-03-06 23:56:37.268 [error] Canceled: Canceled
	at new u (/home/ubuntu/.vscode-server/bin/441438abd1ac652551dbe4d408dfcec8a499b8bf/out/vs/workbench/api/node/extensionHostProcess.js:96:88070)
	at l.O (/home/ubuntu/.vscode-server/bin/441438abd1ac652551dbe4d408dfcec8a499b8bf/out/vs/workbench/api/node/extensionHostProcess.js:106:11276)
	at Proxy.V.<computed>.M.charCodeAt.V.<computed> (/home/ubuntu/.vscode-server/bin/441438abd1ac652551dbe4d408dfcec8a499b8bf/out/vs/workbench/api/node/extensionHostProcess.js:106:8557)
	at s.g (/home/ubuntu/.vscode-server/bin/441438abd1ac652551dbe4d408dfcec8a499b8bf/out/vs/workbench/api/node/extensionHostProcess.js:96:107430)
	at s.executeCommand (/home/ubuntu/.vscode-server/bin/441438abd1ac652551dbe4d408dfcec8a499b8bf/out/vs/workbench/api/node/extensionHostProcess.js:96:106806)
	at w.registerCommand.description (/home/ubuntu/.vscode-server/bin/441438abd1ac652551dbe4d408dfcec8a499b8bf/out/vs/workbench/api/node/extensionHostProcess.js:96:106099)
	at s.h (/home/ubuntu/.vscode-server/bin/441438abd1ac652551dbe4d408dfcec8a499b8bf/out/vs/workbench/api/node/extensionHostProcess.js:96:108016)
	at s.g (/home/ubuntu/.vscode-server/bin/441438abd1ac652551dbe4d408dfcec8a499b8bf/out/vs/workbench/api/node/extensionHostProcess.js:96:106906)
	at s.executeCommand (/home/ubuntu/.vscode-server/bin/441438abd1ac652551dbe4d408dfcec8a499b8bf/out/vs/workbench/api/node/extensionHostProcess.js:96:106806)
	at Object.executeCommand (/home/ubuntu/.vscode-server/bin/441438abd1ac652551dbe4d408dfcec8a499b8bf/out/vs/workbench/api/node/extensionHostProcess.js:117:30778)
	at D (/home/ubuntu/.vscode-server/bin/441438abd1ac652551dbe4d408dfcec8a499b8bf/extensions/git/dist/main.js:2:2055373)
	at f.invoke (/home/ubuntu/.vscode-server/bin/441438abd1ac652551dbe4d408dfcec8a499b8bf/out/vs/workbench/api/node/extensionHostProcess.js:63:145)
	at g.deliver (/home/ubuntu/.vscode-server/bin/441438abd1ac652551dbe4d408dfcec8a499b8bf/out/vs/workbench/api/node/extensionHostProcess.js:63:2029)
	at d.fire (/home/ubuntu/.vscode-server/bin/441438abd1ac652551dbe4d408dfcec8a499b8bf/out/vs/workbench/api/node/extensionHostProcess.js:63:1667)
	at Object.h [as dispose] (/home/ubuntu/.vscode-server/bin/441438abd1ac652551dbe4d408dfcec8a499b8bf/extensions/git/dist/main.js:2:2070210)
	at /home/ubuntu/.vscode-server/bin/441438abd1ac652551dbe4d408dfcec8a499b8bf/extensions/git/dist/main.js:2:2074277
	at Array.forEach (<anonymous>)
	at g.dispose (/home/ubuntu/.vscode-server/bin/441438abd1ac652551dbe4d408dfcec8a499b8bf/extensions/git/dist/main.js:2:2074263)
	at C.<anonymous> (/home/ubuntu/.vscode-server/bin/441438abd1ac652551dbe4d408dfcec8a499b8bf/out/vs/workbench/api/node/extensionHostProcess.js:94:12431)
	at C.dispose (/home/ubuntu/.vscode-server/bin/441438abd1ac652551dbe4d408dfcec8a499b8bf/out/vs/workbench/api/node/extensionHostProcess.js:94:12566)
	at C.<anonymous> (/home/ubuntu/.vscode-server/bin/441438abd1ac652551dbe4d408dfcec8a499b8bf/extensions/git/dist/main.js:2:2057503)
	at C.dispose (/home/ubuntu/.vscode-server/bin/441438abd1ac652551dbe4d408dfcec8a499b8bf/out/vs/workbench/api/node/extensionHostProcess.js:94:12566)
	at T (/home/ubuntu/.vscode-server/bin/441438abd1ac652551dbe4d408dfcec8a499b8bf/out/vs/workbench/api/node/extensionHostProcess.js:10:12072)
	at f.X (/home/ubuntu/.vscode-server/bin/441438abd1ac652551dbe4d408dfcec8a499b8bf/out/vs/workbench/api/node/extensionHostProcess.js:108:11242)
	at /home/ubuntu/.vscode-server/bin/441438abd1ac652551dbe4d408dfcec8a499b8bf/out/vs/workbench/api/node/extensionHostProcess.js:108:9037
	at Array.map (<anonymous>)
	at f.Q (/home/ubuntu/.vscode-server/bin/441438abd1ac652551dbe4d408dfcec8a499b8bf/out/vs/workbench/api/node/extensionHostProcess.js:108:9024)
	at f.terminate (/home/ubuntu/.vscode-server/bin/441438abd1ac652551dbe4d408dfcec8a499b8bf/out/vs/workbench/api/node/extensionHostProcess.js:108:9298)
	at h.terminate (/home/ubuntu/.vscode-server/bin/441438abd1ac652551dbe4d408dfcec8a499b8bf/out/vs/workbench/api/node/extensionHostProcess.js:112:1397)
	at p (/home/ubuntu/.vscode-server/bin/441438abd1ac652551dbe4d408dfcec8a499b8bf/out/vs/workbench/api/node/extensionHostProcess.js:122:17851)
	at M.a (/home/ubuntu/.vscode-server/bin/441438abd1ac652551dbe4d408dfcec8a499b8bf/out/vs/workbench/api/node/extensionHostProcess.js:122:14319)
	at M.h (/home/ubuntu/.vscode-server/bin/441438abd1ac652551dbe4d408dfcec8a499b8bf/out/vs/workbench/api/node/extensionHostProcess.js:66:46705)
	at listOnTimeout (node:internal/timers:559:17)
	at processTimers (node:internal/timers:502:7) setContext undefined
2023-03-06 23:56:37.268 [error] Canceled: Canceled
	at new u (/home/ubuntu/.vscode-server/bin/441438abd1ac652551dbe4d408dfcec8a499b8bf/out/vs/workbench/api/node/extensionHostProcess.js:96:88070)
	at l.O (/home/ubuntu/.vscode-server/bin/441438abd1ac652551dbe4d408dfcec8a499b8bf/out/vs/workbench/api/node/extensionHostProcess.js:106:11276)
	at Proxy.V.<computed>.M.charCodeAt.V.<computed> (/home/ubuntu/.vscode-server/bin/441438abd1ac652551dbe4d408dfcec8a499b8bf/out/vs/workbench/api/node/extensionHostProcess.js:106:8557)
	at s.g (/home/ubuntu/.vscode-server/bin/441438abd1ac652551dbe4d408dfcec8a499b8bf/out/vs/workbench/api/node/extensionHostProcess.js:96:107430)
	at s.executeCommand (/home/ubuntu/.vscode-server/bin/441438abd1ac652551dbe4d408dfcec8a499b8bf/out/vs/workbench/api/node/extensionHostProcess.js:96:106806)
	at w.registerCommand.description (/home/ubuntu/.vscode-server/bin/441438abd1ac652551dbe4d408dfcec8a499b8bf/out/vs/workbench/api/node/extensionHostProcess.js:96:106099)
	at s.h (/home/ubuntu/.vscode-server/bin/441438abd1ac652551dbe4d408dfcec8a499b8bf/out/vs/workbench/api/node/extensionHostProcess.js:96:108016)
	at s.g (/home/ubuntu/.vscode-server/bin/441438abd1ac652551dbe4d408dfcec8a499b8bf/out/vs/workbench/api/node/extensionHostProcess.js:96:106906)
	at s.executeCommand (/home/ubuntu/.vscode-server/bin/441438abd1ac652551dbe4d408dfcec8a499b8bf/out/vs/workbench/api/node/extensionHostProcess.js:96:106806)
	at Object.executeCommand (/home/ubuntu/.vscode-server/bin/441438abd1ac652551dbe4d408dfcec8a499b8bf/out/vs/workbench/api/node/extensionHostProcess.js:117:30778)
	at D (/home/ubuntu/.vscode-server/bin/441438abd1ac652551dbe4d408dfcec8a499b8bf/extensions/git/dist/main.js:2:2055373)
	at f.invoke (/home/ubuntu/.vscode-server/bin/441438abd1ac652551dbe4d408dfcec8a499b8bf/out/vs/workbench/api/node/extensionHostProcess.js:63:145)
	at g.deliver (/home/ubuntu/.vscode-server/bin/441438abd1ac652551dbe4d408dfcec8a499b8bf/out/vs/workbench/api/node/extensionHostProcess.js:63:2029)
	at d.fire (/home/ubuntu/.vscode-server/bin/441438abd1ac652551dbe4d408dfcec8a499b8bf/out/vs/workbench/api/node/extensionHostProcess.js:63:1667)
	at Object.h [as dispose] (/home/ubuntu/.vscode-server/bin/441438abd1ac652551dbe4d408dfcec8a499b8bf/extensions/git/dist/main.js:2:2070210)
	at /home/ubuntu/.vscode-server/bin/441438abd1ac652551dbe4d408dfcec8a499b8bf/extensions/git/dist/main.js:2:2074277
	at Array.forEach (<anonymous>)
	at g.dispose (/home/ubuntu/.vscode-server/bin/441438abd1ac652551dbe4d408dfcec8a499b8bf/extensions/git/dist/main.js:2:2074263)
	at C.<anonymous> (/home/ubuntu/.vscode-server/bin/441438abd1ac652551dbe4d408dfcec8a499b8bf/out/vs/workbench/api/node/extensionHostProcess.js:94:12431)
	at C.dispose (/home/ubuntu/.vscode-server/bin/441438abd1ac652551dbe4d408dfcec8a499b8bf/out/vs/workbench/api/node/extensionHostProcess.js:94:12566)
	at C.<anonymous> (/home/ubuntu/.vscode-server/bin/441438abd1ac652551dbe4d408dfcec8a499b8bf/extensions/git/dist/main.js:2:2057503)
	at C.dispose (/home/ubuntu/.vscode-server/bin/441438abd1ac652551dbe4d408dfcec8a499b8bf/out/vs/workbench/api/node/extensionHostProcess.js:94:12566)
	at T (/home/ubuntu/.vscode-server/bin/441438abd1ac652551dbe4d408dfcec8a499b8bf/out/vs/workbench/api/node/extensionHostProcess.js:10:12072)
	at f.X (/home/ubuntu/.vscode-server/bin/441438abd1ac652551dbe4d408dfcec8a499b8bf/out/vs/workbench/api/node/extensionHostProcess.js:108:11242)
	at /home/ubuntu/.vscode-server/bin/441438abd1ac652551dbe4d408dfcec8a499b8bf/out/vs/workbench/api/node/extensionHostProcess.js:108:9037
	at Array.map (<anonymous>)
	at f.Q (/home/ubuntu/.vscode-server/bin/441438abd1ac652551dbe4d408dfcec8a499b8bf/out/vs/workbench/api/node/extensionHostProcess.js:108:9024)
	at f.terminate (/home/ubuntu/.vscode-server/bin/441438abd1ac652551dbe4d408dfcec8a499b8bf/out/vs/workbench/api/node/extensionHostProcess.js:108:9298)
	at h.terminate (/home/ubuntu/.vscode-server/bin/441438abd1ac652551dbe4d408dfcec8a499b8bf/out/vs/workbench/api/node/extensionHostProcess.js:112:1397)
	at p (/home/ubuntu/.vscode-server/bin/441438abd1ac652551dbe4d408dfcec8a499b8bf/out/vs/workbench/api/node/extensionHostProcess.js:122:17851)
	at M.a (/home/ubuntu/.vscode-server/bin/441438abd1ac652551dbe4d408dfcec8a499b8bf/out/vs/workbench/api/node/extensionHostProcess.js:122:14319)
	at M.h (/home/ubuntu/.vscode-server/bin/441438abd1ac652551dbe4d408dfcec8a499b8bf/out/vs/workbench/api/node/extensionHostProcess.js:66:46705)
	at listOnTimeout (node:internal/timers:559:17)
	at processTimers (node:internal/timers:502:7) setContext undefined
2023-03-06 23:56:37.268 [error] Canceled: Canceled
	at new u (/home/ubuntu/.vscode-server/bin/441438abd1ac652551dbe4d408dfcec8a499b8bf/out/vs/workbench/api/node/extensionHostProcess.js:96:88070)
	at l.O (/home/ubuntu/.vscode-server/bin/441438abd1ac652551dbe4d408dfcec8a499b8bf/out/vs/workbench/api/node/extensionHostProcess.js:106:11276)
	at Proxy.V.<computed>.M.charCodeAt.V.<computed> (/home/ubuntu/.vscode-server/bin/441438abd1ac652551dbe4d408dfcec8a499b8bf/out/vs/workbench/api/node/extensionHostProcess.js:106:8557)
	at s.g (/home/ubuntu/.vscode-server/bin/441438abd1ac652551dbe4d408dfcec8a499b8bf/out/vs/workbench/api/node/extensionHostProcess.js:96:107430)
	at s.executeCommand (/home/ubuntu/.vscode-server/bin/441438abd1ac652551dbe4d408dfcec8a499b8bf/out/vs/workbench/api/node/extensionHostProcess.js:96:106806)
	at w.registerCommand.description (/home/ubuntu/.vscode-server/bin/441438abd1ac652551dbe4d408dfcec8a499b8bf/out/vs/workbench/api/node/extensionHostProcess.js:96:106099)
	at s.h (/home/ubuntu/.vscode-server/bin/441438abd1ac652551dbe4d408dfcec8a499b8bf/out/vs/workbench/api/node/extensionHostProcess.js:96:108016)
	at s.g (/home/ubuntu/.vscode-server/bin/441438abd1ac652551dbe4d408dfcec8a499b8bf/out/vs/workbench/api/node/extensionHostProcess.js:96:106906)
	at s.executeCommand (/home/ubuntu/.vscode-server/bin/441438abd1ac652551dbe4d408dfcec8a499b8bf/out/vs/workbench/api/node/extensionHostProcess.js:96:106806)
	at Object.executeCommand (/home/ubuntu/.vscode-server/bin/441438abd1ac652551dbe4d408dfcec8a499b8bf/out/vs/workbench/api/node/extensionHostProcess.js:117:30778)
	at D (/home/ubuntu/.vscode-server/bin/441438abd1ac652551dbe4d408dfcec8a499b8bf/extensions/git/dist/main.js:2:2055373)
	at f.invoke (/home/ubuntu/.vscode-server/bin/441438abd1ac652551dbe4d408dfcec8a499b8bf/out/vs/workbench/api/node/extensionHostProcess.js:63:145)
	at g.deliver (/home/ubuntu/.vscode-server/bin/441438abd1ac652551dbe4d408dfcec8a499b8bf/out/vs/workbench/api/node/extensionHostProcess.js:63:2029)
	at d.fire (/home/ubuntu/.vscode-server/bin/441438abd1ac652551dbe4d408dfcec8a499b8bf/out/vs/workbench/api/node/extensionHostProcess.js:63:1667)
	at Object.h [as dispose] (/home/ubuntu/.vscode-server/bin/441438abd1ac652551dbe4d408dfcec8a499b8bf/extensions/git/dist/main.js:2:2070210)
	at /home/ubuntu/.vscode-server/bin/441438abd1ac652551dbe4d408dfcec8a499b8bf/extensions/git/dist/main.js:2:2074277
	at Array.forEach (<anonymous>)
	at g.dispose (/home/ubuntu/.vscode-server/bin/441438abd1ac652551dbe4d408dfcec8a499b8bf/extensions/git/dist/main.js:2:2074263)
	at C.<anonymous> (/home/ubuntu/.vscode-server/bin/441438abd1ac652551dbe4d408dfcec8a499b8bf/out/vs/workbench/api/node/extensionHostProcess.js:94:12431)
	at C.dispose (/home/ubuntu/.vscode-server/bin/441438abd1ac652551dbe4d408dfcec8a499b8bf/out/vs/workbench/api/node/extensionHostProcess.js:94:12566)
	at C.<anonymous> (/home/ubuntu/.vscode-server/bin/441438abd1ac652551dbe4d408dfcec8a499b8bf/extensions/git/dist/main.js:2:2057503)
	at C.dispose (/home/ubuntu/.vscode-server/bin/441438abd1ac652551dbe4d408dfcec8a499b8bf/out/vs/workbench/api/node/extensionHostProcess.js:94:12566)
	at T (/home/ubuntu/.vscode-server/bin/441438abd1ac652551dbe4d408dfcec8a499b8bf/out/vs/workbench/api/node/extensionHostProcess.js:10:12072)
	at f.X (/home/ubuntu/.vscode-server/bin/441438abd1ac652551dbe4d408dfcec8a499b8bf/out/vs/workbench/api/node/extensionHostProcess.js:108:11242)
	at /home/ubuntu/.vscode-server/bin/441438abd1ac652551dbe4d408dfcec8a499b8bf/out/vs/workbench/api/node/extensionHostProcess.js:108:9037
	at Array.map (<anonymous>)
	at f.Q (/home/ubuntu/.vscode-server/bin/441438abd1ac652551dbe4d408dfcec8a499b8bf/out/vs/workbench/api/node/extensionHostProcess.js:108:9024)
	at f.terminate (/home/ubuntu/.vscode-server/bin/441438abd1ac652551dbe4d408dfcec8a499b8bf/out/vs/workbench/api/node/extensionHostProcess.js:108:9298)
	at h.terminate (/home/ubuntu/.vscode-server/bin/441438abd1ac652551dbe4d408dfcec8a499b8bf/out/vs/workbench/api/node/extensionHostProcess.js:112:1397)
	at p (/home/ubuntu/.vscode-server/bin/441438abd1ac652551dbe4d408dfcec8a499b8bf/out/vs/workbench/api/node/extensionHostProcess.js:122:17851)
	at M.a (/home/ubuntu/.vscode-server/bin/441438abd1ac652551dbe4d408dfcec8a499b8bf/out/vs/workbench/api/node/extensionHostProcess.js:122:14319)
	at M.h (/home/ubuntu/.vscode-server/bin/441438abd1ac652551dbe4d408dfcec8a499b8bf/out/vs/workbench/api/node/extensionHostProcess.js:66:46705)
	at listOnTimeout (node:internal/timers:559:17)
	at processTimers (node:internal/timers:502:7) setContext undefined
2023-03-06 23:56:37.268 [error] Canceled: Canceled
	at new u (/home/ubuntu/.vscode-server/bin/441438abd1ac652551dbe4d408dfcec8a499b8bf/out/vs/workbench/api/node/extensionHostProcess.js:96:88070)
	at l.O (/home/ubuntu/.vscode-server/bin/441438abd1ac652551dbe4d408dfcec8a499b8bf/out/vs/workbench/api/node/extensionHostProcess.js:106:11276)
	at Proxy.V.<computed>.M.charCodeAt.V.<computed> (/home/ubuntu/.vscode-server/bin/441438abd1ac652551dbe4d408dfcec8a499b8bf/out/vs/workbench/api/node/extensionHostProcess.js:106:8557)
	at s.g (/home/ubuntu/.vscode-server/bin/441438abd1ac652551dbe4d408dfcec8a499b8bf/out/vs/workbench/api/node/extensionHostProcess.js:96:107430)
	at s.executeCommand (/home/ubuntu/.vscode-server/bin/441438abd1ac652551dbe4d408dfcec8a499b8bf/out/vs/workbench/api/node/extensionHostProcess.js:96:106806)
	at w.registerCommand.description (/home/ubuntu/.vscode-server/bin/441438abd1ac652551dbe4d408dfcec8a499b8bf/out/vs/workbench/api/node/extensionHostProcess.js:96:106099)
	at s.h (/home/ubuntu/.vscode-server/bin/441438abd1ac652551dbe4d408dfcec8a499b8bf/out/vs/workbench/api/node/extensionHostProcess.js:96:108016)
	at s.g (/home/ubuntu/.vscode-server/bin/441438abd1ac652551dbe4d408dfcec8a499b8bf/out/vs/workbench/api/node/extensionHostProcess.js:96:106906)
	at s.executeCommand (/home/ubuntu/.vscode-server/bin/441438abd1ac652551dbe4d408dfcec8a499b8bf/out/vs/workbench/api/node/extensionHostProcess.js:96:106806)
	at Object.executeCommand (/home/ubuntu/.vscode-server/bin/441438abd1ac652551dbe4d408dfcec8a499b8bf/out/vs/workbench/api/node/extensionHostProcess.js:117:30778)
	at D (/home/ubuntu/.vscode-server/bin/441438abd1ac652551dbe4d408dfcec8a499b8bf/extensions/git/dist/main.js:2:2055373)
	at f.invoke (/home/ubuntu/.vscode-server/bin/441438abd1ac652551dbe4d408dfcec8a499b8bf/out/vs/workbench/api/node/extensionHostProcess.js:63:145)
	at g.deliver (/home/ubuntu/.vscode-server/bin/441438abd1ac652551dbe4d408dfcec8a499b8bf/out/vs/workbench/api/node/extensionHostProcess.js:63:2029)
	at d.fire (/home/ubuntu/.vscode-server/bin/441438abd1ac652551dbe4d408dfcec8a499b8bf/out/vs/workbench/api/node/extensionHostProcess.js:63:1667)
	at Object.h [as dispose] (/home/ubuntu/.vscode-server/bin/441438abd1ac652551dbe4d408dfcec8a499b8bf/extensions/git/dist/main.js:2:2070210)
	at /home/ubuntu/.vscode-server/bin/441438abd1ac652551dbe4d408dfcec8a499b8bf/extensions/git/dist/main.js:2:2074277
	at Array.forEach (<anonymous>)
	at g.dispose (/home/ubuntu/.vscode-server/bin/441438abd1ac652551dbe4d408dfcec8a499b8bf/extensions/git/dist/main.js:2:2074263)
	at C.<anonymous> (/home/ubuntu/.vscode-server/bin/441438abd1ac652551dbe4d408dfcec8a499b8bf/out/vs/workbench/api/node/extensionHostProcess.js:94:12431)
	at C.dispose (/home/ubuntu/.vscode-server/bin/441438abd1ac652551dbe4d408dfcec8a499b8bf/out/vs/workbench/api/node/extensionHostProcess.js:94:12566)
	at C.<anonymous> (/home/ubuntu/.vscode-server/bin/441438abd1ac652551dbe4d408dfcec8a499b8bf/extensions/git/dist/main.js:2:2057503)
	at C.dispose (/home/ubuntu/.vscode-server/bin/441438abd1ac652551dbe4d408dfcec8a499b8bf/out/vs/workbench/api/node/extensionHostProcess.js:94:12566)
	at T (/home/ubuntu/.vscode-server/bin/441438abd1ac652551dbe4d408dfcec8a499b8bf/out/vs/workbench/api/node/extensionHostProcess.js:10:12072)
	at f.X (/home/ubuntu/.vscode-server/bin/441438abd1ac652551dbe4d408dfcec8a499b8bf/out/vs/workbench/api/node/extensionHostProcess.js:108:11242)
	at /home/ubuntu/.vscode-server/bin/441438abd1ac652551dbe4d408dfcec8a499b8bf/out/vs/workbench/api/node/extensionHostProcess.js:108:9037
	at Array.map (<anonymous>)
	at f.Q (/home/ubuntu/.vscode-server/bin/441438abd1ac652551dbe4d408dfcec8a499b8bf/out/vs/workbench/api/node/extensionHostProcess.js:108:9024)
	at f.terminate (/home/ubuntu/.vscode-server/bin/441438abd1ac652551dbe4d408dfcec8a499b8bf/out/vs/workbench/api/node/extensionHostProcess.js:108:9298)
	at h.terminate (/home/ubuntu/.vscode-server/bin/441438abd1ac652551dbe4d408dfcec8a499b8bf/out/vs/workbench/api/node/extensionHostProcess.js:112:1397)
	at p (/home/ubuntu/.vscode-server/bin/441438abd1ac652551dbe4d408dfcec8a499b8bf/out/vs/workbench/api/node/extensionHostProcess.js:122:17851)
	at M.a (/home/ubuntu/.vscode-server/bin/441438abd1ac652551dbe4d408dfcec8a499b8bf/out/vs/workbench/api/node/extensionHostProcess.js:122:14319)
	at M.h (/home/ubuntu/.vscode-server/bin/441438abd1ac652551dbe4d408dfcec8a499b8bf/out/vs/workbench/api/node/extensionHostProcess.js:66:46705)
	at listOnTimeout (node:internal/timers:559:17)
	at processTimers (node:internal/timers:502:7) setContext undefined
2023-03-06 23:56:37.269 [info] Extension host with pid 39575 exiting with code 0
